Advanced Geosciences Inc. (AGI) Sting/SuperSting measured data (*.stg)   Type: XYZ
A trimmed data set by AGI EarthImager 2D. Version: 2.4.4 (Build 649). Records: 74
Raw data file: C:\AGI\EarthImager2D\Demo\toy-14-dd\trial5\toy-14-dd_trial5\trial2\toy-14-dd_trial5_trial2.stg

Number of Data = 74
Number of Electrodes = 14
Number of Surface Electrodes = 14
Number of IP Data = 0

Processing starts at 2025-09-24 15:48:16

;------ SETTINGS ------

Minimum Voltage (mv) = 0.2
Minimum V/I (ohm) = 0.0005
Minimum apparent resistivity (ohm-m)  = 1
Maximum apparent resistivity (ohm-m)  = 10000
Maximum repeat error (%)  = 2
Maximum reciprocal error (%)  = 2
Remove negative apparent resistivity in ERT data: Yes
Keep All Data (no data removal): No
Inversion Method:  Robust inversion
Vertical axis:  Positive Upward
Y Coordinate =  Depth
Min electrode spacing X (m)  = 0.003
Min electrode spacing Z (m)  = 0.003
Forward Modeling Method:  Finite element method
Forward system solver:  Cholesky decomposition method
Boundary condition type:  Dirichlet
Number cells or elements betwenn two electrodes = 2
Lower-layer-thickness / Upper-layer-thickness =  1.1
Depth of Inverted Model / Depth of Pseudosection =  1.1
Max number of iteration of nonlinear inversion = 20
Stop RMS error = 2%
Mininum error reduction between two iterations = 2%
Stop at Max number of iterations: Yes
Stop when RMS is small enough: No
Stop when RMS can not be reduced: No
Res Data reweighting: No
Use Reciprocal Error: No
Stop when L2 norm is small enough: Yes
Initial smoothness factor = 10
Roughness conditioner = 0.2
Starting model: Avg AppRes.
Start halfspace resistivity = 147.92 ohm-m
Minimum resistivity =        1.0 ohm-m
Maximum resistivity =   100000.0 ohm-m
Number of elements combined horizontally = 1
Number of elements combined verically = 1
Vertical / Horizontal roughness ratio = 0.5
Estimated noise of resistivity data  = 2%
Initial damping factor of resistivity = 10
Robust data conditioner:  1
Robust model conditioner:  1
Starting iteration of quasi Newton method = 20
IP inversion method: No IP Inversion

;------ ELECTRODE LOCATIONS ------

Electrode         X            Y
     0,         0.000,        0.000
     1,         0.999,        0.000
     2,         2.001,        0.000
     3,         3.000,        0.000
     4,         3.999,        0.000
     5,         5.001,        0.000
     6,         6.000,        0.000
     7,         6.999,        0.000
     8,         8.001,        0.000
     9,         9.000,        0.000
     10,         9.999,        0.000
     11,        11.001,        0.000
     12,        12.000,        0.000
     13,        12.999,        0.000


;------ Commands, Raw V/I, GeomFactor, AppRes ------

DataID   A   B   M   N       V/I           K           App-Res
  1,     0,  1,  2,  3,  -7.28155E+00,  -1.89345E+01,   1.37873E+02
  2,     0,  1,  3,  4,  -2.06945E+00,  -7.55681E+01,   1.56384E+02
  3,     0,  1,  4,  5,  -8.44893E-01,  -1.88369E+02,   1.59151E+02
  4,     0,  1,  5,  6,  -4.04851E-01,  -3.78011E+02,   1.53038E+02
  5,     0,  1,  6,  7,  -2.28988E-01,  -6.61094E+02,   1.51383E+02
  6,     0,  1,  7,  8,  -1.36229E-01,  -1.05473E+03,   1.43685E+02
  7,     0,  1,  8,  10,  -1.47238E-01,  -9.33490E+02,   1.37445E+02
  8,     0,  1,  10,  13,  -9.85201E-02,  -1.33777E+03,   1.31797E+02
  9,     0,  2,  6,  7,  -6.36745E-01,  -2.39877E+02,   1.52740E+02
  10,     0,  2,  7,  9,  -5.93715E-01,  -2.47019E+02,   1.46659E+02
  11,     0,  2,  9,  12,  -3.27039E-01,  -4.16387E+02,   1.36175E+02
  12,     1,  2,  3,  4,  -7.31411E+00,  -1.88072E+01,   1.37558E+02
  13,     1,  2,  4,  5,  -2.07781E+00,  -7.50599E+01,   1.55960E+02
  14,     1,  2,  5,  6,  -8.37056E-01,  -1.88369E+02,   1.57675E+02
  15,     1,  2,  6,  7,  -4.12790E-01,  -3.76483E+02,   1.55409E+02
  16,     1,  2,  7,  8,  -2.21250E-01,  -6.57028E+02,   1.45367E+02
  17,     1,  2,  8,  9,  -1.39142E-01,  -1.05473E+03,   1.46757E+02
  18,     1,  2,  9,  11,  -1.48772E-01,  -9.29181E+02,   1.38236E+02
  19,     0,  3,  8,  9,  -4.58049E-01,  -3.23541E+02,   1.48198E+02
  20,     0,  3,  9,  11,  -4.76177E-01,  -2.92622E+02,   1.39340E+02
  21,     1,  3,  7,  8,  -6.41377E-01,  -2.39340E+02,   1.53507E+02
  22,     1,  3,  8,  10,  -5.84273E-01,  -2.47591E+02,   1.44661E+02
  23,     2,  3,  4,  5,  -7.42905E+00,  -1.88072E+01,   1.39720E+02
  24,     2,  3,  5,  6,  -2.08152E+00,  -7.55681E+01,   1.57297E+02
  25,     2,  3,  6,  7,  -8.43374E-01,  -1.88750E+02,   1.59187E+02
  26,     2,  3,  7,  8,  -4.14819E-01,  -3.76483E+02,   1.56172E+02
  27,     2,  3,  8,  9,  -2.26939E-01,  -6.61094E+02,   1.50028E+02
  28,     2,  3,  9,  10,  -1.36964E-01,  -1.05727E+03,   1.44808E+02
  29,     2,  3,  10,  12,  -1.49180E-01,  -9.31507E+02,   1.38962E+02
  30,     1,  4,  9,  10,  -4.41743E-01,  -3.23541E+02,   1.42922E+02
  31,     1,  4,  10,  12,  -4.74328E-01,  -2.92622E+02,   1.38799E+02
  32,     2,  4,  8,  9,  -6.47635E-01,  -2.40496E+02,   1.55754E+02
  33,     2,  4,  9,  11,  -5.90523E-01,  -2.47591E+02,   1.46208E+02
  34,     3,  4,  5,  6,  -7.34943E+00,  -1.89345E+01,   1.39158E+02
  35,     3,  4,  6,  7,  -2.04459E+00,  -7.55681E+01,   1.54506E+02
  36,     3,  4,  7,  8,  -8.41844E-01,  -1.88369E+02,   1.58577E+02
  37,     3,  4,  8,  9,  -4.12361E-01,  -3.78011E+02,   1.55877E+02
  38,     3,  4,  9,  10,  -2.20821E-01,  -6.61094E+02,   1.45983E+02
  39,     3,  4,  10,  11,  -1.35305E-01,  -1.05473E+03,   1.42710E+02
  40,     3,  4,  11,  13,  -1.50014E-01,  -9.33490E+02,   1.40037E+02
  41,     0,  5,  11,  12,  -3.58272E-01,  -3.87334E+02,   1.38771E+02
  42,     2,  5,  10,  11,  -4.52693E-01,  -3.22327E+02,   1.45915E+02
  43,     3,  5,  9,  10,  -6.28811E-01,  -2.39877E+02,   1.50837E+02
  44,     3,  5,  10,  12,  -5.88546E-01,  -2.47019E+02,   1.45382E+02
  45,     4,  5,  6,  7,  -7.14854E+00,  -1.88072E+01,   1.34444E+02
  46,     4,  5,  7,  8,  -2.04833E+00,  -7.50599E+01,   1.53748E+02
  47,     4,  5,  8,  9,  -8.39709E-01,  -1.88369E+02,   1.58175E+02
  48,     4,  5,  9,  10,  -4.03159E-01,  -3.76483E+02,   1.51783E+02
  49,     4,  5,  10,  11,  -2.25356E-01,  -6.57028E+02,   1.48065E+02
  50,     4,  5,  11,  12,  -1.36128E-01,  -1.05473E+03,   1.43578E+02
  51,     3,  6,  11,  12,  -4.45533E-01,  -3.23541E+02,   1.44148E+02
  52,     4,  6,  10,  11,  -6.42708E-01,  -2.39340E+02,   1.53825E+02
  53,     5,  6,  7,  8,  -7.37576E+00,  -1.88072E+01,   1.38718E+02
  54,     5,  6,  8,  9,  -2.09293E+00,  -7.55681E+01,   1.58159E+02
  55,     5,  6,  9,  10,  -8.33436E-01,  -1.88750E+02,   1.57311E+02
  56,     5,  6,  10,  11,  -4.05594E-01,  -3.76483E+02,   1.52699E+02
  57,     5,  6,  11,  12,  -2.23011E-01,  -6.61094E+02,   1.47431E+02
  58,     5,  6,  12,  13,  -1.37091E-01,  -1.05727E+03,   1.44943E+02
  59,     5,  7,  11,  12,  -6.38576E-01,  -2.40496E+02,   1.53575E+02
  60,     6,  7,  8,  9,  -7.21422E+00,  -1.89345E+01,   1.36598E+02
  61,     6,  7,  9,  10,  -2.03874E+00,  -7.55681E+01,   1.54064E+02
  62,     6,  7,  10,  11,  -8.41457E-01,  -1.88369E+02,   1.58504E+02
  63,     6,  7,  11,  12,  -4.11944E-01,  -3.78011E+02,   1.55719E+02
  64,     6,  7,  12,  13,  -2.27946E-01,  -6.61094E+02,   1.50694E+02
  65,     7,  8,  9,  10,  -7.37363E+00,  -1.88072E+01,   1.38677E+02
  66,     7,  8,  10,  11,  -2.05858E+00,  -7.50599E+01,   1.54517E+02
  67,     7,  8,  11,  12,  -8.50648E-01,  -1.88369E+02,   1.60236E+02
  68,     7,  8,  12,  13,  -4.12657E-01,  -3.76483E+02,   1.55359E+02
  69,     8,  9,  10,  11,  -7.21495E+00,  -1.88072E+01,   1.35693E+02
  70,     8,  9,  11,  12,  -2.07935E+00,  -7.55681E+01,   1.57133E+02
  71,     8,  9,  12,  13,  -8.19541E-01,  -1.88750E+02,   1.54689E+02
  72,     9,  10,  11,  12,  -7.32014E+00,  -1.89345E+01,   1.38604E+02
  73,     9,  10,  12,  13,  -2.03641E+00,  -7.55681E+01,   1.53888E+02
  74,     10,  11,  12,  13,  -7.42240E+00,  -1.88072E+01,   1.39595E+02


;------ MESH SIZE ------

Number of nodes           = 468
Number of nodes in X      = 39
Number of nodes in Y      = 12
Number of elements        = 418
Number of elements in X   = 38
Number of elements in Y   = 11
Number of parameters      = 210
Number of parameters in X = 30
Number of parameters in Y = 7
Number of left elements   = 6
Number of right elements  = 6
Number of top elements    = 0
Number of bottom elements = 6

;------ NODE LOCATION IN X (m) ------

Node         X
  1,      -31.498
  2,      -15.499
  3,       -7.499
  4,       -3.500
  5,       -1.500
  6,       -0.500
  7,        0.000
  8,        0.500
  9,        0.999
  10,        1.500
  11,        2.001
  12,        2.500
  13,        3.000
  14,        3.500
  15,        3.999
  16,        4.500
  17,        5.001
  18,        5.501
  19,        6.000
  20,        6.499
  21,        6.999
  22,        7.500
  23,        8.001
  24,        8.500
  25,        9.000
  26,        9.500
  27,        9.999
  28,       10.500
  29,       11.001
  30,       11.500
  31,       12.000
  32,       12.500
  33,       12.999
  34,       13.499
  35,       14.499
  36,       16.499
  37,       20.498
  38,       28.498
  39,       44.497

;------ NODE LOCATION IN Y (m) ------

Node          Y
  1,        0.000
  2,       -0.447
  3,       -0.939
  4,       -1.481
  5,       -2.076
  6,       -2.731
  7,       -3.452
  8,       -4.892
  9,       -7.774
  10,      -13.538
  11,      -25.065
  12,      -48.120


;------ TIMING ------

Processing started at 15:48:16
Processing ended at 15:48:16
Processing took 0 hours  0 minutes  0 seconds  132 ms

;------ CONVERGENCE ------
3
Iteration  Res-RMS(%)    L2-Norm
    0,     5.31,     5.21535E+02
    1,     2.43,     1.09683E+02
    2,     1.95,     7.05921E+01

;------ OUTPUT OF DATA AND MODEL OF ALL ITERATIONS ------

;------ Iteration  0
;-Index  V/I_Meas      V/I_Calc    VI_%ERR
  1,   -7.28155E+00,  -7.81217E+00,  7.29
  2,   -2.06945E+00,  -1.95744E+00,  -5.41
  3,   -8.44893E-01,  -7.85268E-01,  -7.06
  4,   -4.04851E-01,  -3.91311E-01,  -3.34
  5,   -2.28988E-01,  -2.23750E-01,  -2.29
  6,   -1.36229E-01,  -1.40244E-01,  2.95
  7,   -1.47238E-01,  -1.58459E-01,  7.62
  8,   -9.85201E-02,  -1.10572E-01,  12.23
  9,   -6.36745E-01,  -6.16649E-01,  -3.16
  10,   -5.93715E-01,  -5.98820E-01,  0.86
  11,   -3.27039E-01,  -3.55246E-01,  8.63
  12,   -7.31411E+00,  -7.86506E+00,  7.53
  13,   -2.07781E+00,  -1.97069E+00,  -5.16
  14,   -8.37056E-01,  -7.85268E-01,  -6.19
  15,   -4.12790E-01,  -3.92899E-01,  -4.82
  16,   -2.21250E-01,  -2.25135E-01,  1.76
  17,   -1.39142E-01,  -1.40244E-01,  0.79
  18,   -1.48772E-01,  -1.59194E-01,  7.01
  19,   -4.58049E-01,  -4.57191E-01,  -0.19
  20,   -4.76177E-01,  -5.05498E-01,  6.16
  21,   -6.41377E-01,  -6.18034E-01,  -3.64
  22,   -5.84273E-01,  -5.97435E-01,  2.25
  23,   -7.42905E+00,  -7.86506E+00,  5.87
  24,   -2.08152E+00,  -1.95744E+00,  -5.96
  25,   -8.43374E-01,  -7.83680E-01,  -7.08
  26,   -4.14819E-01,  -3.92899E-01,  -5.28
  27,   -2.26939E-01,  -2.23750E-01,  -1.41
  28,   -1.36964E-01,  -1.39907E-01,  2.15
  29,   -1.49180E-01,  -1.58796E-01,  6.45
  30,   -4.41743E-01,  -4.57191E-01,  3.50
  31,   -4.74328E-01,  -5.05498E-01,  6.57
  32,   -6.47635E-01,  -6.15062E-01,  -5.03
  33,   -5.90523E-01,  -5.97435E-01,  1.17
  34,   -7.34943E+00,  -7.81217E+00,  6.30
  35,   -2.04459E+00,  -1.95744E+00,  -4.26
  36,   -8.41844E-01,  -7.85268E-01,  -6.72
  37,   -4.12361E-01,  -3.91311E-01,  -5.10
  38,   -2.20821E-01,  -2.23750E-01,  1.33
  39,   -1.35305E-01,  -1.40244E-01,  3.65
  40,   -1.50014E-01,  -1.58459E-01,  5.63
  41,   -3.58272E-01,  -3.81892E-01,  6.59
  42,   -4.52693E-01,  -4.58913E-01,  1.37
  43,   -6.28811E-01,  -6.16649E-01,  -1.93
  44,   -5.88546E-01,  -5.98820E-01,  1.75
  45,   -7.14854E+00,  -7.86506E+00,  10.02
  46,   -2.04833E+00,  -1.97069E+00,  -3.79
  47,   -8.39709E-01,  -7.85268E-01,  -6.48
  48,   -4.03159E-01,  -3.92899E-01,  -2.54
  49,   -2.25356E-01,  -2.25135E-01,  -0.10
  50,   -1.36128E-01,  -1.40244E-01,  3.02
  51,   -4.45533E-01,  -4.57191E-01,  2.62
  52,   -6.42708E-01,  -6.18034E-01,  -3.84
  53,   -7.37576E+00,  -7.86506E+00,  6.63
  54,   -2.09293E+00,  -1.95744E+00,  -6.47
  55,   -8.33436E-01,  -7.83680E-01,  -5.97
  56,   -4.05594E-01,  -3.92899E-01,  -3.13
  57,   -2.23011E-01,  -2.23750E-01,  0.33
  58,   -1.37091E-01,  -1.39907E-01,  2.05
  59,   -6.38576E-01,  -6.15062E-01,  -3.68
  60,   -7.21422E+00,  -7.81217E+00,  8.29
  61,   -2.03874E+00,  -1.95744E+00,  -3.99
  62,   -8.41457E-01,  -7.85268E-01,  -6.68
  63,   -4.11944E-01,  -3.91311E-01,  -5.01
  64,   -2.27946E-01,  -2.23750E-01,  -1.84
  65,   -7.37363E+00,  -7.86506E+00,  6.66
  66,   -2.05858E+00,  -1.97069E+00,  -4.27
  67,   -8.50648E-01,  -7.85268E-01,  -7.69
  68,   -4.12657E-01,  -3.92899E-01,  -4.79
  69,   -7.21495E+00,  -7.86506E+00,  9.01
  70,   -2.07935E+00,  -1.95744E+00,  -5.86
  71,   -8.19541E-01,  -7.83680E-01,  -4.38
  72,   -7.32014E+00,  -7.81217E+00,  6.72
  73,   -2.03641E+00,  -1.95744E+00,  -3.88
  74,   -7.42240E+00,  -7.86506E+00,  5.96

;-Resistivity in Ohm-m in the elemental sequential order

 1.47920E+02,  1.47920E+02,  1.47920E+02,  1.47920E+02,  1.47920E+02
 1.47920E+02,  1.47920E+02,  1.47920E+02,  1.47920E+02,  1.47920E+02
 1.47920E+02,  1.47920E+02,  1.47920E+02,  1.47920E+02,  1.47920E+02
 1.47920E+02,  1.47920E+02,  1.47920E+02,  1.47920E+02,  1.47920E+02
 1.47920E+02,  1.47920E+02,  1.47920E+02,  1.47920E+02,  1.47920E+02
 1.47920E+02,  1.47920E+02,  1.47920E+02,  1.47920E+02,  1.47920E+02
 1.47920E+02,  1.47920E+02,  1.47920E+02,  1.47920E+02,  1.47920E+02
 1.47920E+02,  1.47920E+02,  1.47920E+02,  1.47920E+02,  1.47920E+02
 1.47920E+02,  1.47920E+02,  1.47920E+02,  1.47920E+02,  1.47920E+02
 1.47920E+02,  1.47920E+02,  1.47920E+02,  1.47920E+02,  1.47920E+02
 1.47920E+02,  1.47920E+02,  1.47920E+02,  1.47920E+02,  1.47920E+02
 1.47920E+02,  1.47920E+02,  1.47920E+02,  1.47920E+02,  1.47920E+02
 1.47920E+02,  1.47920E+02,  1.47920E+02,  1.47920E+02,  1.47920E+02
 1.47920E+02,  1.47920E+02,  1.47920E+02,  1.47920E+02,  1.47920E+02
 1.47920E+02,  1.47920E+02,  1.47920E+02,  1.47920E+02,  1.47920E+02
 1.47920E+02,  1.47920E+02,  1.47920E+02,  1.47920E+02,  1.47920E+02
 1.47920E+02,  1.47920E+02,  1.47920E+02,  1.47920E+02,  1.47920E+02
 1.47920E+02,  1.47920E+02,  1.47920E+02,  1.47920E+02,  1.47920E+02
 1.47920E+02,  1.47920E+02,  1.47920E+02,  1.47920E+02,  1.47920E+02
 1.47920E+02,  1.47920E+02,  1.47920E+02,  1.47920E+02,  1.47920E+02
 1.47920E+02,  1.47920E+02,  1.47920E+02,  1.47920E+02,  1.47920E+02
 1.47920E+02,  1.47920E+02,  1.47920E+02,  1.47920E+02,  1.47920E+02
 1.47920E+02,  1.47920E+02,  1.47920E+02,  1.47920E+02,  1.47920E+02
 1.47920E+02,  1.47920E+02,  1.47920E+02,  1.47920E+02,  1.47920E+02
 1.47920E+02,  1.47920E+02,  1.47920E+02,  1.47920E+02,  1.47920E+02
 1.47920E+02,  1.47920E+02,  1.47920E+02,  1.47920E+02,  1.47920E+02
 1.47920E+02,  1.47920E+02,  1.47920E+02,  1.47920E+02,  1.47920E+02
 1.47920E+02,  1.47920E+02,  1.47920E+02,  1.47920E+02,  1.47920E+02
 1.47920E+02,  1.47920E+02,  1.47920E+02,  1.47920E+02,  1.47920E+02
 1.47920E+02,  1.47920E+02,  1.47920E+02,  1.47920E+02,  1.47920E+02
 1.47920E+02,  1.47920E+02,  1.47920E+02,  1.47920E+02,  1.47920E+02
 1.47920E+02,  1.47920E+02,  1.47920E+02,  1.47920E+02,  1.47920E+02
 1.47920E+02,  1.47920E+02,  1.47920E+02,  1.47920E+02,  1.47920E+02
 1.47920E+02,  1.47920E+02,  1.47920E+02,  1.47920E+02,  1.47920E+02
 1.47920E+02,  1.47920E+02,  1.47920E+02,  1.47920E+02,  1.47920E+02
 1.47920E+02,  1.47920E+02,  1.47920E+02,  1.47920E+02,  1.47920E+02
 1.47920E+02,  1.47920E+02,  1.47920E+02,  1.47920E+02,  1.47920E+02
 1.47920E+02,  1.47920E+02,  1.47920E+02,  1.47920E+02,  1.47920E+02
 1.47920E+02,  1.47920E+02,  1.47920E+02,  1.47920E+02,  1.47920E+02
 1.47920E+02,  1.47920E+02,  1.47920E+02,  1.47920E+02,  1.47920E+02
 1.47920E+02,  1.47920E+02,  1.47920E+02,  1.47920E+02,  1.47920E+02
 1.47920E+02,  1.47920E+02,  1.47920E+02,  1.47920E+02,  1.47920E+02
 1.47920E+02,  1.47920E+02,  1.47920E+02,  1.47920E+02,  1.47920E+02
 1.47920E+02,  1.47920E+02,  1.47920E+02,  1.47920E+02,  1.47920E+02
 1.47920E+02,  1.47920E+02,  1.47920E+02,  1.47920E+02,  1.47920E+02
 1.47920E+02,  1.47920E+02,  1.47920E+02,  1.47920E+02,  1.47920E+02
 1.47920E+02,  1.47920E+02,  1.47920E+02,  1.47920E+02,  1.47920E+02
 1.47920E+02,  1.47920E+02,  1.47920E+02,  1.47920E+02,  1.47920E+02
 1.47920E+02,  1.47920E+02,  1.47920E+02,  1.47920E+02,  1.47920E+02
 1.47920E+02,  1.47920E+02,  1.47920E+02,  1.47920E+02,  1.47920E+02
 1.47920E+02,  1.47920E+02,  1.47920E+02,  1.47920E+02,  1.47920E+02
 1.47920E+02,  1.47920E+02,  1.47920E+02,  1.47920E+02,  1.47920E+02
 1.47920E+02,  1.47920E+02,  1.47920E+02,  1.47920E+02,  1.47920E+02
 1.47920E+02,  1.47920E+02,  1.47920E+02,  1.47920E+02,  1.47920E+02
 1.47920E+02,  1.47920E+02,  1.47920E+02,  1.47920E+02,  1.47920E+02
 1.47920E+02,  1.47920E+02,  1.47920E+02,  1.47920E+02,  1.47920E+02
 1.47920E+02,  1.47920E+02,  1.47920E+02,  1.47920E+02,  1.47920E+02
 1.47920E+02,  1.47920E+02,  1.47920E+02,  1.47920E+02,  1.47920E+02
 1.47920E+02,  1.47920E+02,  1.47920E+02,  1.47920E+02,  1.47920E+02
 1.47920E+02,  1.47920E+02,  1.47920E+02,  1.47920E+02,  1.47920E+02
 1.47920E+02,  1.47920E+02,  1.47920E+02,  1.47920E+02,  1.47920E+02
 1.47920E+02,  1.47920E+02,  1.47920E+02,  1.47920E+02,  1.47920E+02
 1.47920E+02,  1.47920E+02,  1.47920E+02,  1.47920E+02,  1.47920E+02
 1.47920E+02,  1.47920E+02,  1.47920E+02,  1.47920E+02,  1.47920E+02
 1.47920E+02,  1.47920E+02,  1.47920E+02,  1.47920E+02,  1.47920E+02
 1.47920E+02,  1.47920E+02,  1.47920E+02,  1.47920E+02,  1.47920E+02
 1.47920E+02,  1.47920E+02,  1.47920E+02,  1.47920E+02,  1.47920E+02
 1.47920E+02,  1.47920E+02,  1.47920E+02,  1.47920E+02,  1.47920E+02
 1.47920E+02,  1.47920E+02,  1.47920E+02,  1.47920E+02,  1.47920E+02
 1.47920E+02,  1.47920E+02,  1.47920E+02,  1.47920E+02,  1.47920E+02
 1.47920E+02,  1.47920E+02,  1.47920E+02,  1.47920E+02,  1.47920E+02
 1.47920E+02,  1.47920E+02,  1.47920E+02,  1.47920E+02,  1.47920E+02
 1.47920E+02,  1.47920E+02,  1.47920E+02,  1.47920E+02,  1.47920E+02
 1.47920E+02,  1.47920E+02,  1.47920E+02,  1.47920E+02,  1.47920E+02
 1.47920E+02,  1.47920E+02,  1.47920E+02,  1.47920E+02,  1.47920E+02
 1.47920E+02,  1.47920E+02,  1.47920E+02,  1.47920E+02,  1.47920E+02
 1.47920E+02,  1.47920E+02,  1.47920E+02,  1.47920E+02,  1.47920E+02
 1.47920E+02,  1.47920E+02,  1.47920E+02,  1.47920E+02,  1.47920E+02
 1.47920E+02,  1.47920E+02,  1.47920E+02,  1.47920E+02,  1.47920E+02
 1.47920E+02,  1.47920E+02,  1.47920E+02,  1.47920E+02,  1.47920E+02
 1.47920E+02,  1.47920E+02,  1.47920E+02,  1.47920E+02,  1.47920E+02
 1.47920E+02,  1.47920E+02,  1.47920E+02,  1.47920E+02,  1.47920E+02
 1.47920E+02,  1.47920E+02,  1.47920E+02,  1.47920E+02,  1.47920E+02
 1.47920E+02,  1.47920E+02,  1.47920E+02

;-Sensitivity in the elemental sequential order

 3.25468E-02,  3.37422E-02,  3.23039E-02,  2.75127E-02,  2.17544E-02
 3.73447E-02,  3.73447E-02,  3.38445E-02,  3.38445E-02,  3.38445E-02
 3.38445E-02,  3.25468E-02,  3.37422E-02,  3.23039E-02,  2.75127E-02
 2.17544E-02,  3.73447E-02,  3.73447E-02,  3.38445E-02,  3.38445E-02
 3.38445E-02,  3.38445E-02,  3.25468E-02,  3.37422E-02,  3.23039E-02
 2.75127E-02,  2.17544E-02,  3.73447E-02,  3.73447E-02,  3.38445E-02
 3.38445E-02,  3.38445E-02,  3.38445E-02,  3.25468E-02,  3.37422E-02
 3.23039E-02,  2.75127E-02,  2.17544E-02,  3.73447E-02,  3.73447E-02
 3.38445E-02,  3.38445E-02,  3.38445E-02,  3.38445E-02,  6.21330E-01
 1.93016E-01,  7.81814E-02,  3.72175E-02,  1.95199E-02,  2.05829E-02
 2.05829E-02,  7.39391E-03,  7.39391E-03,  7.39391E-03,  7.39391E-03
 6.21330E-01,  1.93016E-01,  7.81814E-02,  3.72175E-02,  1.95199E-02
 2.05829E-02,  2.05829E-02,  7.39391E-03,  7.39391E-03,  7.39391E-03
 7.39391E-03,  8.26804E-01,  2.06923E-01,  5.75965E-02,  1.90354E-02
 8.50896E-03,  8.27558E-03,  8.27558E-03,  2.53943E-03,  2.53943E-03
 2.53943E-03,  2.53943E-03,  2.86058E+00,  7.27292E-01,  1.62802E-01
 3.80935E-02,  1.28121E-02,  1.04244E-02,  1.04244E-02,  2.72217E-03
 2.72217E-03,  2.72217E-03,  2.72217E-03,  1.45267E+00,  9.42038E-01
 2.41115E-01,  5.66870E-02,  1.84771E-02,  1.38448E-02,  1.38448E-02
 3.07483E-03,  3.07483E-03,  3.07483E-03,  3.07483E-03,  3.11021E+00
 1.16583E+00,  2.85022E-01,  6.98190E-02,  2.37754E-02,  1.78850E-02
 1.78850E-02,  3.56521E-03,  3.56521E-03,  3.56521E-03,  3.56521E-03
 3.10103E+00,  1.16781E+00,  2.94507E-01,  7.68924E-02,  2.79699E-02
 2.19751E-02,  2.19751E-02,  4.14197E-03,  4.14197E-03,  4.14197E-03
 4.14197E-03,  3.21393E+00,  1.18908E+00,  3.01166E-01,  8.12349E-02
 3.12419E-02,  2.59129E-02,  2.59129E-02,  4.77576E-03,  4.77576E-03
 4.77576E-03,  4.77576E-03,  3.21344E+00,  1.19039E+00,  3.03657E-01
 8.38201E-02,  3.37229E-02,  2.94813E-02,  2.94813E-02,  5.41043E-03
 5.41043E-03,  5.41043E-03,  5.41043E-03,  3.21327E+00,  1.19166E+00
 3.04972E-01,  8.53496E-02,  3.55925E-02,  3.25899E-02,  3.25899E-02
 6.00784E-03,  6.00784E-03,  6.00784E-03,  6.00784E-03,  3.22499E+00
 1.19225E+00,  3.05941E-01,  8.64664E-02,  3.71017E-02,  3.52915E-02
 3.52915E-02,  6.55770E-03,  6.55770E-03,  6.55770E-03,  6.55770E-03
 3.22974E+00,  1.19338E+00,  3.06100E-01,  8.70222E-02,  3.81235E-02
 3.73427E-02,  3.73427E-02,  6.99812E-03,  6.99812E-03,  6.99812E-03
 6.99812E-03,  3.21368E+00,  1.19164E+00,  3.05562E-01,  8.72056E-02
 3.86843E-02,  3.86991E-02,  3.86991E-02,  7.30585E-03,  7.30585E-03
 7.30585E-03,  7.30585E-03,  3.23101E+00,  1.19484E+00,  3.06262E-01
 8.75048E-02,  3.90516E-02,  3.95974E-02,  3.95974E-02,  7.51144E-03
 7.51144E-03,  7.51144E-03,  7.51144E-03,  3.23421E+00,  1.19595E+00
 3.06581E-01,  8.76381E-02,  3.92049E-02,  3.99603E-02,  3.99603E-02
 7.58708E-03,  7.58708E-03,  7.58708E-03,  7.58708E-03,  3.21797E+00
 1.19281E+00,  3.06382E-01,  8.77401E-02,  3.92184E-02,  3.98133E-02
 3.98133E-02,  7.52981E-03,  7.52981E-03,  7.52981E-03,  7.52981E-03
 3.23480E+00,  1.19462E+00,  3.07059E-01,  8.80543E-02,  3.91752E-02
 3.92729E-02,  3.92729E-02,  7.36236E-03,  7.36236E-03,  7.36236E-03
 7.36236E-03,  3.23024E+00,  1.19348E+00,  3.07069E-01,  8.79586E-02
 3.87649E-02,  3.80852E-02,  3.80852E-02,  7.04534E-03,  7.04534E-03
 7.04534E-03,  7.04534E-03,  3.22243E+00,  1.19445E+00,  3.06657E-01
 8.74185E-02,  3.79621E-02,  3.62436E-02,  3.62436E-02,  6.59285E-03
 6.59285E-03,  6.59285E-03,  6.59285E-03,  3.23009E+00,  1.19445E+00
 3.06486E-01,  8.69850E-02,  3.69731E-02,  3.39472E-02,  3.39472E-02
 6.06238E-03,  6.06238E-03,  6.06238E-03,  6.06238E-03,  3.23568E+00
 1.19600E+00,  3.06331E-01,  8.62463E-02,  3.55632E-02,  3.10582E-02
 3.10582E-02,  5.45601E-03,  5.45601E-03,  5.45601E-03,  5.45601E-03
 3.20227E+00,  1.18908E+00,  3.04704E-01,  8.46772E-02,  3.35234E-02
 2.75831E-02,  2.75831E-02,  4.80652E-03,  4.80652E-03,  4.80652E-03
 4.80652E-03,  3.22004E+00,  1.18974E+00,  3.02773E-01,  8.19847E-02
 3.07484E-02,  2.36694E-02,  2.36694E-02,  4.16890E-03,  4.16890E-03
 4.16890E-03,  4.16890E-03,  3.11818E+00,  1.16948E+00,  2.95872E-01
 7.70127E-02,  2.69314E-02,  1.93676E-02,  1.93676E-02,  3.57063E-03
 3.57063E-03,  3.57063E-03,  3.57063E-03,  3.10258E+00,  1.16686E+00
 2.84898E-01,  6.87195E-02,  2.21049E-02,  1.50836E-02,  1.50836E-02
 3.07755E-03,  3.07755E-03,  3.07755E-03,  3.07755E-03,  1.46272E+00
 9.45544E-01,  2.40209E-01,  5.49347E-02,  1.66730E-02,  1.14345E-02
 1.14345E-02,  2.75535E-03,  2.75535E-03,  2.75535E-03,  2.75535E-03
 2.87883E+00,  7.29779E-01,  1.61891E-01,  3.65707E-02,  1.14706E-02
 8.94076E-03,  8.94076E-03,  2.60083E-03,  2.60083E-03,  2.60083E-03
 2.60083E-03,  8.27752E-01,  2.07231E-01,  5.71990E-02,  1.84456E-02
 8.05793E-03,  7.83948E-03,  7.83948E-03,  2.57259E-03,  2.57259E-03
 2.57259E-03,  2.57259E-03,  6.18941E-01,  1.92221E-01,  7.83677E-02
 3.77140E-02,  1.99759E-02,  2.12706E-02,  2.12706E-02,  7.79001E-03
 7.79001E-03,  7.79001E-03,  7.79001E-03,  6.18941E-01,  1.92221E-01
 7.83677E-02,  3.77140E-02,  1.99759E-02,  2.12706E-02,  2.12706E-02
 7.79001E-03,  7.79001E-03,  7.79001E-03,  7.79001E-03,  3.01855E-02
 3.13273E-02,  3.00441E-02,  2.55667E-02,  2.01953E-02,  3.48073E-02
 3.48073E-02,  3.24369E-02,  3.24369E-02,  3.24369E-02,  3.24369E-02
 3.01855E-02,  3.13273E-02,  3.00441E-02,  2.55667E-02,  2.01953E-02
 3.48073E-02,  3.48073E-02,  3.24369E-02,  3.24369E-02,  3.24369E-02
 3.24369E-02,  3.01855E-02,  3.13273E-02,  3.00441E-02,  2.55667E-02
 2.01953E-02,  3.48073E-02,  3.48073E-02,  3.24369E-02,  3.24369E-02
 3.24369E-02,  3.24369E-02,  3.01855E-02,  3.13273E-02,  3.00441E-02
 2.55667E-02,  2.01953E-02,  3.48073E-02,  3.48073E-02,  3.24369E-02
 3.24369E-02,  3.24369E-02,  3.24369E-02

;------ Iteration  1
;-Index  V/I_Meas      V/I_Calc    VI_%ERR
  1,   -7.28155E+00,  -7.48311E+00,  2.77
  2,   -2.06945E+00,  -1.96420E+00,  -5.09
  3,   -8.44893E-01,  -8.16529E-01,  -3.36
  4,   -4.04851E-01,  -4.07819E-01,  0.73
  5,   -2.28988E-01,  -2.29358E-01,  0.16
  6,   -1.36229E-01,  -1.39788E-01,  2.61
  7,   -1.47238E-01,  -1.50073E-01,  1.93
  8,   -9.85201E-02,  -9.72446E-02,  -1.29
  9,   -6.36745E-01,  -6.38206E-01,  0.23
  10,   -5.93715E-01,  -5.98862E-01,  0.87
  11,   -3.27039E-01,  -3.23858E-01,  -0.97
  12,   -7.31411E+00,  -7.50869E+00,  2.66
  13,   -2.07781E+00,  -2.00072E+00,  -3.71
  14,   -8.37056E-01,  -8.18358E-01,  -2.23
  15,   -4.12790E-01,  -4.08861E-01,  -0.95
  16,   -2.21250E-01,  -2.29587E-01,  3.77
  17,   -1.39142E-01,  -1.39315E-01,  0.12
  18,   -1.48772E-01,  -1.48034E-01,  -0.50
  19,   -4.58049E-01,  -4.59349E-01,  0.28
  20,   -4.76177E-01,  -4.75747E-01,  -0.09
  21,   -6.41377E-01,  -6.40313E-01,  -0.17
  22,   -5.84273E-01,  -5.94100E-01,  1.68
  23,   -7.42905E+00,  -7.63152E+00,  2.73
  24,   -2.08152E+00,  -2.00740E+00,  -3.56
  25,   -8.43374E-01,  -8.22851E-01,  -2.43
  26,   -4.14819E-01,  -4.10740E-01,  -0.98
  27,   -2.26939E-01,  -2.29869E-01,  1.29
  28,   -1.36964E-01,  -1.36825E-01,  -0.10
  29,   -1.49180E-01,  -1.49074E-01,  -0.07
  30,   -4.41743E-01,  -4.50206E-01,  1.92
  31,   -4.74328E-01,  -4.78254E-01,  0.83
  32,   -6.47635E-01,  -6.39662E-01,  -1.23
  33,   -5.90523E-01,  -5.88253E-01,  -0.38
  34,   -7.34943E+00,  -7.58427E+00,  3.20
  35,   -2.04459E+00,  -2.00415E+00,  -1.98
  36,   -8.41844E-01,  -8.22136E-01,  -2.34
  37,   -4.12361E-01,  -4.09802E-01,  -0.62
  38,   -2.20821E-01,  -2.25284E-01,  2.02
  39,   -1.35305E-01,  -1.37497E-01,  1.62
  40,   -1.50014E-01,  -1.50862E-01,  0.57
  41,   -3.58272E-01,  -3.61339E-01,  0.86
  42,   -4.52693E-01,  -4.52266E-01,  -0.09
  43,   -6.28811E-01,  -6.26971E-01,  -0.29
  44,   -5.88546E-01,  -5.90997E-01,  0.42
  45,   -7.14854E+00,  -7.63512E+00,  6.81
  46,   -2.04833E+00,  -2.00816E+00,  -1.96
  47,   -8.39709E-01,  -8.21234E-01,  -2.20
  48,   -4.03159E-01,  -4.01694E-01,  -0.36
  49,   -2.25356E-01,  -2.26120E-01,  0.34
  50,   -1.36128E-01,  -1.38095E-01,  1.44
  51,   -4.45533E-01,  -4.55238E-01,  2.18
  52,   -6.42708E-01,  -6.31349E-01,  -1.77
  53,   -7.37576E+00,  -7.70934E+00,  4.52
  54,   -2.09293E+00,  -2.01974E+00,  -3.50
  55,   -8.33436E-01,  -8.10291E-01,  -2.78
  56,   -4.05594E-01,  -4.05240E-01,  -0.09
  57,   -2.23011E-01,  -2.27858E-01,  2.17
  58,   -1.37091E-01,  -1.40210E-01,  2.28
  59,   -6.38576E-01,  -6.36302E-01,  -0.36
  60,   -7.21422E+00,  -7.68795E+00,  6.57
  61,   -2.03874E+00,  -1.98896E+00,  -2.44
  62,   -8.41457E-01,  -8.17114E-01,  -2.89
  63,   -4.11944E-01,  -4.08455E-01,  -0.85
  64,   -2.27946E-01,  -2.31271E-01,  1.46
  65,   -7.37363E+00,  -7.58878E+00,  2.92
  66,   -2.05858E+00,  -2.00416E+00,  -2.64
  67,   -8.50648E-01,  -8.21648E-01,  -3.41
  68,   -4.12657E-01,  -4.12563E-01,  -0.02
  69,   -7.21495E+00,  -7.51990E+00,  4.23
  70,   -2.07935E+00,  -1.98074E+00,  -4.74
  71,   -8.19541E-01,  -8.12738E-01,  -0.83
  72,   -7.32014E+00,  -7.43438E+00,  1.56
  73,   -2.03641E+00,  -1.94409E+00,  -4.53
  74,   -7.42240E+00,  -7.59596E+00,  2.34

;-Resistivity in Ohm-m in the elemental sequential order

 1.75553E+02,  1.75053E+02,  1.74981E+02,  1.75022E+02,  1.76378E+02
 1.87459E+02,  1.87459E+02,  2.11629E+02,  2.11629E+02,  2.11629E+02
 2.11629E+02,  1.75553E+02,  1.75053E+02,  1.74981E+02,  1.75022E+02
 1.76378E+02,  1.87459E+02,  1.87459E+02,  2.11629E+02,  2.11629E+02
 2.11629E+02,  2.11629E+02,  1.75553E+02,  1.75053E+02,  1.74981E+02
 1.75022E+02,  1.76378E+02,  1.87459E+02,  1.87459E+02,  2.11629E+02
 2.11629E+02,  2.11629E+02,  2.11629E+02,  1.75553E+02,  1.75053E+02
 1.74981E+02,  1.75022E+02,  1.76378E+02,  1.87459E+02,  1.87459E+02
 2.11629E+02,  2.11629E+02,  2.11629E+02,  2.11629E+02,  1.45423E+02
 1.45460E+02,  1.44501E+02,  1.43127E+02,  1.42664E+02,  1.40059E+02
 1.40059E+02,  1.48204E+02,  1.48204E+02,  1.48204E+02,  1.48204E+02
 1.45423E+02,  1.45460E+02,  1.44501E+02,  1.43127E+02,  1.42664E+02
 1.40059E+02,  1.40059E+02,  1.48204E+02,  1.48204E+02,  1.48204E+02
 1.48204E+02,  1.45915E+02,  1.46682E+02,  1.48384E+02,  1.48366E+02
 1.44439E+02,  1.37620E+02,  1.37620E+02,  1.43666E+02,  1.43666E+02
 1.43666E+02,  1.43666E+02,  1.44045E+02,  1.45631E+02,  1.49986E+02
 1.51283E+02,  1.45908E+02,  1.36450E+02,  1.36450E+02,  1.41094E+02
 1.41094E+02,  1.41094E+02,  1.41094E+02,  1.40981E+02,  1.43785E+02
 1.52606E+02,  1.55266E+02,  1.47908E+02,  1.35283E+02,  1.35283E+02
 1.38908E+02,  1.38908E+02,  1.38908E+02,  1.38908E+02,  1.36767E+02
 1.41200E+02,  1.56109E+02,  1.60440E+02,  1.50187E+02,  1.34167E+02
 1.34167E+02,  1.36842E+02,  1.36842E+02,  1.36842E+02,  1.36842E+02
 1.33792E+02,  1.42038E+02,  1.61862E+02,  1.66453E+02,  1.52543E+02
 1.32670E+02,  1.32670E+02,  1.33966E+02,  1.33966E+02,  1.33966E+02
 1.33966E+02,  1.35378E+02,  1.45438E+02,  1.67412E+02,  1.71974E+02
 1.54514E+02,  1.30897E+02,  1.30897E+02,  1.30929E+02,  1.30929E+02
 1.30929E+02,  1.30929E+02,  1.34363E+02,  1.46665E+02,  1.71567E+02
 1.75797E+02,  1.55473E+02,  1.28937E+02,  1.28937E+02,  1.28222E+02
 1.28222E+02,  1.28222E+02,  1.28222E+02,  1.34274E+02,  1.46932E+02
 1.72660E+02,  1.77253E+02,  1.55097E+02,  1.26648E+02,  1.26648E+02
 1.25769E+02,  1.25769E+02,  1.25769E+02,  1.25769E+02,  1.37056E+02
 1.47653E+02,  1.72786E+02,  1.76903E+02,  1.53615E+02,  1.24101E+02
 1.24101E+02,  1.23547E+02,  1.23547E+02,  1.23547E+02,  1.23547E+02
 1.35508E+02,  1.45328E+02,  1.70629E+02,  1.75365E+02,  1.51575E+02
 1.21583E+02,  1.21583E+02,  1.21667E+02,  1.21667E+02,  1.21667E+02
 1.21667E+02,  1.38806E+02,  1.44691E+02,  1.69332E+02,  1.73756E+02
 1.49582E+02,  1.19418E+02,  1.19418E+02,  1.20220E+02,  1.20220E+02
 1.20220E+02,  1.20220E+02,  1.39156E+02,  1.45484E+02,  1.69218E+02
 1.72773E+02,  1.48132E+02,  1.17860E+02,  1.17860E+02,  1.19232E+02
 1.19232E+02,  1.19232E+02,  1.19232E+02,  1.39575E+02,  1.47350E+02
 1.70405E+02,  1.72733E+02,  1.47517E+02,  1.17083E+02,  1.17083E+02
 1.18738E+02,  1.18738E+02,  1.18738E+02,  1.18738E+02,  1.39434E+02
 1.47520E+02,  1.71325E+02,  1.73460E+02,  1.47832E+02,  1.17155E+02
 1.17155E+02,  1.18753E+02,  1.18753E+02,  1.18753E+02,  1.18753E+02
 1.38082E+02,  1.46469E+02,  1.71749E+02,  1.74730E+02,  1.48947E+02
 1.18022E+02,  1.18022E+02,  1.19261E+02,  1.19261E+02,  1.19261E+02
 1.19261E+02,  1.39320E+02,  1.47858E+02,  1.73208E+02,  1.76104E+02
 1.50465E+02,  1.19536E+02,  1.19536E+02,  1.20267E+02,  1.20267E+02
 1.20267E+02,  1.20267E+02,  1.37412E+02,  1.48007E+02,  1.72758E+02
 1.76483E+02,  1.51886E+02,  1.21462E+02,  1.21462E+02,  1.21737E+02
 1.21737E+02,  1.21737E+02,  1.21737E+02,  1.36343E+02,  1.45793E+02
 1.70615E+02,  1.75551E+02,  1.52802E+02,  1.23531E+02,  1.23531E+02
 1.23595E+02,  1.23595E+02,  1.23595E+02,  1.23595E+02,  1.32822E+02
 1.42383E+02,  1.67348E+02,  1.73495E+02,  1.52977E+02,  1.25546E+02
 1.25546E+02,  1.25804E+02,  1.25804E+02,  1.25804E+02,  1.25804E+02
 1.33184E+02,  1.42599E+02,  1.65684E+02,  1.70610E+02,  1.52303E+02
 1.27385E+02,  1.27385E+02,  1.28318E+02,  1.28318E+02,  1.28318E+02
 1.28318E+02,  1.34032E+02,  1.43561E+02,  1.62928E+02,  1.66485E+02
 1.50799E+02,  1.29050E+02,  1.29050E+02,  1.31138E+02,  1.31138E+02
 1.31138E+02,  1.31138E+02,  1.34813E+02,  1.43144E+02,  1.58725E+02
 1.61257E+02,  1.48770E+02,  1.30711E+02,  1.30711E+02,  1.34365E+02
 1.34365E+02,  1.34365E+02,  1.34365E+02,  1.39559E+02,  1.43033E+02
 1.53678E+02,  1.56123E+02,  1.46870E+02,  1.32554E+02,  1.32554E+02
 1.37568E+02,  1.37568E+02,  1.37568E+02,  1.37568E+02,  1.42155E+02
 1.44478E+02,  1.51060E+02,  1.52449E+02,  1.45622E+02,  1.34547E+02
 1.34547E+02,  1.39974E+02,  1.39974E+02,  1.39974E+02,  1.39974E+02
 1.46693E+02,  1.47387E+02,  1.50022E+02,  1.50288E+02,  1.45109E+02
 1.37154E+02,  1.37154E+02,  1.42970E+02,  1.42970E+02,  1.42970E+02
 1.42970E+02,  1.48600E+02,  1.48983E+02,  1.49873E+02,  1.49414E+02
 1.45866E+02,  1.41097E+02,  1.41097E+02,  1.47794E+02,  1.47794E+02
 1.47794E+02,  1.47794E+02,  1.49058E+02,  1.49835E+02,  1.50598E+02
 1.50285E+02,  1.48429E+02,  1.46429E+02,  1.46429E+02,  1.54061E+02
 1.54061E+02,  1.54061E+02,  1.54061E+02,  1.49058E+02,  1.49835E+02
 1.50598E+02,  1.50285E+02,  1.48429E+02,  1.46429E+02,  1.46429E+02
 1.54061E+02,  1.54061E+02,  1.54061E+02,  1.54061E+02,  1.55266E+02
 1.57823E+02,  1.60597E+02,  1.63089E+02,  1.65114E+02,  1.73700E+02
 1.73700E+02,  1.98802E+02,  1.98802E+02,  1.98802E+02,  1.98802E+02
 1.55266E+02,  1.57823E+02,  1.60597E+02,  1.63089E+02,  1.65114E+02
 1.73700E+02,  1.73700E+02,  1.98802E+02,  1.98802E+02,  1.98802E+02
 1.98802E+02,  1.55266E+02,  1.57823E+02,  1.60597E+02,  1.63089E+02
 1.65114E+02,  1.73700E+02,  1.73700E+02,  1.98802E+02,  1.98802E+02
 1.98802E+02,  1.98802E+02,  1.55266E+02,  1.57823E+02,  1.60597E+02
 1.63089E+02,  1.65114E+02,  1.73700E+02,  1.73700E+02,  1.98802E+02
 1.98802E+02,  1.98802E+02,  1.98802E+02

;-Sensitivity in the elemental sequential order

 3.15902E-02,  3.28138E-02,  3.13373E-02,  2.65074E-02,  2.06629E-02
 3.38352E-02,  3.38352E-02,  2.87540E-02,  2.87540E-02,  2.87540E-02
 2.87540E-02,  3.15902E-02,  3.28138E-02,  3.13373E-02,  2.65074E-02
 2.06629E-02,  3.38352E-02,  3.38352E-02,  2.87540E-02,  2.87540E-02
 2.87540E-02,  2.87540E-02,  3.15902E-02,  3.28138E-02,  3.13373E-02
 2.65074E-02,  2.06629E-02,  3.38352E-02,  3.38352E-02,  2.87540E-02
 2.87540E-02,  2.87540E-02,  2.87540E-02,  3.15902E-02,  3.28138E-02
 3.13373E-02,  2.65074E-02,  2.06629E-02,  3.38352E-02,  3.38352E-02
 2.87540E-02,  2.87540E-02,  2.87540E-02,  2.87540E-02,  6.02370E-01
 1.89531E-01,  7.98426E-02,  3.99491E-02,  2.18397E-02,  2.40242E-02
 2.40242E-02,  9.32436E-03,  9.32436E-03,  9.32436E-03,  9.32436E-03
 6.02370E-01,  1.89531E-01,  7.98426E-02,  3.99491E-02,  2.18397E-02
 2.40242E-02,  2.40242E-02,  9.32436E-03,  9.32436E-03,  9.32436E-03
 9.32436E-03,  8.06355E-01,  2.03415E-01,  5.70740E-02,  1.85645E-02
 8.35331E-03,  8.51790E-03,  8.51790E-03,  2.95379E-03,  2.95379E-03
 2.95379E-03,  2.95379E-03,  2.72745E+00,  7.01110E-01,  1.61104E-01
 3.76900E-02,  1.19969E-02,  9.73014E-03,  9.73014E-03,  2.90037E-03
 2.90037E-03,  2.90037E-03,  2.90037E-03,  1.39784E+00,  8.86856E-01
 2.36120E-01,  5.67297E-02,  1.74362E-02,  1.23242E-02,  1.23242E-02
 2.95954E-03,  2.95954E-03,  2.95954E-03,  2.95954E-03,  2.95811E+00
 1.10955E+00,  2.75248E-01,  6.95603E-02,  2.26197E-02,  1.57404E-02
 1.57404E-02,  3.16733E-03,  3.16733E-03,  3.16733E-03,  3.16733E-03
 2.97780E+00,  1.09918E+00,  2.80742E-01,  7.60851E-02,  2.67074E-02
 1.93775E-02,  1.93775E-02,  3.52904E-03,  3.52904E-03,  3.52904E-03
 3.52904E-03,  3.14098E+00,  1.11000E+00,  2.84398E-01,  8.00445E-02
 2.99727E-02,  2.30156E-02,  2.30156E-02,  4.02803E-03,  4.02803E-03
 4.02803E-03,  4.02803E-03,  3.10528E+00,  1.11168E+00,  2.86485E-01
 8.29363E-02,  3.26921E-02,  2.64524E-02,  2.64524E-02,  4.60397E-03
 4.60397E-03,  4.60397E-03,  4.60397E-03,  3.14603E+00,  1.12023E+00
 2.89454E-01,  8.53683E-02,  3.50862E-02,  2.96184E-02,  2.96184E-02
 5.20433E-03,  5.20433E-03,  5.20433E-03,  5.20433E-03,  3.15341E+00
 1.11692E+00,  2.91351E-01,  8.77766E-02,  3.73452E-02,  3.25503E-02
 3.25503E-02,  5.79965E-03,  5.79965E-03,  5.79965E-03,  5.79965E-03
 3.14619E+00,  1.13085E+00,  2.95218E-01,  8.99631E-02,  3.91976E-02
 3.49543E-02,  3.49543E-02,  6.31170E-03,  6.31170E-03,  6.31170E-03
 6.31170E-03,  3.12281E+00,  1.13186E+00,  2.96739E-01,  9.13767E-02
 4.04463E-02,  3.66742E-02,  3.66742E-02,  6.69504E-03,  6.69504E-03
 6.69504E-03,  6.69504E-03,  3.17340E+00,  1.13817E+00,  2.98639E-01
 9.21709E-02,  4.12060E-02,  3.78254E-02,  3.78254E-02,  6.95962E-03
 6.95962E-03,  6.95962E-03,  6.95962E-03,  3.15637E+00,  1.13777E+00
 2.98798E-01,  9.22481E-02,  4.14239E-02,  3.82611E-02,  3.82611E-02
 7.06706E-03,  7.06706E-03,  7.06706E-03,  7.06706E-03,  3.16549E+00
 1.13821E+00,  2.98735E-01,  9.21546E-02,  4.12090E-02,  3.79841E-02
 3.79841E-02,  7.00862E-03,  7.00862E-03,  7.00862E-03,  7.00862E-03
 3.17535E+00,  1.14416E+00,  2.99697E-01,  9.19182E-02,  4.06737E-02
 3.71455E-02,  3.71455E-02,  6.80846E-03,  6.80846E-03,  6.80846E-03
 6.80846E-03,  3.14758E+00,  1.12918E+00,  2.96279E-01,  9.05315E-02
 3.95859E-02,  3.55913E-02,  3.55913E-02,  6.43869E-03,  6.43869E-03
 6.43869E-03,  6.43869E-03,  3.18075E+00,  1.12306E+00,  2.92907E-01
 8.87087E-02,  3.81114E-02,  3.34290E-02,  3.34290E-02,  5.92963E-03
 5.92963E-03,  5.92963E-03,  5.92963E-03,  3.09965E+00,  1.11644E+00
 2.91063E-01,  8.75209E-02,  3.65862E-02,  3.09317E-02,  3.09317E-02
 5.35513E-03,  5.35513E-03,  5.35513E-03,  5.35513E-03,  3.14680E+00
 1.12485E+00,  2.91253E-01,  8.62726E-02,  3.47598E-02,  2.80064E-02
 2.80064E-02,  4.73802E-03,  4.73802E-03,  4.73802E-03,  4.73802E-03
 3.08361E+00,  1.10949E+00,  2.88041E-01,  8.39177E-02,  3.23892E-02
 2.46621E-02,  2.46621E-02,  4.12909E-03,  4.12909E-03,  4.12909E-03
 4.12909E-03,  3.10027E+00,  1.11297E+00,  2.85738E-01,  8.05426E-02
 2.94387E-02,  2.10295E-02,  2.10295E-02,  3.59512E-03,  3.59512E-03
 3.59512E-03,  3.59512E-03,  3.03109E+00,  1.10201E+00,  2.81793E-01
 7.57270E-02,  2.57061E-02,  1.71692E-02,  1.71692E-02,  3.16930E-03
 3.16930E-03,  3.16930E-03,  3.16930E-03,  2.95278E+00,  1.11329E+00
 2.75590E-01,  6.81066E-02,  2.11514E-02,  1.34746E-02,  1.34746E-02
 2.89466E-03,  2.89466E-03,  2.89466E-03,  2.89466E-03,  1.39535E+00
 9.03370E-01,  2.35578E-01,  5.48446E-02,  1.59901E-02,  1.05271E-02
 1.05271E-02,  2.79282E-03,  2.79282E-03,  2.79282E-03,  2.79282E-03
 2.75309E+00,  7.05480E-01,  1.59406E-01,  3.61330E-02,  1.10512E-02
 8.74070E-03,  8.74070E-03,  2.79736E-03,  2.79736E-03,  2.79736E-03
 2.79736E-03,  8.09111E-01,  2.01711E-01,  5.56076E-02,  1.80354E-02
 8.07036E-03,  8.05216E-03,  8.05216E-03,  2.81523E-03,  2.81523E-03
 2.81523E-03,  2.81523E-03,  6.08322E-01,  1.89500E-01,  7.82098E-02
 3.82629E-02,  2.04566E-02,  2.20662E-02,  2.20662E-02,  8.52074E-03
 8.52074E-03,  8.52074E-03,  8.52074E-03,  6.08322E-01,  1.89500E-01
 7.82098E-02,  3.82629E-02,  2.04566E-02,  2.20662E-02,  2.20662E-02
 8.52074E-03,  8.52074E-03,  8.52074E-03,  8.52074E-03,  3.05373E-02
 3.11882E-02,  2.94466E-02,  2.46902E-02,  1.91809E-02,  3.16942E-02
 3.16942E-02,  2.71760E-02,  2.71760E-02,  2.71760E-02,  2.71760E-02
 3.05373E-02,  3.11882E-02,  2.94466E-02,  2.46902E-02,  1.91809E-02
 3.16942E-02,  3.16942E-02,  2.71760E-02,  2.71760E-02,  2.71760E-02
 2.71760E-02,  3.05373E-02,  3.11882E-02,  2.94466E-02,  2.46902E-02
 1.91809E-02,  3.16942E-02,  3.16942E-02,  2.71760E-02,  2.71760E-02
 2.71760E-02,  2.71760E-02,  3.05373E-02,  3.11882E-02,  2.94466E-02
 2.46902E-02,  1.91809E-02,  3.16942E-02,  3.16942E-02,  2.71760E-02
 2.71760E-02,  2.71760E-02,  2.71760E-02

;------ Iteration  2
;-Index  V/I_Meas      V/I_Calc    VI_%ERR
  1,   -7.28155E+00,  -7.38253E+00,  1.39
  2,   -2.06945E+00,  -1.97551E+00,  -4.54
  3,   -8.44893E-01,  -8.30677E-01,  -1.68
  4,   -4.04851E-01,  -4.10431E-01,  1.38
  5,   -2.28988E-01,  -2.29357E-01,  0.16
  6,   -1.36229E-01,  -1.38316E-01,  1.53
  7,   -1.47238E-01,  -1.48864E-01,  1.10
  8,   -9.85201E-02,  -9.69603E-02,  -1.58
  9,   -6.36745E-01,  -6.40836E-01,  0.64
  10,   -5.93715E-01,  -5.94714E-01,  0.17
  11,   -3.27039E-01,  -3.22641E-01,  -1.34
  12,   -7.31411E+00,  -7.46669E+00,  2.09
  13,   -2.07781E+00,  -2.02971E+00,  -2.32
  14,   -8.37056E-01,  -8.26719E-01,  -1.23
  15,   -4.12790E-01,  -4.11498E-01,  -0.31
  16,   -2.21250E-01,  -2.28569E-01,  3.31
  17,   -1.39142E-01,  -1.38529E-01,  -0.44
  18,   -1.48772E-01,  -1.47556E-01,  -0.82
  19,   -4.58049E-01,  -4.57703E-01,  -0.08
  20,   -4.76177E-01,  -4.74710E-01,  -0.31
  21,   -6.41377E-01,  -6.40132E-01,  -0.19
  22,   -5.84273E-01,  -5.92762E-01,  1.45
  23,   -7.42905E+00,  -7.63837E+00,  2.82
  24,   -2.08152E+00,  -2.02283E+00,  -2.82
  25,   -8.43374E-01,  -8.31620E-01,  -1.39
  26,   -4.14819E-01,  -4.11581E-01,  -0.78
  27,   -2.26939E-01,  -2.29881E-01,  1.30
  28,   -1.36964E-01,  -1.36659E-01,  -0.22
  29,   -1.49180E-01,  -1.48585E-01,  -0.40
  30,   -4.41743E-01,  -4.49545E-01,  1.77
  31,   -4.74328E-01,  -4.76291E-01,  0.41
  32,   -6.47635E-01,  -6.40450E-01,  -1.11
  33,   -5.90523E-01,  -5.87765E-01,  -0.47
  34,   -7.34943E+00,  -7.51112E+00,  2.20
  35,   -2.04459E+00,  -2.01228E+00,  -1.58
  36,   -8.41844E-01,  -8.23818E-01,  -2.14
  37,   -4.12361E-01,  -4.10578E-01,  -0.43
  38,   -2.20821E-01,  -2.25187E-01,  1.98
  39,   -1.35305E-01,  -1.37309E-01,  1.48
  40,   -1.50014E-01,  -1.48758E-01,  -0.84
  41,   -3.58272E-01,  -3.58424E-01,  0.04
  42,   -4.52693E-01,  -4.52620E-01,  -0.02
  43,   -6.28811E-01,  -6.28566E-01,  -0.04
  44,   -5.88546E-01,  -5.89300E-01,  0.13
  45,   -7.14854E+00,  -7.56657E+00,  5.85
  46,   -2.04833E+00,  -2.00792E+00,  -1.97
  47,   -8.39709E-01,  -8.25718E-01,  -1.67
  48,   -4.03159E-01,  -4.03388E-01,  0.06
  49,   -2.25356E-01,  -2.26699E-01,  0.60
  50,   -1.36128E-01,  -1.36946E-01,  0.60
  51,   -4.45533E-01,  -4.51811E-01,  1.41
  52,   -6.42708E-01,  -6.34036E-01,  -1.35
  53,   -7.37576E+00,  -7.59473E+00,  2.97
  54,   -2.09293E+00,  -2.02156E+00,  -3.41
  55,   -8.33436E-01,  -8.14261E-01,  -2.30
  56,   -4.05594E-01,  -4.07349E-01,  0.43
  57,   -2.23011E-01,  -2.26515E-01,  1.57
  58,   -1.37091E-01,  -1.37544E-01,  0.33
  59,   -6.38576E-01,  -6.38157E-01,  -0.07
  60,   -7.21422E+00,  -7.63450E+00,  5.83
  61,   -2.03874E+00,  -2.00458E+00,  -1.68
  62,   -8.41457E-01,  -8.29714E-01,  -1.40
  63,   -4.11944E-01,  -4.11658E-01,  -0.07
  64,   -2.27946E-01,  -2.30136E-01,  0.96
  65,   -7.37363E+00,  -7.54903E+00,  2.38
  66,   -2.05858E+00,  -2.02970E+00,  -1.40
  67,   -8.50648E-01,  -8.32320E-01,  -2.15
  68,   -4.12657E-01,  -4.14041E-01,  0.34
  69,   -7.21495E+00,  -7.52058E+00,  4.24
  70,   -2.07935E+00,  -2.00345E+00,  -3.65
  71,   -8.19541E-01,  -8.19977E-01,  0.05
  72,   -7.32014E+00,  -7.42634E+00,  1.45
  73,   -2.03641E+00,  -1.95194E+00,  -4.15
  74,   -7.42240E+00,  -7.49277E+00,  0.95

;-Resistivity in Ohm-m in the elemental sequential order

 1.67024E+02,  1.66374E+02,  1.66661E+02,  1.67032E+02,  1.68627E+02
 1.78403E+02,  1.78403E+02,  2.00176E+02,  2.00176E+02,  2.00176E+02
 2.00176E+02,  1.67024E+02,  1.66374E+02,  1.66661E+02,  1.67032E+02
 1.68627E+02,  1.78403E+02,  1.78403E+02,  2.00176E+02,  2.00176E+02
 2.00176E+02,  2.00176E+02,  1.67024E+02,  1.66374E+02,  1.66661E+02
 1.67032E+02,  1.68627E+02,  1.78403E+02,  1.78403E+02,  2.00176E+02
 2.00176E+02,  2.00176E+02,  2.00176E+02,  1.67024E+02,  1.66374E+02
 1.66661E+02,  1.67032E+02,  1.68627E+02,  1.78403E+02,  1.78403E+02
 2.00176E+02,  2.00176E+02,  2.00176E+02,  2.00176E+02,  1.44895E+02
 1.44812E+02,  1.43924E+02,  1.43347E+02,  1.44608E+02,  1.44650E+02
 1.44650E+02,  1.54095E+02,  1.54095E+02,  1.54095E+02,  1.54095E+02
 1.44895E+02,  1.44812E+02,  1.43924E+02,  1.43347E+02,  1.44608E+02
 1.44650E+02,  1.44650E+02,  1.54095E+02,  1.54095E+02,  1.54095E+02
 1.54095E+02,  1.43702E+02,  1.44946E+02,  1.48113E+02,  1.49453E+02
 1.45981E+02,  1.40422E+02,  1.40422E+02,  1.47960E+02,  1.47960E+02
 1.47960E+02,  1.47960E+02,  1.41549E+02,  1.43911E+02,  1.50548E+02
 1.53329E+02,  1.47662E+02,  1.38677E+02,  1.38677E+02,  1.45375E+02
 1.45375E+02,  1.45375E+02,  1.45375E+02,  1.38702E+02,  1.42290E+02
 1.54758E+02,  1.58808E+02,  1.49906E+02,  1.36672E+02,  1.36672E+02
 1.43480E+02,  1.43480E+02,  1.43480E+02,  1.43480E+02,  1.33781E+02
 1.39878E+02,  1.60471E+02,  1.65936E+02,  1.52226E+02,  1.34376E+02
 1.34376E+02,  1.41980E+02,  1.41980E+02,  1.41980E+02,  1.41980E+02
 1.30223E+02,  1.41533E+02,  1.69242E+02,  1.73992E+02,  1.54162E+02
 1.31151E+02,  1.31151E+02,  1.39284E+02,  1.39284E+02,  1.39284E+02
 1.39284E+02,  1.32706E+02,  1.46518E+02,  1.77379E+02,  1.80873E+02
 1.55078E+02,  1.27233E+02,  1.27233E+02,  1.36029E+02,  1.36029E+02
 1.36029E+02,  1.36029E+02,  1.31187E+02,  1.47904E+02,  1.82852E+02
 1.84710E+02,  1.54268E+02,  1.22923E+02,  1.22923E+02,  1.32913E+02
 1.32913E+02,  1.32913E+02,  1.32913E+02,  1.31094E+02,  1.47833E+02
 1.83454E+02,  1.84782E+02,  1.51573E+02,  1.18271E+02,  1.18271E+02
 1.29927E+02,  1.29927E+02,  1.29927E+02,  1.29927E+02,  1.34470E+02
 1.48720E+02,  1.82688E+02,  1.82303E+02,  1.47629E+02,  1.13554E+02
 1.13554E+02,  1.27097E+02,  1.27097E+02,  1.27097E+02,  1.27097E+02
 1.32301E+02,  1.45363E+02,  1.78904E+02,  1.78614E+02,  1.43393E+02
 1.09232E+02,  1.09232E+02,  1.24616E+02,  1.24616E+02,  1.24616E+02
 1.24616E+02,  1.34816E+02,  1.43731E+02,  1.76636E+02,  1.75419E+02
 1.39745E+02,  1.05745E+02,  1.05745E+02,  1.22658E+02,  1.22658E+02
 1.22658E+02,  1.22658E+02,  1.35029E+02,  1.44664E+02,  1.76376E+02
 1.73602E+02,  1.37288E+02,  1.03394E+02,  1.03394E+02,  1.21306E+02
 1.21306E+02,  1.21306E+02,  1.21306E+02,  1.35861E+02,  1.47267E+02
 1.78002E+02,  1.73398E+02,  1.36333E+02,  1.02359E+02,  1.02359E+02
 1.20627E+02,  1.20627E+02,  1.20627E+02,  1.20627E+02,  1.35615E+02
 1.47265E+02,  1.79144E+02,  1.74517E+02,  1.36990E+02,  1.02705E+02
 1.02705E+02,  1.20648E+02,  1.20648E+02,  1.20648E+02,  1.20648E+02
 1.34024E+02,  1.45827E+02,  1.79802E+02,  1.76771E+02,  1.39122E+02
 1.04362E+02,  1.04362E+02,  1.21338E+02,  1.21338E+02,  1.21338E+02
 1.21338E+02,  1.35867E+02,  1.47850E+02,  1.82114E+02,  1.79676E+02
 1.42273E+02,  1.07153E+02,  1.07153E+02,  1.22673E+02,  1.22673E+02
 1.22673E+02,  1.22673E+02,  1.34709E+02,  1.48596E+02,  1.82096E+02
 1.81783E+02,  1.45785E+02,  1.10759E+02,  1.10759E+02,  1.24569E+02
 1.24569E+02,  1.24569E+02,  1.24569E+02,  1.33481E+02,  1.46066E+02
 1.80099E+02,  1.82503E+02,  1.49003E+02,  1.14767E+02,  1.14767E+02
 1.26882E+02,  1.26882E+02,  1.26882E+02,  1.26882E+02,  1.30302E+02
 1.42651E+02,  1.76953E+02,  1.81829E+02,  1.51363E+02,  1.18793E+02
 1.18793E+02,  1.29499E+02,  1.29499E+02,  1.29499E+02,  1.29499E+02
 1.31229E+02,  1.43843E+02,  1.75889E+02,  1.79606E+02,  1.52374E+02
 1.22511E+02,  1.22511E+02,  1.32308E+02,  1.32308E+02,  1.32308E+02
 1.32308E+02,  1.31894E+02,  1.45249E+02,  1.72282E+02,  1.74838E+02
 1.51768E+02,  1.25763E+02,  1.25763E+02,  1.35273E+02,  1.35273E+02
 1.35273E+02,  1.35273E+02,  1.32120E+02,  1.43637E+02,  1.65448E+02
 1.67609E+02,  1.49837E+02,  1.28667E+02,  1.28667E+02,  1.38496E+02
 1.38496E+02,  1.38496E+02,  1.38496E+02,  1.36879E+02,  1.41765E+02
 1.56797E+02,  1.59860E+02,  1.47503E+02,  1.31403E+02,  1.31403E+02
 1.41427E+02,  1.41427E+02,  1.41427E+02,  1.41427E+02,  1.39376E+02
 1.42264E+02,  1.51588E+02,  1.53913E+02,  1.45647E+02,  1.33905E+02
 1.33905E+02,  1.43129E+02,  1.43129E+02,  1.43129E+02,  1.43129E+02
 1.43558E+02,  1.44676E+02,  1.48885E+02,  1.50135E+02,  1.44533E+02
 1.36754E+02,  1.36754E+02,  1.45413E+02,  1.45413E+02,  1.45413E+02
 1.45413E+02,  1.45751E+02,  1.46297E+02,  1.48016E+02,  1.48306E+02
 1.44906E+02,  1.40943E+02,  1.40943E+02,  1.49834E+02,  1.49834E+02
 1.49834E+02,  1.49834E+02,  1.46721E+02,  1.47458E+02,  1.48547E+02
 1.48780E+02,  1.47413E+02,  1.46376E+02,  1.46376E+02,  1.55793E+02
 1.55793E+02,  1.55793E+02,  1.55793E+02,  1.46721E+02,  1.47458E+02
 1.48547E+02,  1.48780E+02,  1.47413E+02,  1.46376E+02,  1.46376E+02
 1.55793E+02,  1.55793E+02,  1.55793E+02,  1.55793E+02,  1.53227E+02
 1.55829E+02,  1.58606E+02,  1.60945E+02,  1.62717E+02,  1.70576E+02
 1.70576E+02,  1.93601E+02,  1.93601E+02,  1.93601E+02,  1.93601E+02
 1.53227E+02,  1.55829E+02,  1.58606E+02,  1.60945E+02,  1.62717E+02
 1.70576E+02,  1.70576E+02,  1.93601E+02,  1.93601E+02,  1.93601E+02
 1.93601E+02,  1.53227E+02,  1.55829E+02,  1.58606E+02,  1.60945E+02
 1.62717E+02,  1.70576E+02,  1.70576E+02,  1.93601E+02,  1.93601E+02
 1.93601E+02,  1.93601E+02,  1.53227E+02,  1.55829E+02,  1.58606E+02
 1.60945E+02,  1.62717E+02,  1.70576E+02,  1.70576E+02,  1.93601E+02
 1.93601E+02,  1.93601E+02,  1.93601E+02

;-Sensitivity in the elemental sequential order

 3.17744E-02,  3.30510E-02,  3.15428E-02,  2.67220E-02,  2.08887E-02
 3.43654E-02,  3.43654E-02,  2.93321E-02,  2.93321E-02,  2.93321E-02
 2.93321E-02,  3.17744E-02,  3.30510E-02,  3.15428E-02,  2.67220E-02
 2.08887E-02,  3.43654E-02,  3.43654E-02,  2.93321E-02,  2.93321E-02
 2.93321E-02,  2.93321E-02,  3.17744E-02,  3.30510E-02,  3.15428E-02
 2.67220E-02,  2.08887E-02,  3.43654E-02,  3.43654E-02,  2.93321E-02
 2.93321E-02,  2.93321E-02,  2.93321E-02,  3.17744E-02,  3.30510E-02
 3.15428E-02,  2.67220E-02,  2.08887E-02,  3.43654E-02,  3.43654E-02
 2.93321E-02,  2.93321E-02,  2.93321E-02,  2.93321E-02,  6.02032E-01
 1.89285E-01,  7.94048E-02,  3.93830E-02,  2.12538E-02,  2.28270E-02
 2.28270E-02,  8.52579E-03,  8.52579E-03,  8.52579E-03,  8.52579E-03
 6.02032E-01,  1.89285E-01,  7.94048E-02,  3.93830E-02,  2.12538E-02
 2.28270E-02,  2.28270E-02,  8.52579E-03,  8.52579E-03,  8.52579E-03
 8.52579E-03,  8.04414E-01,  2.03468E-01,  5.74120E-02,  1.86094E-02
 8.28056E-03,  8.35203E-03,  8.35203E-03,  2.76718E-03,  2.76718E-03
 2.76718E-03,  2.76718E-03,  2.69835E+00,  6.95070E-01,  1.60782E-01
 3.75882E-02,  1.17955E-02,  9.55070E-03,  9.55070E-03,  2.75559E-03
 2.75559E-03,  2.75559E-03,  2.75559E-03,  1.38890E+00,  8.70655E-01
 2.34501E-01,  5.64882E-02,  1.70082E-02,  1.20038E-02,  1.20038E-02
 2.86891E-03,  2.86891E-03,  2.86891E-03,  2.86891E-03,  2.93617E+00
 1.09277E+00,  2.72305E-01,  6.91172E-02,  2.19561E-02,  1.51959E-02
 1.51959E-02,  3.13931E-03,  3.13931E-03,  3.13931E-03,  3.13931E-03
 2.94132E+00,  1.08105E+00,  2.77108E-01,  7.54684E-02,  2.58375E-02
 1.85874E-02,  1.85874E-02,  3.55863E-03,  3.55863E-03,  3.55863E-03
 3.55863E-03,  3.14773E+00,  1.09119E+00,  2.80267E-01,  7.93790E-02
 2.89671E-02,  2.20091E-02,  2.20091E-02,  4.10517E-03,  4.10517E-03
 4.10517E-03,  4.10517E-03,  3.09758E+00,  1.09413E+00,  2.82872E-01
 8.25561E-02,  3.16821E-02,  2.52987E-02,  2.52987E-02,  4.72140E-03
 4.72140E-03,  4.72140E-03,  4.72140E-03,  3.13042E+00,  1.10287E+00
 2.86533E-01,  8.54554E-02,  3.42134E-02,  2.84055E-02,  2.84055E-02
 5.35951E-03,  5.35951E-03,  5.35951E-03,  5.35951E-03,  3.15645E+00
 1.09715E+00,  2.88279E-01,  8.83615E-02,  3.67096E-02,  3.13599E-02
 3.13599E-02,  5.99497E-03,  5.99497E-03,  5.99497E-03,  5.99497E-03
 3.11871E+00,  1.11028E+00,  2.92939E-01,  9.11616E-02,  3.88399E-02
 3.38515E-02,  3.38515E-02,  6.54839E-03,  6.54839E-03,  6.54839E-03
 6.54839E-03,  3.10339E+00,  1.11453E+00,  2.95295E-01,  9.30554E-02
 4.03141E-02,  3.56810E-02,  3.56810E-02,  6.96884E-03,  6.96884E-03
 6.96884E-03,  6.96884E-03,  3.14262E+00,  1.11773E+00,  2.96784E-01
 9.38700E-02,  4.11750E-02,  3.69150E-02,  3.69150E-02,  7.26096E-03
 7.26096E-03,  7.26096E-03,  7.26096E-03,  3.13364E+00,  1.11390E+00
 2.95938E-01,  9.37201E-02,  4.13872E-02,  3.73824E-02,  3.73824E-02
 7.37953E-03,  7.37953E-03,  7.37953E-03,  7.37953E-03,  3.14596E+00
 1.11595E+00,  2.96046E-01,  9.35815E-02,  4.11089E-02,  3.70776E-02
 3.70776E-02,  7.31297E-03,  7.31297E-03,  7.31297E-03,  7.31297E-03
 3.14182E+00,  1.12453E+00,  2.97766E-01,  9.33420E-02,  4.04628E-02
 3.61624E-02,  3.61624E-02,  7.08816E-03,  7.08816E-03,  7.08816E-03
 7.08816E-03,  3.14202E+00,  1.11191E+00,  2.94151E-01,  9.16964E-02
 3.92218E-02,  3.45160E-02,  3.45160E-02,  6.68032E-03,  6.68032E-03
 6.68032E-03,  6.68032E-03,  3.16652E+00,  1.10439E+00,  2.90487E-01
 8.95971E-02,  3.75920E-02,  3.22854E-02,  3.22854E-02,  6.12683E-03
 6.12683E-03,  6.12683E-03,  6.12683E-03,  3.09794E+00,  1.10212E+00
 2.89035E-01,  8.82462E-02,  3.59279E-02,  2.97715E-02,  2.97715E-02
 5.50843E-03,  5.50843E-03,  5.50843E-03,  5.50843E-03,  3.13228E+00
 1.11171E+00,  2.89411E-01,  8.66555E-02,  3.39699E-02,  2.69010E-02
 2.69010E-02,  4.84937E-03,  4.84937E-03,  4.84937E-03,  4.84937E-03
 3.08610E+00,  1.09405E+00,  2.85181E-01,  8.37404E-02,  3.15103E-02
 2.36814E-02,  2.36814E-02,  4.19943E-03,  4.19943E-03,  4.19943E-03
 4.19943E-03,  3.10551E+00,  1.09721E+00,  2.82275E-01,  7.99447E-02
 2.85812E-02,  2.02226E-02,  2.02226E-02,  3.62315E-03,  3.62315E-03
 3.62315E-03,  3.62315E-03,  2.99690E+00,  1.08531E+00,  2.78628E-01
 7.51468E-02,  2.50094E-02,  1.65633E-02,  1.65633E-02,  3.15406E-03
 3.15406E-03,  3.15406E-03,  3.15406E-03,  2.94728E+00,  1.09906E+00
 2.73185E-01,  6.78305E-02,  2.06892E-02,  1.30665E-02,  1.30665E-02
 2.84057E-03,  2.84057E-03,  2.84057E-03,  2.84057E-03,  1.38351E+00
 8.90688E-01,  2.34753E-01,  5.48958E-02,  1.57422E-02,  1.02832E-02
 1.02832E-02,  2.71332E-03,  2.71332E-03,  2.71332E-03,  2.71332E-03
 2.72276E+00,  7.00068E-01,  1.59561E-01,  3.62552E-02,  1.09554E-02
 8.60522E-03,  8.60522E-03,  2.71137E-03,  2.71137E-03,  2.71137E-03
 2.71137E-03,  8.05026E-01,  2.01913E-01,  5.59682E-02,  1.81120E-02
 8.04448E-03,  7.95396E-03,  7.95396E-03,  2.73147E-03,  2.73147E-03
 2.73147E-03,  2.73147E-03,  6.04380E-01,  1.88160E-01,  7.77369E-02
 3.81064E-02,  2.03494E-02,  2.17793E-02,  2.17793E-02,  8.27711E-03
 8.27711E-03,  8.27711E-03,  8.27711E-03,  6.04380E-01,  1.88160E-01
 7.77369E-02,  3.81064E-02,  2.03494E-02,  2.17793E-02,  2.17793E-02
 8.27711E-03,  8.27711E-03,  8.27711E-03,  8.27711E-03,  3.04817E-02
 3.11238E-02,  2.93983E-02,  2.46798E-02,  1.91999E-02,  3.18175E-02
 3.18175E-02,  2.75942E-02,  2.75942E-02,  2.75942E-02,  2.75942E-02
 3.04817E-02,  3.11238E-02,  2.93983E-02,  2.46798E-02,  1.91999E-02
 3.18175E-02,  3.18175E-02,  2.75942E-02,  2.75942E-02,  2.75942E-02
 2.75942E-02,  3.04817E-02,  3.11238E-02,  2.93983E-02,  2.46798E-02
 1.91999E-02,  3.18175E-02,  3.18175E-02,  2.75942E-02,  2.75942E-02
 2.75942E-02,  2.75942E-02,  3.04817E-02,  3.11238E-02,  2.93983E-02
 2.46798E-02,  1.91999E-02,  3.18175E-02,  3.18175E-02,  2.75942E-02
 2.75942E-02,  2.75942E-02,  2.75942E-02

