Advanced Geosciences Inc. (AGI) Sting/SuperSting measured data (*.stg)   Type: XYZ
A trimmed data set by AGI EarthImager 2D Web Interface. Version: 1.0.0. Records: 74
Raw data file: EarthImager 2D Web Interface

Number of Data = 74
Number of Electrodes = 14
Number of Surface Electrodes = 14
Number of IP Data = 0

Processing starts at 2025-09-26 14:30:25

;------ SETTINGS ------

Minimum Voltage (mv) = 0.2
Minimum V/I (ohm) = 0.0005
Minimum apparent resistivity (ohm-m)  = 1
Maximum apparent resistivity (ohm-m)  = 10000
Maximum repeat error (%)  = 2
Maximum reciprocal error (%)  = 2
Remove negative apparent resistivity in ERT data: Yes
Keep All Data (no data removal): No
Inversion Method:  Robust inversion
Vertical axis:  Positive Upward
Y Coordinate =  Depth
Min electrode spacing X (m)  = 0.003
Min electrode spacing Z (m)  = 0.003
Forward Modeling Method:  Finite element method
Forward system solver:  Cholesky decomposition method
Boundary condition type:  Dirichlet
Number cells or elements betwenn two electrodes = 2
Lower-layer-thickness / Upper-layer-thickness =  1.1
Depth of Inverted Model / Depth of Pseudosection =  1.1
Max number of iteration of nonlinear inversion = 20
Stop RMS error = 2%
Mininum error reduction between two iterations = 2%
Stop at Max number of iterations: Yes
Stop when RMS is small enough: No
Stop when RMS can not be reduced: No
Res Data reweighting: No
Use Reciprocal Error: No
Stop when L2 norm is small enough: Yes
Initial smoothness factor = 10
Roughness conditioner = 0.2
Starting model: Avg AppRes.
Start halfspace resistivity = 1.00 ohm-m
Minimum resistivity =        1.0 ohm-m
Maximum resistivity =   100000.0 ohm-m
Number of elements combined horizontally = 1
Number of elements combined verically = 1
Vertical / Horizontal roughness ratio = 0.5
Estimated noise of resistivity data  = 2%
Initial damping factor of resistivity = 10
Robust data conditioner:  1
Robust model conditioner:  1
Starting iteration of quasi Newton method = 20
IP inversion method: No IP Inversion

;------ ELECTRODE LOCATIONS ------

Electrode         X            Y
     0,           0.000,          0.000
     1,           1.000,          0.000
     2,           2.000,          0.000
     3,           3.000,          0.000
     4,           4.000,          0.000
     5,           5.000,          0.000
     6,           6.000,          0.000
     7,           7.000,          0.000
     8,           8.000,          0.000
     9,          10.000,          0.000
     10,          13.000,          0.000
     11,           9.000,          0.000
     12,          12.000,          0.000
     13,          11.000,          0.000


;------ Commands, Raw V/I, GeomFactor, AppRes ------

DataID   A   B   M   N       V/I           K           App-Res
  1,     0,  1,  2,  3,  -7.28155E-03,  -1.88496E+01,    1.37254E+02
  2,     0,  1,  3,  4,  -2.06945E-03,  -7.53982E+01,    1.56033E+02
  3,     0,  1,  4,  5,  -8.44893E-04,  -1.88496E+02,    1.59259E+02
  4,     0,  1,  5,  6,  -4.04851E-04,  -3.76991E+02,    1.52625E+02
  5,     0,  1,  6,  7,  -2.28988E-04,  -6.59734E+02,    1.51071E+02
  6,     0,  1,  7,  8,  -1.36229E-04,  -1.05558E+03,    1.43800E+02
  7,     0,  1,  8,  9,  -1.47238E-04,  -9.31390E+02,    1.37136E+02
  8,     0,  1,  9,  10,  -9.85201E-05,  -1.33660E+03,    1.31682E+02
  9,     0,  2,  6,  7,  -6.36745E-04,  -2.39903E+02,    1.52757E+02
  10,     0,  2,  7,  11,  -5.93715E-04,  -2.47400E+02,    1.46885E+02
  11,     0,  2,  11,  12,  -3.27039E-04,  -4.16674E+02,    1.36269E+02
  12,     1,  2,  3,  4,  -7.31411E-03,  -1.88496E+01,    1.37868E+02
  13,     1,  2,  4,  5,  -2.07781E-03,  -7.53982E+01,    1.56663E+02
  14,     1,  2,  5,  6,  -8.37056E-04,  -1.88496E+02,    1.57781E+02
  15,     1,  2,  6,  7,  -4.12790E-04,  -3.76991E+02,    1.55618E+02
  16,     1,  2,  7,  8,  -2.21250E-04,  -6.59734E+02,    1.45966E+02
  17,     1,  2,  8,  11,  -1.39142E-04,  -1.05558E+03,    1.46874E+02
  18,     1,  2,  11,  13,  -1.48772E-04,  -9.31390E+02,    1.38564E+02
  19,     0,  3,  8,  11,  -4.58049E-04,  -3.23135E+02,    1.48012E+02
  20,     0,  3,  11,  13,  -4.76177E-04,  -2.92723E+02,    1.39388E+02
  21,     1,  3,  7,  8,  -6.41377E-04,  -2.39903E+02,    1.53869E+02
  22,     1,  3,  8,  9,  -5.84273E-04,  -2.47400E+02,    1.44550E+02
  23,     2,  3,  4,  5,  -7.42905E-03,  -1.88496E+01,    1.40034E+02
  24,     2,  3,  5,  6,  -2.08152E-03,  -7.53982E+01,    1.56943E+02
  25,     2,  3,  6,  7,  -8.43374E-04,  -1.88496E+02,    1.58972E+02
  26,     2,  3,  7,  8,  -4.14819E-04,  -3.76991E+02,    1.56383E+02
  27,     2,  3,  8,  11,  -2.26939E-04,  -6.59734E+02,    1.49720E+02
  28,     2,  3,  11,  9,  -1.36964E-04,  -1.05558E+03,    1.44576E+02
  29,     2,  3,  9,  12,  -1.49180E-04,  -9.31390E+02,    1.38945E+02
  30,     1,  4,  11,  9,  -4.41743E-04,  -3.23135E+02,    1.42743E+02
  31,     1,  4,  9,  12,  -4.74328E-04,  -2.92723E+02,    1.38846E+02
  32,     2,  4,  8,  11,  -6.47635E-04,  -2.39903E+02,    1.55370E+02
  33,     2,  4,  11,  13,  -5.90523E-04,  -2.47400E+02,    1.46096E+02
  34,     3,  4,  5,  6,  -7.34943E-03,  -1.88496E+01,    1.38534E+02
  35,     3,  4,  6,  7,  -2.04459E-03,  -7.53982E+01,    1.54158E+02
  36,     3,  4,  7,  8,  -8.41844E-04,  -1.88496E+02,    1.58684E+02
  37,     3,  4,  8,  11,  -4.12361E-04,  -3.76991E+02,    1.55456E+02
  38,     3,  4,  11,  9,  -2.20821E-04,  -6.59734E+02,    1.45684E+02
  39,     3,  4,  9,  13,  -1.35305E-04,  -1.05558E+03,    1.42824E+02
  40,     3,  4,  13,  10,  -1.50014E-04,  -9.31390E+02,    1.39722E+02
  41,     0,  5,  13,  12,  -3.58272E-04,  -3.87044E+02,    1.38667E+02
  42,     2,  5,  9,  13,  -4.52693E-04,  -3.23135E+02,    1.46281E+02
  43,     3,  5,  11,  9,  -6.28811E-04,  -2.39903E+02,    1.50854E+02
  44,     3,  5,  9,  12,  -5.88546E-04,  -2.47400E+02,    1.45607E+02
  45,     4,  5,  6,  7,  -7.14854E-03,  -1.88496E+01,    1.34747E+02
  46,     4,  5,  7,  8,  -2.04833E-03,  -7.53982E+01,    1.54441E+02
  47,     4,  5,  8,  11,  -8.39709E-04,  -1.88496E+02,    1.58281E+02
  48,     4,  5,  11,  9,  -4.03159E-04,  -3.76991E+02,    1.51988E+02
  49,     4,  5,  9,  13,  -2.25356E-04,  -6.59734E+02,    1.48675E+02
  50,     4,  5,  13,  12,  -1.36128E-04,  -1.05558E+03,    1.43694E+02
  51,     3,  6,  13,  12,  -4.45533E-04,  -3.23135E+02,    1.43967E+02
  52,     4,  6,  9,  13,  -6.42708E-04,  -2.39903E+02,    1.54188E+02
  53,     5,  6,  7,  8,  -7.37576E-03,  -1.88496E+01,    1.39030E+02
  54,     5,  6,  8,  11,  -2.09293E-03,  -7.53982E+01,    1.57803E+02
  55,     5,  6,  11,  9,  -8.33436E-04,  -1.88496E+02,    1.57099E+02
  56,     5,  6,  9,  13,  -4.05594E-04,  -3.76991E+02,    1.52905E+02
  57,     5,  6,  13,  12,  -2.23011E-04,  -6.59734E+02,    1.47128E+02
  58,     5,  6,  12,  10,  -1.37091E-04,  -1.05558E+03,    1.44709E+02
  59,     5,  7,  13,  12,  -6.38576E-04,  -2.39903E+02,    1.53197E+02
  60,     6,  7,  8,  11,  -7.21422E-03,  -1.88496E+01,    1.35985E+02
  61,     6,  7,  11,  9,  -2.03874E-03,  -7.53982E+01,    1.53717E+02
  62,     6,  7,  9,  13,  -8.41457E-04,  -1.88496E+02,    1.58611E+02
  63,     6,  7,  13,  12,  -4.11944E-04,  -3.76991E+02,    1.55299E+02
  64,     6,  7,  12,  10,  -2.27946E-04,  -6.59734E+02,    1.50384E+02
  65,     7,  8,  11,  9,  -7.37363E-03,  -1.88496E+01,    1.38990E+02
  66,     7,  8,  9,  13,  -2.05858E-03,  -7.53982E+01,    1.55213E+02
  67,     7,  8,  13,  12,  -8.50648E-04,  -1.88496E+02,    1.60343E+02
  68,     7,  8,  12,  10,  -4.12657E-04,  -3.76991E+02,    1.55568E+02
  69,     8,  11,  9,  13,  -7.21495E-03,  -1.88496E+01,    1.35999E+02
  70,     8,  11,  13,  12,  -2.07935E-03,  -7.53982E+01,    1.56779E+02
  71,     8,  11,  12,  10,  -8.19541E-04,  -1.88496E+02,    1.54480E+02
  72,     11,  9,  13,  12,  -7.32014E-03,  -1.88496E+01,    1.37981E+02
  73,     11,  9,  12,  10,  -2.03641E-03,  -7.53982E+01,    1.53542E+02
  74,     9,  13,  12,  10,  -7.42240E-03,  -1.88496E+01,    1.39909E+02

;------ OUTPUT OF DATA AND MODEL OF ALL ITERATIONS ------

;------ Iteration  0
;-Index  V/I_Meas      V/I_Calc    VI_%ERR
  1,   -7.28155E+00,  -6.17969E+00,  -15.13
  2,   -8.27781E+00,  -8.20383E+00,  -0.89
  3,   -8.44895E+00,  -9.85897E+00,  16.69
  4,   -8.09701E+00,  -8.49196E+00,   4.88
  5,   -8.01457E+00,  -7.91515E+00,  -1.24
  6,   -7.62883E+00,  -8.85876E+00,  16.12
  7,   -7.27529E+00,  -5.92778E+00,  -18.52
  8,   -6.98595E+00,  -6.01725E+00,  -13.87
  9,   -8.10401E+00,  -8.70325E+00,   7.39
  10,   -7.79249E+00,  -6.35483E+00,  -18.45
  11,   -7.22929E+00,  -6.08108E+00,  -15.88
  12,   -7.31412E+00,  -6.49158E+00,  -11.25
  13,   -8.31123E+00,  -8.46318E+00,   1.83
  14,   -8.37054E+00,  -1.03551E+01,  23.71
  15,   -8.25579E+00,  -9.64608E+00,  16.84
  16,   -7.74374E+00,  -7.13491E+00,  -7.86
  17,   -7.79191E+00,  -7.23790E+00,  -7.11
  18,   -7.35105E+00,  -8.41383E+00,  14.46
  19,   -7.85228E+00,  -8.72768E+00,  11.15
  20,   -7.39476E+00,  -7.29306E+00,  -1.38
  21,   -8.16300E+00,  -6.61628E+00,  -18.95
  22,   -7.66862E+00,  -7.70440E+00,   0.47
  23,   -7.42903E+00,  -8.33016E+00,  12.13
  24,   -8.32608E+00,  -8.29563E+00,  -0.37
  25,   -8.43373E+00,  -8.97540E+00,   6.42
  26,   -8.29638E+00,  -8.56393E+00,   3.22
  27,   -7.94289E+00,  -6.81026E+00,  -14.26
  28,   -7.67000E+00,  -7.40451E+00,  -3.46
  29,   -7.37126E+00,  -7.64710E+00,   3.74
  30,   -7.57275E+00,  -8.12269E+00,   7.26
  31,   -7.36601E+00,  -7.89834E+00,   7.23
  32,   -8.24263E+00,  -6.12902E+00,  -25.64
  33,   -7.75063E+00,  -8.46714E+00,   9.24
  34,   -7.34946E+00,  -8.05364E+00,   9.58
  35,   -8.17834E+00,  -8.35775E+00,   2.19
  36,   -8.41845E+00,  -8.58885E+00,   2.02
  37,   -8.24720E+00,  -7.48891E+00,  -9.19
  38,   -7.72878E+00,  -8.19446E+00,   6.03
  39,   -7.57705E+00,  -8.54078E+00,  12.72
  40,   -7.41248E+00,  -6.49794E+00,  -12.34
  41,   -7.35651E+00,  -7.68373E+00,   4.45
  42,   -7.76045E+00,  -7.87283E+00,   1.45
  43,   -8.00305E+00,  -8.81702E+00,  10.17
  44,   -7.72469E+00,  -6.89767E+00,  -10.71
  45,   -7.14855E+00,  -7.64263E+00,   6.91
  46,   -8.19335E+00,  -8.82154E+00,   7.67
  47,   -8.39707E+00,  -7.92890E+00,  -5.58
  48,   -8.06321E+00,  -8.18744E+00,   1.54
  49,   -7.88745E+00,  -8.71467E+00,  10.49
  50,   -7.62320E+00,  -7.17451E+00,  -5.89
  51,   -7.63769E+00,  -8.03150E+00,   5.16
  52,   -8.17993E+00,  -9.25656E+00,  13.16
  53,   -7.37577E+00,  -7.16952E+00,  -2.80
  54,   -8.37171E+00,  -8.51739E+00,   1.74
  55,   -8.33436E+00,  -9.12485E+00,   9.48
  56,   -8.11186E+00,  -8.73892E+00,   7.73
  57,   -7.80538E+00,  -8.96966E+00,  14.92
  58,   -7.67705E+00,  -8.54522E+00,  11.31
  59,   -8.12735E+00,  -8.27245E+00,   1.79
  60,   -7.21423E+00,  -7.14972E+00,  -0.89
  61,   -8.15494E+00,  -7.57939E+00,  -7.06
  62,   -8.41457E+00,  -8.08318E+00,  -3.94
  63,   -8.23887E+00,  -8.09010E+00,  -1.81
  64,   -7.97812E+00,  -8.73093E+00,   9.44
  65,   -7.37365E+00,  -7.76652E+00,   5.33
  66,   -8.23431E+00,  -6.53951E+00,  -20.58
  67,   -8.50646E+00,  -7.94632E+00,  -6.58
  68,   -8.25314E+00,  -1.00588E+01,  21.88
  69,   -7.21497E+00,  -7.33051E+00,   1.60
  70,   -8.31738E+00,  -7.75694E+00,  -6.74
  71,   -8.19542E+00,  -8.79739E+00,   7.35
  72,   -7.32012E+00,  -5.59497E+00,  -23.57
  73,   -8.14566E+00,  -7.85677E+00,  -3.55
  74,   -7.42240E+00,  -7.03663E+00,  -5.20

;-Resistivity in Ohm-m in the elemental sequential order

  7.37451E+00  8.25306E+00  8.40399E+00  8.09362E+00  8.02092E+00
  7.68076E+00  7.36899E+00  7.11383E+00  8.09980E+00  7.82508E+00
  7.32842E+00  7.40323E+00  8.28254E+00  8.33484E+00  8.23365E+00
  7.78209E+00  7.82457E+00  7.43579E+00  7.87781E+00  7.47434E+00
  8.15182E+00  7.71584E+00  7.50457E+00  8.29564E+00  8.39056E+00
  8.26944E+00  7.95772E+00  7.71706E+00  7.45362E+00  7.63130E+00
  7.44899E+00  8.22205E+00  7.78817E+00  7.43439E+00  8.16534E+00
  8.37709E+00  8.22607E+00  7.76890E+00  7.63509E+00  7.48997E+00
  7.44061E+00  7.79683E+00  8.01077E+00  7.76529E+00  7.25722E+00
  8.17858E+00  8.35823E+00  8.06382E+00  7.90883E+00  7.67580E+00
  7.68857E+00  8.16675E+00  7.45760E+00  8.33587E+00  8.30294E+00
  8.10672E+00  7.83645E+00  7.72328E+00  8.12038E+00  7.31514E+00
  8.14471E+00  8.37367E+00  8.21872E+00  7.98878E+00  7.45572E+00
  8.21470E+00  8.45470E+00  8.23131E+00  7.31579E+00  8.28796E+00
  8.18041E+00  7.40852E+00  8.13652E+00  7.49872E+00  7.37451E+00
  8.25306E+00  8.40399E+00  8.09362E+00  8.02092E+00  7.68076E+00
  7.36899E+00  7.11383E+00  8.09980E+00  7.82508E+00  7.32842E+00
  7.40323E+00  8.28254E+00  8.33484E+00  8.23365E+00  7.78209E+00
  7.82457E+00  7.43579E+00  7.87781E+00  7.47434E+00  8.15182E+00
  7.71584E+00  7.50457E+00  8.29564E+00  8.39056E+00  8.26944E+00
  7.95772E+00  7.71706E+00  7.45362E+00  7.63130E+00  7.44899E+00
  8.22205E+00  7.78817E+00  7.43439E+00  8.16534E+00  8.37709E+00
  8.22607E+00  7.76890E+00  7.63509E+00  7.48997E+00  7.44061E+00
  7.79683E+00  8.01077E+00  7.76529E+00  7.25722E+00  8.17858E+00
  8.35823E+00  8.06382E+00  7.90883E+00  7.67580E+00  7.68857E+00
  8.16675E+00  7.45760E+00  8.33587E+00  8.30294E+00  8.10672E+00
  7.83645E+00  7.72328E+00  8.12038E+00  7.31514E+00  8.14471E+00
  8.37367E+00  8.21872E+00  7.98878E+00  7.45572E+00  8.21470E+00
  8.45470E+00  8.23131E+00  7.31579E+00  8.28796E+00  8.18041E+00
  7.40852E+00  8.13652E+00  7.49872E+00  7.37451E+00  8.25306E+00
  8.40399E+00  8.09362E+00  8.02092E+00  7.68076E+00  7.36899E+00
  7.11383E+00  8.09980E+00  7.82508E+00  7.32842E+00  7.40323E+00
  8.28254E+00  8.33484E+00  8.23365E+00  7.78209E+00  7.82457E+00
  7.43579E+00  7.87781E+00  7.47434E+00  8.15182E+00  7.71584E+00
  7.50457E+00  8.29564E+00  8.39056E+00  8.26944E+00  7.95772E+00
  7.71706E+00  7.45362E+00  7.63130E+00  7.44899E+00  8.22205E+00
  7.78817E+00  7.43439E+00  8.16534E+00  8.37709E+00  8.22607E+00
  7.76890E+00  7.63509E+00  7.48997E+00  7.44061E+00  7.79683E+00
  8.01077E+00  7.76529E+00  7.25722E+00  8.17858E+00  8.35823E+00
  8.06382E+00  7.90883E+00  7.67580E+00  7.68857E+00  8.16675E+00
  7.45760E+00  8.33587E+00  8.30294E+00  8.10672E+00  7.83645E+00
  7.72328E+00  8.12038E+00  7.31514E+00  8.14471E+00  8.37367E+00
  8.21872E+00  7.98878E+00  7.45572E+00  8.21470E+00  8.45470E+00
  8.23131E+00  7.31579E+00  8.28796E+00  8.18041E+00  7.40852E+00
  8.13652E+00  7.49872E+00  7.37451E+00  8.25306E+00  8.40399E+00
  8.09362E+00  8.02092E+00  7.68076E+00  7.36899E+00  7.11383E+00
  8.09980E+00  7.82508E+00  7.32842E+00  7.40323E+00  8.28254E+00
  8.33484E+00  8.23365E+00  7.78209E+00  7.82457E+00  7.43579E+00
  7.87781E+00  7.47434E+00  8.15182E+00  7.71584E+00  7.50457E+00
  8.29564E+00  8.39056E+00  8.26944E+00  7.95772E+00  7.71706E+00
  7.45362E+00  7.63130E+00  7.44899E+00  8.22205E+00  7.78817E+00
  7.43439E+00  8.16534E+00  8.37709E+00  8.22607E+00  7.76890E+00
  7.63509E+00  7.48997E+00  7.44061E+00  7.79683E+00  8.01077E+00
  7.76529E+00  7.25722E+00  8.17858E+00  8.35823E+00  8.06382E+00
  7.90883E+00  7.67580E+00  7.68857E+00  8.16675E+00  7.45760E+00
  8.33587E+00  8.30294E+00  8.10672E+00  7.83645E+00  7.72328E+00
  8.12038E+00  7.31514E+00  8.14471E+00  8.37367E+00  8.21872E+00
  7.98878E+00  7.45572E+00  8.21470E+00  8.45470E+00  8.23131E+00
  7.31579E+00  8.28796E+00  8.18041E+00  7.40852E+00  8.13652E+00
  7.49872E+00  7.37451E+00  8.25306E+00  8.40399E+00  8.09362E+00
  8.02092E+00  7.68076E+00  7.36899E+00  7.11383E+00  8.09980E+00
  7.82508E+00  7.32842E+00  7.40323E+00  8.28254E+00  8.33484E+00
  8.23365E+00  7.78209E+00  7.82457E+00  7.43579E+00  7.87781E+00
  7.47434E+00  8.15182E+00  7.71584E+00  7.50457E+00  8.29564E+00
  8.39056E+00  8.26944E+00  7.95772E+00  7.71706E+00  7.45362E+00
  7.63130E+00  7.44899E+00  8.22205E+00  7.78817E+00  7.43439E+00
  8.16534E+00  8.37709E+00  8.22607E+00  7.76890E+00  7.63509E+00
  7.48997E+00

;-Sensitivity in the elemental sequential order

  1.03772E-04  8.64852E-05  9.06900E-05  8.78988E-05  8.64415E-05
  1.09039E-04  1.05570E-04  1.11176E-04  8.36097E-05  9.24342E-05
  9.31541E-05  8.29477E-05  9.45545E-05  9.60535E-05  1.09220E-04
  1.04915E-04  9.70197E-05  1.01327E-04  9.31489E-05  9.33609E-05
  9.13881E-05  1.12728E-04  9.72768E-05  9.05340E-05  8.08677E-05
  8.67438E-05  9.60586E-05  8.62087E-05  1.06091E-04  9.09389E-05
  9.63366E-05  1.10694E-04  9.01807E-05  9.21221E-05  8.86980E-05
  9.53771E-05  8.00180E-05  9.65385E-05  9.74169E-05  9.30750E-05
  1.04845E-04  1.15475E-04  1.02857E-04  1.02287E-04  9.86193E-05
  9.50306E-05  1.10682E-04  9.80743E-05  1.14301E-04  1.04279E-04
  9.09315E-05  8.73616E-05  1.10195E-04  1.18479E-04  9.30202E-05
  9.91195E-05  8.95061E-05  9.50415E-05  1.10046E-04  9.31543E-05
  9.61687E-05  1.14790E-04  1.09835E-04  1.05203E-04  9.72018E-05
  1.08565E-04  9.30853E-05  1.22892E-04  1.00113E-04  1.04812E-04
  1.07047E-04  9.20850E-05  9.16683E-05  1.14459E-04

;------ Iteration  1
;-Index  V/I_Meas      V/I_Calc    VI_%ERR
  1,   -7.28155E+00,  -7.43141E+00,   2.06
  2,   -8.27781E+00,  -8.31221E+00,   0.42
  3,   -8.44895E+00,  -7.79193E+00,  -7.78
  4,   -8.09701E+00,  -7.70162E+00,  -4.88
  5,   -8.01457E+00,  -7.36245E+00,  -8.14
  6,   -7.62883E+00,  -7.42823E+00,  -2.63
  7,   -7.27529E+00,  -7.00197E+00,  -3.76
  8,   -6.98595E+00,  -6.80201E+00,  -2.63
  9,   -8.10401E+00,  -7.86439E+00,  -2.96
  10,   -7.79249E+00,  -7.94385E+00,   1.94
  11,   -7.22929E+00,  -7.34851E+00,   1.65
  12,   -7.31412E+00,  -7.40863E+00,   1.29
  13,   -8.31123E+00,  -7.95991E+00,  -4.23
  14,   -8.37054E+00,  -8.29068E+00,  -0.95
  15,   -8.25579E+00,  -7.61148E+00,  -7.80
  16,   -7.74374E+00,  -7.38126E+00,  -4.68
  17,   -7.79191E+00,  -7.84970E+00,   0.74
  18,   -7.35105E+00,  -7.15123E+00,  -2.72
  19,   -7.85228E+00,  -7.57162E+00,  -3.57
  20,   -7.39476E+00,  -7.17337E+00,  -2.99
  21,   -8.16300E+00,  -7.88685E+00,  -3.38
  22,   -7.66862E+00,  -7.38340E+00,  -3.72
  23,   -7.42903E+00,  -7.24827E+00,  -2.43
  24,   -8.32608E+00,  -8.32356E+00,  -0.03
  25,   -8.43373E+00,  -8.78088E+00,   4.12
  26,   -8.29638E+00,  -8.94836E+00,   7.86
  27,   -7.94289E+00,  -8.46985E+00,   6.63
  28,   -7.67000E+00,  -7.47699E+00,  -2.52
  29,   -7.37126E+00,  -7.13597E+00,  -3.19
  30,   -7.57275E+00,  -7.97309E+00,   5.29
  31,   -7.36601E+00,  -7.24425E+00,  -1.65
  32,   -8.24263E+00,  -8.04973E+00,  -2.34
  33,   -7.75063E+00,  -7.75078E+00,   0.00
  34,   -7.34946E+00,  -6.51048E+00,  -11.42
  35,   -8.17834E+00,  -8.68702E+00,   6.22
  36,   -8.41845E+00,  -8.17852E+00,  -2.85
  37,   -8.24720E+00,  -8.49770E+00,   3.04
  38,   -7.72878E+00,  -7.98363E+00,   3.30
  39,   -7.57705E+00,  -7.50539E+00,  -0.95
  40,   -7.41248E+00,  -7.87760E+00,   6.27
  41,   -7.35651E+00,  -8.23940E+00,  12.00
  42,   -7.76045E+00,  -6.81336E+00,  -12.20
  43,   -8.00305E+00,  -7.70678E+00,  -3.70
  44,   -7.72469E+00,  -7.25677E+00,  -6.06
  45,   -7.14855E+00,  -7.89089E+00,  10.38
  46,   -8.19335E+00,  -8.41376E+00,   2.69
  47,   -8.39707E+00,  -8.52960E+00,   1.58
  48,   -8.06321E+00,  -8.40890E+00,   4.29
  49,   -7.88745E+00,  -7.59519E+00,  -3.71
  50,   -7.62320E+00,  -7.34986E+00,  -3.59
  51,   -7.63769E+00,  -7.92531E+00,   3.77
  52,   -8.17993E+00,  -8.77755E+00,   7.31
  53,   -7.37577E+00,  -7.42392E+00,   0.65
  54,   -8.37171E+00,  -8.46540E+00,   1.12
  55,   -8.33436E+00,  -8.60023E+00,   3.19
  56,   -8.11186E+00,  -8.41799E+00,   3.77
  57,   -7.80538E+00,  -8.00772E+00,   2.59
  58,   -7.67705E+00,  -6.97640E+00,  -9.13
  59,   -8.12735E+00,  -8.45910E+00,   4.08
  60,   -7.21423E+00,  -6.95150E+00,  -3.64
  61,   -8.15494E+00,  -8.07100E+00,  -1.03
  62,   -8.41457E+00,  -7.96607E+00,  -5.33
  63,   -8.23887E+00,  -8.42040E+00,   2.20
  64,   -7.97812E+00,  -7.99531E+00,   0.22
  65,   -7.37365E+00,  -6.91786E+00,  -6.18
  66,   -8.23431E+00,  -7.49043E+00,  -9.03
  67,   -8.50646E+00,  -8.23583E+00,  -3.18
  68,   -8.25314E+00,  -8.23332E+00,  -0.24
  69,   -7.21497E+00,  -6.95064E+00,  -3.66
  70,   -8.31738E+00,  -8.01056E+00,  -3.69
  71,   -8.19542E+00,  -8.21954E+00,   0.29
  72,   -7.32012E+00,  -7.44761E+00,   1.74
  73,   -8.14566E+00,  -7.96810E+00,  -2.18
  74,   -7.42240E+00,  -7.53857E+00,   1.57

;-Resistivity in Ohm-m in the elemental sequential order

  1.37490E+01  1.55061E+01  1.58080E+01  1.51872E+01  1.50418E+01
  1.43615E+01  1.37380E+01  1.32277E+01  1.51996E+01  1.46502E+01
  1.36568E+01  1.38065E+01  1.55651E+01  1.56697E+01  1.54673E+01
  1.45642E+01  1.46491E+01  1.38716E+01  1.47556E+01  1.39487E+01
  1.53036E+01  1.44317E+01  1.40091E+01  1.55913E+01  1.57811E+01
  1.55389E+01  1.49154E+01  1.44341E+01  1.39072E+01  1.42626E+01
  1.38980E+01  1.54441E+01  1.45763E+01  1.38688E+01  1.53307E+01
  1.57542E+01  1.54521E+01  1.45378E+01  1.42702E+01  1.39799E+01
  1.38812E+01  1.45937E+01  1.50215E+01  1.45306E+01  1.35144E+01
  1.53572E+01  1.57165E+01  1.51276E+01  1.48177E+01  1.43516E+01
  1.43771E+01  1.53335E+01  1.39152E+01  1.56717E+01  1.56059E+01
  1.52134E+01  1.46729E+01  1.44466E+01  1.52408E+01  1.36303E+01
  1.52894E+01  1.57473E+01  1.54374E+01  1.49776E+01  1.39114E+01
  1.54294E+01  1.59094E+01  1.54626E+01  1.36316E+01  1.55759E+01
  1.53608E+01  1.38170E+01  1.52730E+01  1.39974E+01  1.37490E+01
  1.55061E+01  1.58080E+01  1.51872E+01  1.50418E+01  1.43615E+01
  1.37380E+01  1.32277E+01  1.51996E+01  1.46502E+01  1.36568E+01
  1.38065E+01  1.55651E+01  1.56697E+01  1.54673E+01  1.45642E+01
  1.46491E+01  1.38716E+01  1.47556E+01  1.39487E+01  1.53036E+01
  1.44317E+01  1.40091E+01  1.55913E+01  1.57811E+01  1.55389E+01
  1.49154E+01  1.44341E+01  1.39072E+01  1.42626E+01  1.38980E+01
  1.54441E+01  1.45763E+01  1.38688E+01  1.53307E+01  1.57542E+01
  1.54521E+01  1.45378E+01  1.42702E+01  1.39799E+01  1.38812E+01
  1.45937E+01  1.50215E+01  1.45306E+01  1.35144E+01  1.53572E+01
  1.57165E+01  1.51276E+01  1.48177E+01  1.43516E+01  1.43771E+01
  1.53335E+01  1.39152E+01  1.56717E+01  1.56059E+01  1.52134E+01
  1.46729E+01  1.44466E+01  1.52408E+01  1.36303E+01  1.52894E+01
  1.57473E+01  1.54374E+01  1.49776E+01  1.39114E+01  1.54294E+01
  1.59094E+01  1.54626E+01  1.36316E+01  1.55759E+01  1.53608E+01
  1.38170E+01  1.52730E+01  1.39974E+01  1.37490E+01  1.55061E+01
  1.58080E+01  1.51872E+01  1.50418E+01  1.43615E+01  1.37380E+01
  1.32277E+01  1.51996E+01  1.46502E+01  1.36568E+01  1.38065E+01
  1.55651E+01  1.56697E+01  1.54673E+01  1.45642E+01  1.46491E+01
  1.38716E+01  1.47556E+01  1.39487E+01  1.53036E+01  1.44317E+01
  1.40091E+01  1.55913E+01  1.57811E+01  1.55389E+01  1.49154E+01
  1.44341E+01  1.39072E+01  1.42626E+01  1.38980E+01  1.54441E+01
  1.45763E+01  1.38688E+01  1.53307E+01  1.57542E+01  1.54521E+01
  1.45378E+01  1.42702E+01  1.39799E+01  1.38812E+01  1.45937E+01
  1.50215E+01  1.45306E+01  1.35144E+01  1.53572E+01  1.57165E+01
  1.51276E+01  1.48177E+01  1.43516E+01  1.43771E+01  1.53335E+01
  1.39152E+01  1.56717E+01  1.56059E+01  1.52134E+01  1.46729E+01
  1.44466E+01  1.52408E+01  1.36303E+01  1.52894E+01  1.57473E+01
  1.54374E+01  1.49776E+01  1.39114E+01  1.54294E+01  1.59094E+01
  1.54626E+01  1.36316E+01  1.55759E+01  1.53608E+01  1.38170E+01
  1.52730E+01  1.39974E+01  1.37490E+01  1.55061E+01  1.58080E+01
  1.51872E+01  1.50418E+01  1.43615E+01  1.37380E+01  1.32277E+01
  1.51996E+01  1.46502E+01  1.36568E+01  1.38065E+01  1.55651E+01
  1.56697E+01  1.54673E+01  1.45642E+01  1.46491E+01  1.38716E+01
  1.47556E+01  1.39487E+01  1.53036E+01  1.44317E+01  1.40091E+01
  1.55913E+01  1.57811E+01  1.55389E+01  1.49154E+01  1.44341E+01
  1.39072E+01  1.42626E+01  1.38980E+01  1.54441E+01  1.45763E+01
  1.38688E+01  1.53307E+01  1.57542E+01  1.54521E+01  1.45378E+01
  1.42702E+01  1.39799E+01  1.38812E+01  1.45937E+01  1.50215E+01
  1.45306E+01  1.35144E+01  1.53572E+01  1.57165E+01  1.51276E+01
  1.48177E+01  1.43516E+01  1.43771E+01  1.53335E+01  1.39152E+01
  1.56717E+01  1.56059E+01  1.52134E+01  1.46729E+01  1.44466E+01
  1.52408E+01  1.36303E+01  1.52894E+01  1.57473E+01  1.54374E+01
  1.49776E+01  1.39114E+01  1.54294E+01  1.59094E+01  1.54626E+01
  1.36316E+01  1.55759E+01  1.53608E+01  1.38170E+01  1.52730E+01
  1.39974E+01  1.37490E+01  1.55061E+01  1.58080E+01  1.51872E+01
  1.50418E+01  1.43615E+01  1.37380E+01  1.32277E+01  1.51996E+01
  1.46502E+01  1.36568E+01  1.38065E+01  1.55651E+01  1.56697E+01
  1.54673E+01  1.45642E+01  1.46491E+01  1.38716E+01  1.47556E+01
  1.39487E+01  1.53036E+01  1.44317E+01  1.40091E+01  1.55913E+01
  1.57811E+01  1.55389E+01  1.49154E+01  1.44341E+01  1.39072E+01
  1.42626E+01  1.38980E+01  1.54441E+01  1.45763E+01  1.38688E+01
  1.53307E+01  1.57542E+01  1.54521E+01  1.45378E+01  1.42702E+01
  1.39799E+01

;-Sensitivity in the elemental sequential order

  9.95198E-05  8.75983E-05  1.15533E-04  1.04321E-04  1.05595E-04
  9.24559E-05  9.70168E-05  8.86760E-05  1.06757E-04  9.15452E-05
  1.05627E-04  1.08107E-04  1.06221E-04  8.36677E-05  9.57102E-05
  8.79338E-05  9.57090E-05  8.76594E-05  1.15438E-04  9.14406E-05
  1.01076E-04  1.08589E-04  1.09374E-04  1.01951E-04  1.03434E-04
  1.06679E-04  1.13674E-04  1.02673E-04  1.08581E-04  1.00079E-04
  9.74229E-05  9.62632E-05  9.71349E-05  9.31721E-05  1.15794E-04
  1.02988E-04  9.35201E-05  9.89210E-05  8.91827E-05  9.26563E-05
  1.00749E-04  1.06250E-04  9.24080E-05  9.41508E-05  1.06478E-04
  8.26105E-05  1.12469E-04  1.02424E-04  9.24538E-05  1.02175E-04
  1.06645E-04  8.99360E-05  1.05517E-04  8.88223E-05  8.66354E-05
  8.76100E-05  8.78298E-05  1.07176E-04  9.01142E-05  9.99582E-05
  9.14863E-05  9.38307E-05  1.13612E-04  1.03220E-04  1.13761E-04
  9.79423E-05  1.03297E-04  9.99836E-05  7.94660E-05  9.43384E-05
  1.05041E-04  8.55629E-05  1.10445E-04  1.21519E-04

;------ Iteration  2
;-Index  V/I_Meas      V/I_Calc    VI_%ERR
  1,   -7.28155E+00,  -7.08765E+00,  -2.66
  2,   -8.27781E+00,  -7.65730E+00,  -7.50
  3,   -8.44895E+00,  -8.20755E+00,  -2.86
  4,   -8.09701E+00,  -7.60880E+00,  -6.03
  5,   -8.01457E+00,  -7.72108E+00,  -3.66
  6,   -7.62883E+00,  -7.30982E+00,  -4.18
  7,   -7.27529E+00,  -7.13192E+00,  -1.97
  8,   -6.98595E+00,  -7.10982E+00,   1.77
  9,   -8.10401E+00,  -8.06579E+00,  -0.47
  10,   -7.79249E+00,  -7.68590E+00,  -1.37
  11,   -7.22929E+00,  -7.63088E+00,   5.55
  12,   -7.31412E+00,  -7.11657E+00,  -2.70
  13,   -8.31123E+00,  -8.49293E+00,   2.19
  14,   -8.37054E+00,  -8.44755E+00,   0.92
  15,   -8.25579E+00,  -8.15145E+00,  -1.26
  16,   -7.74374E+00,  -7.76208E+00,   0.24
  17,   -7.79191E+00,  -8.00220E+00,   2.70
  18,   -7.35105E+00,  -7.28974E+00,  -0.83
  19,   -7.85228E+00,  -7.55804E+00,  -3.75
  20,   -7.39476E+00,  -7.48191E+00,   1.18
  21,   -8.16300E+00,  -8.37415E+00,   2.59
  22,   -7.66862E+00,  -7.75499E+00,   1.13
  23,   -7.42903E+00,  -7.52580E+00,   1.30
  24,   -8.32608E+00,  -8.09152E+00,  -2.82
  25,   -8.43373E+00,  -8.75078E+00,   3.76
  26,   -8.29638E+00,  -8.32881E+00,   0.39
  27,   -7.94289E+00,  -7.45228E+00,  -6.18
  28,   -7.67000E+00,  -7.70046E+00,   0.40
  29,   -7.37126E+00,  -7.31907E+00,  -0.71
  30,   -7.57275E+00,  -7.75450E+00,   2.40
  31,   -7.36601E+00,  -7.26129E+00,  -1.42
  32,   -8.24263E+00,  -8.29853E+00,   0.68
  33,   -7.75063E+00,  -7.73205E+00,  -0.24
  34,   -7.34946E+00,  -7.14231E+00,  -2.82
  35,   -8.17834E+00,  -8.17756E+00,  -0.01
  36,   -8.41845E+00,  -8.97387E+00,   6.60
  37,   -8.24720E+00,  -8.30059E+00,   0.65
  38,   -7.72878E+00,  -7.65395E+00,  -0.97
  39,   -7.57705E+00,  -7.65167E+00,   0.98
  40,   -7.41248E+00,  -6.81068E+00,  -8.12
  41,   -7.35651E+00,  -7.16042E+00,  -2.67
  42,   -7.76045E+00,  -7.64771E+00,  -1.45
  43,   -8.00305E+00,  -8.01155E+00,   0.11
  44,   -7.72469E+00,  -7.65987E+00,  -0.84
  45,   -7.14855E+00,  -7.15199E+00,   0.05
  46,   -8.19335E+00,  -8.29348E+00,   1.22
  47,   -8.39707E+00,  -8.66624E+00,   3.21
  48,   -8.06321E+00,  -8.14975E+00,   1.07
  49,   -7.88745E+00,  -8.02021E+00,   1.68
  50,   -7.62320E+00,  -7.51174E+00,  -1.46
  51,   -7.63769E+00,  -7.56704E+00,  -0.92
  52,   -8.17993E+00,  -8.22164E+00,   0.51
  53,   -7.37577E+00,  -7.25695E+00,  -1.61
  54,   -8.37171E+00,  -8.06692E+00,  -3.64
  55,   -8.33436E+00,  -8.62787E+00,   3.52
  56,   -8.11186E+00,  -8.31623E+00,   2.52
  57,   -7.80538E+00,  -8.05339E+00,   3.18
  58,   -7.67705E+00,  -7.82556E+00,   1.93
  59,   -8.12735E+00,  -8.30626E+00,   2.20
  60,   -7.21423E+00,  -6.87965E+00,  -4.64
  61,   -8.15494E+00,  -8.31814E+00,   2.00
  62,   -8.41457E+00,  -8.14816E+00,  -3.17
  63,   -8.23887E+00,  -8.03070E+00,  -2.53
  64,   -7.97812E+00,  -7.69472E+00,  -3.55
  65,   -7.37365E+00,  -7.24085E+00,  -1.80
  66,   -8.23431E+00,  -8.30249E+00,   0.83
  67,   -8.50646E+00,  -8.54036E+00,   0.40
  68,   -8.25314E+00,  -8.53926E+00,   3.47
  69,   -7.21497E+00,  -7.63038E+00,   5.76
  70,   -8.31738E+00,  -7.87349E+00,  -5.34
  71,   -8.19542E+00,  -7.54084E+00,  -7.99
  72,   -7.32012E+00,  -7.18498E+00,  -1.85
  73,   -8.14566E+00,  -8.26490E+00,   1.46
  74,   -7.42240E+00,  -6.85242E+00,  -7.68

;-Resistivity in Ohm-m in the elemental sequential order

  2.01235E+01  2.27592E+01  2.32120E+01  2.22809E+01  2.20628E+01
  2.10423E+01  2.01070E+01  1.93415E+01  2.22994E+01  2.14753E+01
  1.99853E+01  2.02097E+01  2.28476E+01  2.30045E+01  2.27009E+01
  2.13463E+01  2.14737E+01  2.03074E+01  2.16334E+01  2.04230E+01
  2.24555E+01  2.11475E+01  2.05137E+01  2.28869E+01  2.31717E+01
  2.28083E+01  2.18731E+01  2.11512E+01  2.03609E+01  2.08939E+01
  2.03470E+01  2.26661E+01  2.13645E+01  2.03032E+01  2.24960E+01
  2.31313E+01  2.26782E+01  2.13067E+01  2.09053E+01  2.04699E+01
  2.03218E+01  2.13905E+01  2.20323E+01  2.12959E+01  1.97717E+01
  2.25358E+01  2.30747E+01  2.21915E+01  2.17265E+01  2.10274E+01
  2.10657E+01  2.25002E+01  2.03728E+01  2.30076E+01  2.29088E+01
  2.23202E+01  2.15094E+01  2.11698E+01  2.23612E+01  1.99454E+01
  2.24341E+01  2.31210E+01  2.26562E+01  2.19663E+01  2.03672E+01
  2.26441E+01  2.33641E+01  2.26939E+01  1.99474E+01  2.28639E+01
  2.25412E+01  2.02256E+01  2.24096E+01  2.04962E+01  2.01235E+01
  2.27592E+01  2.32120E+01  2.22809E+01  2.20628E+01  2.10423E+01
  2.01070E+01  1.93415E+01  2.22994E+01  2.14753E+01  1.99853E+01
  2.02097E+01  2.28476E+01  2.30045E+01  2.27009E+01  2.13463E+01
  2.14737E+01  2.03074E+01  2.16334E+01  2.04230E+01  2.24555E+01
  2.11475E+01  2.05137E+01  2.28869E+01  2.31717E+01  2.28083E+01
  2.18731E+01  2.11512E+01  2.03609E+01  2.08939E+01  2.03470E+01
  2.26661E+01  2.13645E+01  2.03032E+01  2.24960E+01  2.31313E+01
  2.26782E+01  2.13067E+01  2.09053E+01  2.04699E+01  2.03218E+01
  2.13905E+01  2.20323E+01  2.12959E+01  1.97717E+01  2.25358E+01
  2.30747E+01  2.21915E+01  2.17265E+01  2.10274E+01  2.10657E+01
  2.25002E+01  2.03728E+01  2.30076E+01  2.29088E+01  2.23202E+01
  2.15094E+01  2.11698E+01  2.23612E+01  1.99454E+01  2.24341E+01
  2.31210E+01  2.26562E+01  2.19663E+01  2.03672E+01  2.26441E+01
  2.33641E+01  2.26939E+01  1.99474E+01  2.28639E+01  2.25412E+01
  2.02256E+01  2.24096E+01  2.04962E+01  2.01235E+01  2.27592E+01
  2.32120E+01  2.22809E+01  2.20628E+01  2.10423E+01  2.01070E+01
  1.93415E+01  2.22994E+01  2.14753E+01  1.99853E+01  2.02097E+01
  2.28476E+01  2.30045E+01  2.27009E+01  2.13463E+01  2.14737E+01
  2.03074E+01  2.16334E+01  2.04230E+01  2.24555E+01  2.11475E+01
  2.05137E+01  2.28869E+01  2.31717E+01  2.28083E+01  2.18731E+01
  2.11512E+01  2.03609E+01  2.08939E+01  2.03470E+01  2.26661E+01
  2.13645E+01  2.03032E+01  2.24960E+01  2.31313E+01  2.26782E+01
  2.13067E+01  2.09053E+01  2.04699E+01  2.03218E+01  2.13905E+01
  2.20323E+01  2.12959E+01  1.97717E+01  2.25358E+01  2.30747E+01
  2.21915E+01  2.17265E+01  2.10274E+01  2.10657E+01  2.25002E+01
  2.03728E+01  2.30076E+01  2.29088E+01  2.23202E+01  2.15094E+01
  2.11698E+01  2.23612E+01  1.99454E+01  2.24341E+01  2.31210E+01
  2.26562E+01  2.19663E+01  2.03672E+01  2.26441E+01  2.33641E+01
  2.26939E+01  1.99474E+01  2.28639E+01  2.25412E+01  2.02256E+01
  2.24096E+01  2.04962E+01  2.01235E+01  2.27592E+01  2.32120E+01
  2.22809E+01  2.20628E+01  2.10423E+01  2.01070E+01  1.93415E+01
  2.22994E+01  2.14753E+01  1.99853E+01  2.02097E+01  2.28476E+01
  2.30045E+01  2.27009E+01  2.13463E+01  2.14737E+01  2.03074E+01
  2.16334E+01  2.04230E+01  2.24555E+01  2.11475E+01  2.05137E+01
  2.28869E+01  2.31717E+01  2.28083E+01  2.18731E+01  2.11512E+01
  2.03609E+01  2.08939E+01  2.03470E+01  2.26661E+01  2.13645E+01
  2.03032E+01  2.24960E+01  2.31313E+01  2.26782E+01  2.13067E+01
  2.09053E+01  2.04699E+01  2.03218E+01  2.13905E+01  2.20323E+01
  2.12959E+01  1.97717E+01  2.25358E+01  2.30747E+01  2.21915E+01
  2.17265E+01  2.10274E+01  2.10657E+01  2.25002E+01  2.03728E+01
  2.30076E+01  2.29088E+01  2.23202E+01  2.15094E+01  2.11698E+01
  2.23612E+01  1.99454E+01  2.24341E+01  2.31210E+01  2.26562E+01
  2.19663E+01  2.03672E+01  2.26441E+01  2.33641E+01  2.26939E+01
  1.99474E+01  2.28639E+01  2.25412E+01  2.02256E+01  2.24096E+01
  2.04962E+01  2.01235E+01  2.27592E+01  2.32120E+01  2.22809E+01
  2.20628E+01  2.10423E+01  2.01070E+01  1.93415E+01  2.22994E+01
  2.14753E+01  1.99853E+01  2.02097E+01  2.28476E+01  2.30045E+01
  2.27009E+01  2.13463E+01  2.14737E+01  2.03074E+01  2.16334E+01
  2.04230E+01  2.24555E+01  2.11475E+01  2.05137E+01  2.28869E+01
  2.31717E+01  2.28083E+01  2.18731E+01  2.11512E+01  2.03609E+01
  2.08939E+01  2.03470E+01  2.26661E+01  2.13645E+01  2.03032E+01
  2.24960E+01  2.31313E+01  2.26782E+01  2.13067E+01  2.09053E+01
  2.04699E+01

;-Sensitivity in the elemental sequential order

  1.04244E-04  1.07327E-04  1.10424E-04  1.05068E-04  9.71319E-05
  1.03985E-04  7.74209E-05  9.98993E-05  9.22241E-05  1.04677E-04
  1.07320E-04  8.40130E-05  1.23033E-04  1.09719E-04  1.03684E-04
  1.03916E-04  8.94240E-05  1.08901E-04  1.03700E-04  1.05505E-04
  1.13747E-04  1.04397E-04  9.79514E-05  9.12472E-05  8.81241E-05
  7.42834E-05  9.58985E-05  9.78501E-05  8.85623E-05  8.80043E-05
  1.13147E-04  9.26936E-05  8.85516E-05  1.09667E-04  8.93368E-05
  9.33128E-05  9.07413E-05  1.08609E-04  8.69743E-05  1.11983E-04
  8.76589E-05  1.00651E-04  1.15750E-04  1.07496E-04  9.41665E-05
  9.05309E-05  1.00218E-04  9.51418E-05  1.18527E-04  1.01017E-04
  1.13602E-04  1.06775E-04  9.38489E-05  9.89326E-05  1.21693E-04
  8.22285E-05  1.01820E-04  9.34183E-05  1.03486E-04  1.03089E-04
  1.00371E-04  9.54404E-05  1.03289E-04  9.52074E-05  9.07143E-05
  9.40169E-05  9.17774E-05  9.00827E-05  1.00172E-04  1.08855E-04
  9.24746E-05  9.20149E-05  1.10008E-04  1.00223E-04

;------ Iteration  3
;-Index  V/I_Meas      V/I_Calc    VI_%ERR
  1,   -7.28155E+00,  -7.32109E+00,   0.54
  2,   -8.27781E+00,  -8.37749E+00,   1.20
  3,   -8.44895E+00,  -8.71353E+00,   3.13
  4,   -8.09701E+00,  -7.86189E+00,  -2.90
  5,   -8.01457E+00,  -8.09726E+00,   1.03
  6,   -7.62883E+00,  -7.35415E+00,  -3.60
  7,   -7.27529E+00,  -7.70384E+00,   5.89
  8,   -6.98595E+00,  -7.06048E+00,   1.07
  9,   -8.10401E+00,  -8.17464E+00,   0.87
  10,   -7.79249E+00,  -8.22094E+00,   5.50
  11,   -7.22929E+00,  -7.33064E+00,   1.40
  12,   -7.31412E+00,  -7.14106E+00,  -2.37
  13,   -8.31123E+00,  -8.27198E+00,  -0.47
  14,   -8.37054E+00,  -8.42158E+00,   0.61
  15,   -8.25579E+00,  -8.50831E+00,   3.06
  16,   -7.74374E+00,  -7.75340E+00,   0.12
  17,   -7.79191E+00,  -7.68042E+00,  -1.43
  18,   -7.35105E+00,  -7.22339E+00,  -1.74
  19,   -7.85228E+00,  -7.81954E+00,  -0.42
  20,   -7.39476E+00,  -7.24146E+00,  -2.07
  21,   -8.16300E+00,  -8.15480E+00,  -0.10
  22,   -7.66862E+00,  -7.56408E+00,  -1.36
  23,   -7.42903E+00,  -7.66464E+00,   3.17
  24,   -8.32608E+00,  -8.41600E+00,   1.08
  25,   -8.43373E+00,  -8.58237E+00,   1.76
  26,   -8.29638E+00,  -8.21308E+00,  -1.00
  27,   -7.94289E+00,  -8.05617E+00,   1.43
  28,   -7.67000E+00,  -7.96790E+00,   3.88
  29,   -7.37126E+00,  -7.55408E+00,   2.48
  30,   -7.57275E+00,  -7.48666E+00,  -1.14
  31,   -7.36601E+00,  -7.22384E+00,  -1.93
  32,   -8.24263E+00,  -8.53500E+00,   3.55
  33,   -7.75063E+00,  -7.88042E+00,   1.67
  34,   -7.34946E+00,  -7.23557E+00,  -1.55
  35,   -8.17834E+00,  -8.26310E+00,   1.04
  36,   -8.41845E+00,  -8.51413E+00,   1.14
  37,   -8.24720E+00,  -8.29192E+00,   0.54
  38,   -7.72878E+00,  -7.55329E+00,  -2.27
  39,   -7.57705E+00,  -7.52745E+00,  -0.65
  40,   -7.41248E+00,  -7.52987E+00,   1.58
  41,   -7.35651E+00,  -7.53009E+00,   2.36
  42,   -7.76045E+00,  -8.16468E+00,   5.21
  43,   -8.00305E+00,  -8.02001E+00,   0.21
  44,   -7.72469E+00,  -7.77826E+00,   0.69
  45,   -7.14855E+00,  -7.02324E+00,  -1.75
  46,   -8.19335E+00,  -8.28753E+00,   1.15
  47,   -8.39707E+00,  -8.67666E+00,   3.33
  48,   -8.06321E+00,  -7.89598E+00,  -2.07
  49,   -7.88745E+00,  -8.01699E+00,   1.64
  50,   -7.62320E+00,  -7.81126E+00,   2.47
  51,   -7.63769E+00,  -7.57223E+00,  -0.86
  52,   -8.17993E+00,  -8.21598E+00,   0.44
  53,   -7.37577E+00,  -7.37286E+00,  -0.04
  54,   -8.37171E+00,  -8.52058E+00,   1.78
  55,   -8.33436E+00,  -8.43920E+00,   1.26
  56,   -8.11186E+00,  -8.13519E+00,   0.29
  57,   -7.80538E+00,  -8.22547E+00,   5.38
  58,   -7.67705E+00,  -7.56412E+00,  -1.47
  59,   -8.12735E+00,  -8.08034E+00,  -0.58
  60,   -7.21423E+00,  -6.93281E+00,  -3.90
  61,   -8.15494E+00,  -7.99211E+00,  -2.00
  62,   -8.41457E+00,  -8.77737E+00,   4.31
  63,   -8.23887E+00,  -8.28649E+00,   0.58
  64,   -7.97812E+00,  -8.20901E+00,   2.89
  65,   -7.37365E+00,  -7.27718E+00,  -1.31
  66,   -8.23431E+00,  -8.23099E+00,  -0.04
  67,   -8.50646E+00,  -8.73143E+00,   2.64
  68,   -8.25314E+00,  -8.08704E+00,  -2.01
  69,   -7.21497E+00,  -7.44787E+00,   3.23
  70,   -8.31738E+00,  -8.63767E+00,   3.85
  71,   -8.19542E+00,  -8.08849E+00,  -1.30
  72,   -7.32012E+00,  -7.32872E+00,   0.12
  73,   -8.14566E+00,  -8.11731E+00,  -0.35
  74,   -7.42240E+00,  -7.77073E+00,   4.69

;-Resistivity in Ohm-m in the elemental sequential order

  2.64980E+01  3.00123E+01  3.06160E+01  2.93745E+01  2.90837E+01
  2.77230E+01  2.64759E+01  2.54553E+01  2.93992E+01  2.83003E+01
  2.63137E+01  2.66129E+01  3.01302E+01  3.03394E+01  2.99346E+01
  2.81284E+01  2.82983E+01  2.67432E+01  2.85112E+01  2.68974E+01
  2.96073E+01  2.78634E+01  2.70183E+01  3.01825E+01  3.05622E+01
  3.00778E+01  2.88309E+01  2.78682E+01  2.68145E+01  2.75252E+01
  2.67959E+01  2.98882E+01  2.81527E+01  2.67376E+01  2.96614E+01
  3.05084E+01  2.99043E+01  2.80756E+01  2.75404E+01  2.69599E+01
  2.67625E+01  2.81873E+01  2.90431E+01  2.80612E+01  2.60289E+01
  2.97143E+01  3.04329E+01  2.92553E+01  2.86353E+01  2.77032E+01
  2.77543E+01  2.96670E+01  2.68304E+01  3.03435E+01  3.02117E+01
  2.94269E+01  2.83458E+01  2.78931E+01  2.94815E+01  2.62606E+01
  2.95788E+01  3.04947E+01  2.98749E+01  2.89551E+01  2.68229E+01
  2.98588E+01  3.08188E+01  2.99252E+01  2.62632E+01  3.01519E+01
  2.97216E+01  2.66341E+01  2.95461E+01  2.69949E+01  2.64980E+01
  3.00123E+01  3.06160E+01  2.93745E+01  2.90837E+01  2.77230E+01
  2.64759E+01  2.54553E+01  2.93992E+01  2.83003E+01  2.63137E+01
  2.66129E+01  3.01302E+01  3.03394E+01  2.99346E+01  2.81284E+01
  2.82983E+01  2.67432E+01  2.85112E+01  2.68974E+01  2.96073E+01
  2.78634E+01  2.70183E+01  3.01825E+01  3.05622E+01  3.00778E+01
  2.88309E+01  2.78682E+01  2.68145E+01  2.75252E+01  2.67959E+01
  2.98882E+01  2.81527E+01  2.67376E+01  2.96614E+01  3.05084E+01
  2.99043E+01  2.80756E+01  2.75404E+01  2.69599E+01  2.67625E+01
  2.81873E+01  2.90431E+01  2.80612E+01  2.60289E+01  2.97143E+01
  3.04329E+01  2.92553E+01  2.86353E+01  2.77032E+01  2.77543E+01
  2.96670E+01  2.68304E+01  3.03435E+01  3.02117E+01  2.94269E+01
  2.83458E+01  2.78931E+01  2.94815E+01  2.62606E+01  2.95788E+01
  3.04947E+01  2.98749E+01  2.89551E+01  2.68229E+01  2.98588E+01
  3.08188E+01  2.99252E+01  2.62632E+01  3.01519E+01  2.97216E+01
  2.66341E+01  2.95461E+01  2.69949E+01  2.64980E+01  3.00123E+01
  3.06160E+01  2.93745E+01  2.90837E+01  2.77230E+01  2.64759E+01
  2.54553E+01  2.93992E+01  2.83003E+01  2.63137E+01  2.66129E+01
  3.01302E+01  3.03394E+01  2.99346E+01  2.81284E+01  2.82983E+01
  2.67432E+01  2.85112E+01  2.68974E+01  2.96073E+01  2.78634E+01
  2.70183E+01  3.01825E+01  3.05622E+01  3.00778E+01  2.88309E+01
  2.78682E+01  2.68145E+01  2.75252E+01  2.67959E+01  2.98882E+01
  2.81527E+01  2.67376E+01  2.96614E+01  3.05084E+01  2.99043E+01
  2.80756E+01  2.75404E+01  2.69599E+01  2.67625E+01  2.81873E+01
  2.90431E+01  2.80612E+01  2.60289E+01  2.97143E+01  3.04329E+01
  2.92553E+01  2.86353E+01  2.77032E+01  2.77543E+01  2.96670E+01
  2.68304E+01  3.03435E+01  3.02117E+01  2.94269E+01  2.83458E+01
  2.78931E+01  2.94815E+01  2.62606E+01  2.95788E+01  3.04947E+01
  2.98749E+01  2.89551E+01  2.68229E+01  2.98588E+01  3.08188E+01
  2.99252E+01  2.62632E+01  3.01519E+01  2.97216E+01  2.66341E+01
  2.95461E+01  2.69949E+01  2.64980E+01  3.00123E+01  3.06160E+01
  2.93745E+01  2.90837E+01  2.77230E+01  2.64759E+01  2.54553E+01
  2.93992E+01  2.83003E+01  2.63137E+01  2.66129E+01  3.01302E+01
  3.03394E+01  2.99346E+01  2.81284E+01  2.82983E+01  2.67432E+01
  2.85112E+01  2.68974E+01  2.96073E+01  2.78634E+01  2.70183E+01
  3.01825E+01  3.05622E+01  3.00778E+01  2.88309E+01  2.78682E+01
  2.68145E+01  2.75252E+01  2.67959E+01  2.98882E+01  2.81527E+01
  2.67376E+01  2.96614E+01  3.05084E+01  2.99043E+01  2.80756E+01
  2.75404E+01  2.69599E+01  2.67625E+01  2.81873E+01  2.90431E+01
  2.80612E+01  2.60289E+01  2.97143E+01  3.04329E+01  2.92553E+01
  2.86353E+01  2.77032E+01  2.77543E+01  2.96670E+01  2.68304E+01
  3.03435E+01  3.02117E+01  2.94269E+01  2.83458E+01  2.78931E+01
  2.94815E+01  2.62606E+01  2.95788E+01  3.04947E+01  2.98749E+01
  2.89551E+01  2.68229E+01  2.98588E+01  3.08188E+01  2.99252E+01
  2.62632E+01  3.01519E+01  2.97216E+01  2.66341E+01  2.95461E+01
  2.69949E+01  2.64980E+01  3.00123E+01  3.06160E+01  2.93745E+01
  2.90837E+01  2.77230E+01  2.64759E+01  2.54553E+01  2.93992E+01
  2.83003E+01  2.63137E+01  2.66129E+01  3.01302E+01  3.03394E+01
  2.99346E+01  2.81284E+01  2.82983E+01  2.67432E+01  2.85112E+01
  2.68974E+01  2.96073E+01  2.78634E+01  2.70183E+01  3.01825E+01
  3.05622E+01  3.00778E+01  2.88309E+01  2.78682E+01  2.68145E+01
  2.75252E+01  2.67959E+01  2.98882E+01  2.81527E+01  2.67376E+01
  2.96614E+01  3.05084E+01  2.99043E+01  2.80756E+01  2.75404E+01
  2.69599E+01

;-Sensitivity in the elemental sequential order

  1.06178E-04  9.05194E-05  9.94704E-05  1.00207E-04  1.10665E-04
  1.15305E-04  8.62889E-05  1.01037E-04  8.02725E-05  1.03522E-04
  1.02479E-04  1.08270E-04  1.02389E-04  1.19674E-04  1.03108E-04
  1.06582E-04  8.19978E-05  9.68393E-05  1.10062E-04  8.58039E-05
  9.17733E-05  9.95784E-05  1.16381E-04  1.06375E-04  9.49178E-05
  1.11156E-04  1.00442E-04  9.73466E-05  7.97396E-05  1.02456E-04
  1.05218E-04  9.22374E-05  1.01419E-04  9.20344E-05  8.67583E-05
  9.12000E-05  1.15295E-04  9.26595E-05  8.35987E-05  8.72436E-05
  7.68785E-05  9.72178E-05  8.69394E-05  9.87365E-05  1.14363E-04
  9.30167E-05  1.22793E-04  1.07100E-04  1.09470E-04  7.62125E-05
  1.02855E-04  9.56201E-05  1.10591E-04  1.18110E-04  1.24606E-04
  9.37847E-05  9.88577E-05  9.82949E-05  9.65435E-05  1.13175E-04
  9.62731E-05  9.47871E-05  1.01656E-04  1.14955E-04  9.62047E-05
  9.59349E-05  9.31409E-05  1.09383E-04  1.03623E-04  1.27209E-04
  9.94576E-05  1.14854E-04  1.02573E-04  9.98802E-05

;------ Iteration  4
;-Index  V/I_Meas      V/I_Calc    VI_%ERR
  1,   -7.28155E+00,  -7.31332E+00,   0.44
  2,   -8.27781E+00,  -8.17059E+00,  -1.30
  3,   -8.44895E+00,  -8.44097E+00,  -0.09
  4,   -8.09701E+00,  -8.13425E+00,   0.46
  5,   -8.01457E+00,  -7.91838E+00,  -1.20
  6,   -7.62883E+00,  -7.37376E+00,  -3.34
  7,   -7.27529E+00,  -7.16242E+00,  -1.55
  8,   -6.98595E+00,  -6.90598E+00,  -1.14
  9,   -8.10401E+00,  -8.00517E+00,  -1.22
  10,   -7.79249E+00,  -7.92422E+00,   1.69
  11,   -7.22929E+00,  -7.19828E+00,  -0.43
  12,   -7.31412E+00,  -7.29545E+00,  -0.26
  13,   -8.31123E+00,  -8.45789E+00,   1.76
  14,   -8.37054E+00,  -8.48837E+00,   1.41
  15,   -8.25579E+00,  -8.22880E+00,  -0.33
  16,   -7.74374E+00,  -7.58331E+00,  -2.07
  17,   -7.79191E+00,  -7.74682E+00,  -0.58
  18,   -7.35105E+00,  -7.28157E+00,  -0.95
  19,   -7.85228E+00,  -7.70391E+00,  -1.89
  20,   -7.39476E+00,  -7.41060E+00,   0.21
  21,   -8.16300E+00,  -8.37057E+00,   2.54
  22,   -7.66862E+00,  -7.43988E+00,  -2.98
  23,   -7.42903E+00,  -7.15175E+00,  -3.73
  24,   -8.32608E+00,  -8.35249E+00,   0.32
  25,   -8.43373E+00,  -8.26337E+00,  -2.02
  26,   -8.29638E+00,  -8.34653E+00,   0.60
  27,   -7.94289E+00,  -8.34135E+00,   5.02
  28,   -7.67000E+00,  -7.67713E+00,   0.09
  29,   -7.37126E+00,  -7.33258E+00,  -0.52
  30,   -7.57275E+00,  -7.57501E+00,   0.03
  31,   -7.36601E+00,  -7.38587E+00,   0.27
  32,   -8.24263E+00,  -8.33791E+00,   1.16
  33,   -7.75063E+00,  -7.81818E+00,   0.87
  34,   -7.34946E+00,  -7.27741E+00,  -0.98
  35,   -8.17834E+00,  -8.22036E+00,   0.51
  36,   -8.41845E+00,  -8.60673E+00,   2.24
  37,   -8.24720E+00,  -8.33800E+00,   1.10
  38,   -7.72878E+00,  -7.50954E+00,  -2.84
  39,   -7.57705E+00,  -7.78704E+00,   2.77
  40,   -7.41248E+00,  -7.60552E+00,   2.60
  41,   -7.35651E+00,  -7.45912E+00,   1.39
  42,   -7.76045E+00,  -7.84650E+00,   1.11
  43,   -8.00305E+00,  -8.10341E+00,   1.25
  44,   -7.72469E+00,  -7.61031E+00,  -1.48
  45,   -7.14855E+00,  -7.17594E+00,   0.38
  46,   -8.19335E+00,  -8.23124E+00,   0.46
  47,   -8.39707E+00,  -8.27211E+00,  -1.49
  48,   -8.06321E+00,  -8.20440E+00,   1.75
  49,   -7.88745E+00,  -8.08161E+00,   2.46
  50,   -7.62320E+00,  -7.65266E+00,   0.39
  51,   -7.63769E+00,  -7.69637E+00,   0.77
  52,   -8.17993E+00,  -8.20475E+00,   0.30
  53,   -7.37577E+00,  -7.15027E+00,  -3.06
  54,   -8.37171E+00,  -8.29461E+00,  -0.92
  55,   -8.33436E+00,  -8.39664E+00,   0.75
  56,   -8.11186E+00,  -8.07812E+00,  -0.42
  57,   -7.80538E+00,  -7.91216E+00,   1.37
  58,   -7.67705E+00,  -7.66785E+00,  -0.12
  59,   -8.12735E+00,  -8.17468E+00,   0.58
  60,   -7.21423E+00,  -7.37868E+00,   2.28
  61,   -8.15494E+00,  -8.24794E+00,   1.14
  62,   -8.41457E+00,  -8.67399E+00,   3.08
  63,   -8.23887E+00,  -8.12494E+00,  -1.38
  64,   -7.97812E+00,  -7.96745E+00,  -0.13
  65,   -7.37365E+00,  -7.30894E+00,  -0.88
  66,   -8.23431E+00,  -8.26556E+00,   0.38
  67,   -8.50646E+00,  -8.70809E+00,   2.37
  68,   -8.25314E+00,  -8.29987E+00,   0.57
  69,   -7.21497E+00,  -7.32856E+00,   1.57
  70,   -8.31738E+00,  -8.46689E+00,   1.80
  71,   -8.19542E+00,  -8.08586E+00,  -1.34
  72,   -7.32012E+00,  -7.32998E+00,   0.13
  73,   -8.14566E+00,  -8.07529E+00,  -0.86
  74,   -7.42240E+00,  -7.41289E+00,  -0.13

;-Resistivity in Ohm-m in the elemental sequential order

  3.28725E+01  3.72653E+01  3.80199E+01  3.64681E+01  3.61046E+01
  3.44038E+01  3.28449E+01  3.15691E+01  3.64990E+01  3.51254E+01
  3.26421E+01  3.30162E+01  3.74127E+01  3.76742E+01  3.71682E+01
  3.49104E+01  3.51228E+01  3.31790E+01  3.53890E+01  3.33717E+01
  3.67591E+01  3.45792E+01  3.35228E+01  3.74782E+01  3.79528E+01
  3.73472E+01  3.57886E+01  3.45853E+01  3.32681E+01  3.41565E+01
  3.32449E+01  3.71102E+01  3.49409E+01  3.31720E+01  3.68267E+01
  3.78854E+01  3.71303E+01  3.48445E+01  3.41755E+01  3.34499E+01
  3.32031E+01  3.49841E+01  3.60538E+01  3.48265E+01  3.22861E+01
  3.68929E+01  3.77912E+01  3.63191E+01  3.55441E+01  3.43790E+01
  3.44428E+01  3.68337E+01  3.32880E+01  3.76794E+01  3.75147E+01
  3.65336E+01  3.51823E+01  3.46164E+01  3.66019E+01  3.25757E+01
  3.67236E+01  3.78684E+01  3.70936E+01  3.59439E+01  3.32786E+01
  3.70735E+01  3.82735E+01  3.71565E+01  3.25790E+01  3.74398E+01
  3.69020E+01  3.30426E+01  3.66826E+01  3.34936E+01  3.28725E+01
  3.72653E+01  3.80199E+01  3.64681E+01  3.61046E+01  3.44038E+01
  3.28449E+01  3.15691E+01  3.64990E+01  3.51254E+01  3.26421E+01
  3.30162E+01  3.74127E+01  3.76742E+01  3.71682E+01  3.49104E+01
  3.51228E+01  3.31790E+01  3.53890E+01  3.33717E+01  3.67591E+01
  3.45792E+01  3.35228E+01  3.74782E+01  3.79528E+01  3.73472E+01
  3.57886E+01  3.45853E+01  3.32681E+01  3.41565E+01  3.32449E+01
  3.71102E+01  3.49409E+01  3.31720E+01  3.68267E+01  3.78854E+01
  3.71303E+01  3.48445E+01  3.41755E+01  3.34499E+01  3.32031E+01
  3.49841E+01  3.60538E+01  3.48265E+01  3.22861E+01  3.68929E+01
  3.77912E+01  3.63191E+01  3.55441E+01  3.43790E+01  3.44428E+01
  3.68337E+01  3.32880E+01  3.76794E+01  3.75147E+01  3.65336E+01
  3.51823E+01  3.46164E+01  3.66019E+01  3.25757E+01  3.67236E+01
  3.78684E+01  3.70936E+01  3.59439E+01  3.32786E+01  3.70735E+01
  3.82735E+01  3.71565E+01  3.25790E+01  3.74398E+01  3.69020E+01
  3.30426E+01  3.66826E+01  3.34936E+01  3.28725E+01  3.72653E+01
  3.80199E+01  3.64681E+01  3.61046E+01  3.44038E+01  3.28449E+01
  3.15691E+01  3.64990E+01  3.51254E+01  3.26421E+01  3.30162E+01
  3.74127E+01  3.76742E+01  3.71682E+01  3.49104E+01  3.51228E+01
  3.31790E+01  3.53890E+01  3.33717E+01  3.67591E+01  3.45792E+01
  3.35228E+01  3.74782E+01  3.79528E+01  3.73472E+01  3.57886E+01
  3.45853E+01  3.32681E+01  3.41565E+01  3.32449E+01  3.71102E+01
  3.49409E+01  3.31720E+01  3.68267E+01  3.78854E+01  3.71303E+01
  3.48445E+01  3.41755E+01  3.34499E+01  3.32031E+01  3.49841E+01
  3.60538E+01  3.48265E+01  3.22861E+01  3.68929E+01  3.77912E+01
  3.63191E+01  3.55441E+01  3.43790E+01  3.44428E+01  3.68337E+01
  3.32880E+01  3.76794E+01  3.75147E+01  3.65336E+01  3.51823E+01
  3.46164E+01  3.66019E+01  3.25757E+01  3.67236E+01  3.78684E+01
  3.70936E+01  3.59439E+01  3.32786E+01  3.70735E+01  3.82735E+01
  3.71565E+01  3.25790E+01  3.74398E+01  3.69020E+01  3.30426E+01
  3.66826E+01  3.34936E+01  3.28725E+01  3.72653E+01  3.80199E+01
  3.64681E+01  3.61046E+01  3.44038E+01  3.28449E+01  3.15691E+01
  3.64990E+01  3.51254E+01  3.26421E+01  3.30162E+01  3.74127E+01
  3.76742E+01  3.71682E+01  3.49104E+01  3.51228E+01  3.31790E+01
  3.53890E+01  3.33717E+01  3.67591E+01  3.45792E+01  3.35228E+01
  3.74782E+01  3.79528E+01  3.73472E+01  3.57886E+01  3.45853E+01
  3.32681E+01  3.41565E+01  3.32449E+01  3.71102E+01  3.49409E+01
  3.31720E+01  3.68267E+01  3.78854E+01  3.71303E+01  3.48445E+01
  3.41755E+01  3.34499E+01  3.32031E+01  3.49841E+01  3.60538E+01
  3.48265E+01  3.22861E+01  3.68929E+01  3.77912E+01  3.63191E+01
  3.55441E+01  3.43790E+01  3.44428E+01  3.68337E+01  3.32880E+01
  3.76794E+01  3.75147E+01  3.65336E+01  3.51823E+01  3.46164E+01
  3.66019E+01  3.25757E+01  3.67236E+01  3.78684E+01  3.70936E+01
  3.59439E+01  3.32786E+01  3.70735E+01  3.82735E+01  3.71565E+01
  3.25790E+01  3.74398E+01  3.69020E+01  3.30426E+01  3.66826E+01
  3.34936E+01  3.28725E+01  3.72653E+01  3.80199E+01  3.64681E+01
  3.61046E+01  3.44038E+01  3.28449E+01  3.15691E+01  3.64990E+01
  3.51254E+01  3.26421E+01  3.30162E+01  3.74127E+01  3.76742E+01
  3.71682E+01  3.49104E+01  3.51228E+01  3.31790E+01  3.53890E+01
  3.33717E+01  3.67591E+01  3.45792E+01  3.35228E+01  3.74782E+01
  3.79528E+01  3.73472E+01  3.57886E+01  3.45853E+01  3.32681E+01
  3.41565E+01  3.32449E+01  3.71102E+01  3.49409E+01  3.31720E+01
  3.68267E+01  3.78854E+01  3.71303E+01  3.48445E+01  3.41755E+01
  3.34499E+01

;-Sensitivity in the elemental sequential order

  9.77212E-05  1.13281E-04  9.31997E-05  1.18155E-04  1.06732E-04
  8.38238E-05  1.07731E-04  1.17929E-04  9.10673E-05  1.07007E-04
  9.36333E-05  1.10981E-04  9.67586E-05  1.06047E-04  8.27653E-05
  1.02807E-04  1.00805E-04  1.00232E-04  9.12480E-05  9.97959E-05
  1.02825E-04  8.61698E-05  9.61758E-05  9.74887E-05  1.01871E-04
  9.24775E-05  8.97928E-05  1.00025E-04  1.06861E-04  1.00696E-04
  1.10833E-04  8.43039E-05  9.12638E-05  1.00400E-04  8.84378E-05
  9.31708E-05  1.06790E-04  7.79513E-05  9.88257E-05  8.38078E-05
  1.00091E-04  9.96280E-05  9.24850E-05  8.74087E-05  7.81341E-05
  9.79616E-05  1.02184E-04  1.05000E-04  1.20894E-04  8.77912E-05
  1.06019E-04  8.89497E-05  1.17725E-04  9.28518E-05  1.06470E-04
  1.10482E-04  1.10028E-04  9.99787E-05  1.13557E-04  9.98197E-05
  9.25679E-05  8.55730E-05  9.97107E-05  9.32842E-05  7.48315E-05
  1.01656E-04  1.12386E-04  8.91875E-05  9.77554E-05  1.05780E-04
  1.02888E-04  1.12632E-04  9.84457E-05  9.25164E-05

;------ INVERSION SUMMARY ------
Final iteration: 5
Final RMS error: 4.570%
Convergence: No

End of EarthImager 2D inversion results