Advanced Geosciences Inc. (AGI) Sting/SuperSting measured data (*.stg)   Type: XYZ
A trimmed data set by AGI EarthImager 2D Web Interface. Version: 1.0.0. Records: 74
Raw data file: EarthImager 2D Web Interface

Number of Data = 74
Number of Electrodes = 14
Number of Surface Electrodes = 14
Number of IP Data = 0

Processing starts at 2025-09-26 16:23:24

;------ SETTINGS ------

Minimum Voltage (mv) = 0.2
Minimum V/I (ohm) = 0.0005
Minimum apparent resistivity (ohm-m)  = 1
Maximum apparent resistivity (ohm-m)  = 10000
Maximum repeat error (%)  = 2
Maximum reciprocal error (%)  = 2
Remove negative apparent resistivity in ERT data: Yes
Keep All Data (no data removal): No
Inversion Method:  Robust inversion
Vertical axis:  Positive Upward
Y Coordinate =  Depth
Min electrode spacing X (m)  = 0.003
Min electrode spacing Z (m)  = 0.003
Forward Modeling Method:  Finite element method
Forward system solver:  Cholesky decomposition method
Boundary condition type:  Dirichlet
Number cells or elements betwenn two electrodes = 2
Lower-layer-thickness / Upper-layer-thickness =  1.1
Depth of Inverted Model / Depth of Pseudosection =  1.1
Max number of iteration of nonlinear inversion = 20
Stop RMS error = 2%
Mininum error reduction between two iterations = 2%
Stop at Max number of iterations: Yes
Stop when RMS is small enough: No
Stop when RMS can not be reduced: No
Res Data reweighting: No
Use Reciprocal Error: No
Stop when L2 norm is small enough: Yes
Initial smoothness factor = 10
Roughness conditioner = 0.2
Starting model: Avg AppRes.
Start halfspace resistivity = 1.00 ohm-m
Minimum resistivity =        1.0 ohm-m
Maximum resistivity =   100000.0 ohm-m
Number of elements combined horizontally = 1
Number of elements combined verically = 1
Vertical / Horizontal roughness ratio = 0.5
Estimated noise of resistivity data  = 2%
Initial damping factor of resistivity = 10
Robust data conditioner:  1
Robust model conditioner:  1
Starting iteration of quasi Newton method = 20
IP inversion method: No IP Inversion

;------ ELECTRODE LOCATIONS ------

Electrode         X            Y
     0,           0.000,          0.000
     1,           0.999,          0.000
     2,           2.001,          0.000
     3,           3.000,          0.000
     4,           3.999,          0.000
     5,           5.001,          0.000
     6,           6.000,          0.000
     7,           6.999,          0.000
     8,           8.001,          0.000
     9,           9.999,          0.000
     10,          12.999,          0.000
     11,           9.000,          0.000
     12,          12.000,          0.000
     13,          11.001,          0.000


;------ NODE LOCATION IN X (m) ------

Node         X
  1,         -50.000
  2,         -49.089
  3,         -48.177
  4,         -47.266
  5,         -46.355
  6,         -45.444
  7,         -44.532
  8,         -43.621
  9,         -42.710
  10,         -41.798
  11,         -40.887
  12,         -39.976
  13,         -39.065
  14,         -38.153
  15,         -37.242
  16,         -36.331
  17,         -35.419
  18,         -34.508
  19,         -33.597
  20,         -32.686
  21,         -31.774
  22,         -30.863
  23,         -29.952
  24,         -29.041
  25,         -28.129
  26,         -27.218
  27,         -26.307
  28,         -25.395
  29,         -24.484
  30,         -23.573
  31,         -22.662
  32,         -21.750
  33,         -20.839
  34,         -19.928
  35,         -19.016
  36,         -18.105
  37,         -17.194
  38,         -16.283
  39,         -15.371
  40,         -14.460
  41,         -13.549
  42,         -12.637
  43,         -11.726
  44,         -10.815
  45,          -9.904
  46,          -8.992
  47,          -8.081
  48,          -7.170
  49,          -6.258
  50,          -5.347
  51,          -4.436
  52,          -3.525
  53,          -2.613
  54,          -1.702
  55,          -0.791
  56,           0.121
  57,           1.032
  58,           1.943
  59,           2.854
  60,           3.766
  61,           4.677
  62,           5.588
  63,           6.499
  64,           7.411
  65,           8.322
  66,           9.233
  67,          10.145
  68,          11.056
  69,          11.967
  70,          12.878
  71,          13.790
  72,          14.701
  73,          15.612
  74,          16.524
  75,          17.435
  76,          18.346
  77,          19.257
  78,          20.169
  79,          21.080
  80,          21.991
  81,          22.903
  82,          23.814
  83,          24.725
  84,          25.636
  85,          26.548
  86,          27.459
  87,          28.370
  88,          29.282
  89,          30.193
  90,          31.104
  91,          32.015
  92,          32.927
  93,          33.838
  94,          34.749
  95,          35.661
  96,          36.572
  97,          37.483
  98,          38.394
  99,          39.306
  100,          40.217
  101,          41.128
  102,          42.040
  103,          42.951
  104,          43.862
  105,          44.773
  106,          45.685
  107,          46.596
  108,          47.507
  109,          48.418
  110,          49.330
  111,          50.241
  112,          51.152
  113,          52.064
  114,          52.975
  115,          53.886
  116,          54.797
  117,          55.709
  118,          56.620
  119,          57.531
  120,          58.443
  121,          59.354
  122,          60.265
  123,          61.176
  124,          62.088
  125,          62.999

;------ NODE LOCATION IN Y (m) ------

Node          Y
  1,          -0.000
  2,          -0.620
  3,          -1.551
  4,          -2.481
  5,          -3.722
  6,          -4.963
  7,          -6.514
  8,          -8.375
  9,         -10.546
  10,         -13.028
  11,         -15.819
  12,         -18.921
  13,         -22.333
  14,         -26.056
  15,         -30.088
  16,         -34.431
  17,         -39.083
  18,         -44.046
  19,         -49.319
  20,         -54.903
  21,         -60.796
  22,         -67.000

;------ Commands, Raw V/I, GeomFactor, AppRes ------

DataID   A   B   M   N       V/I           K           App-Res
  1,     0,  1,  2,  3,  -7.28155E-03,  -1.89345E+01,    1.37873E+02
  2,     0,  1,  3,  4,  -2.06945E-03,  -7.55681E+01,    1.56384E+02
  3,     0,  1,  4,  5,  -8.44893E-04,  -1.88369E+02,    1.59151E+02
  4,     0,  1,  5,  6,  -4.04851E-04,  -3.78011E+02,    1.53038E+02
  5,     0,  1,  6,  7,  -2.28988E-04,  -6.61094E+02,    1.51383E+02
  6,     0,  1,  7,  8,  -1.36229E-04,  -1.05473E+03,    1.43685E+02
  7,     0,  1,  8,  9,  -1.47238E-04,  -9.33490E+02,    1.37445E+02
  8,     0,  1,  9,  10,  -9.85201E-05,  -1.33777E+03,    1.31797E+02
  9,     0,  2,  6,  7,  -6.36745E-04,  -2.39877E+02,    1.52740E+02
  10,     0,  2,  7,  11,  -5.93715E-04,  -2.47019E+02,    1.46659E+02
  11,     0,  2,  11,  12,  -3.27039E-04,  -4.16387E+02,    1.36175E+02
  12,     1,  2,  3,  4,  -7.31411E-03,  -1.88072E+01,    1.37558E+02
  13,     1,  2,  4,  5,  -2.07781E-03,  -7.50599E+01,    1.55960E+02
  14,     1,  2,  5,  6,  -8.37056E-04,  -1.88369E+02,    1.57675E+02
  15,     1,  2,  6,  7,  -4.12790E-04,  -3.76483E+02,    1.55409E+02
  16,     1,  2,  7,  8,  -2.21250E-04,  -6.57028E+02,    1.45367E+02
  17,     1,  2,  8,  11,  -1.39142E-04,  -1.05473E+03,    1.46757E+02
  18,     1,  2,  11,  13,  -1.48772E-04,  -9.29181E+02,    1.38236E+02
  19,     0,  3,  8,  11,  -4.58049E-04,  -3.23541E+02,    1.48198E+02
  20,     0,  3,  11,  13,  -4.76177E-04,  -2.92622E+02,    1.39340E+02
  21,     1,  3,  7,  8,  -6.41377E-04,  -2.39340E+02,    1.53507E+02
  22,     1,  3,  8,  9,  -5.84273E-04,  -2.47591E+02,    1.44661E+02
  23,     2,  3,  4,  5,  -7.42905E-03,  -1.88072E+01,    1.39720E+02
  24,     2,  3,  5,  6,  -2.08152E-03,  -7.55681E+01,    1.57297E+02
  25,     2,  3,  6,  7,  -8.43374E-04,  -1.88750E+02,    1.59187E+02
  26,     2,  3,  7,  8,  -4.14819E-04,  -3.76483E+02,    1.56172E+02
  27,     2,  3,  8,  11,  -2.26939E-04,  -6.61094E+02,    1.50028E+02
  28,     2,  3,  11,  9,  -1.36964E-04,  -1.05727E+03,    1.44808E+02
  29,     2,  3,  9,  12,  -1.49180E-04,  -9.31507E+02,    1.38962E+02
  30,     1,  4,  11,  9,  -4.41743E-04,  -3.23541E+02,    1.42922E+02
  31,     1,  4,  9,  12,  -4.74328E-04,  -2.92622E+02,    1.38799E+02
  32,     2,  4,  8,  11,  -6.47635E-04,  -2.40496E+02,    1.55754E+02
  33,     2,  4,  11,  13,  -5.90523E-04,  -2.47591E+02,    1.46208E+02
  34,     3,  4,  5,  6,  -7.34943E-03,  -1.89345E+01,    1.39158E+02
  35,     3,  4,  6,  7,  -2.04459E-03,  -7.55681E+01,    1.54506E+02
  36,     3,  4,  7,  8,  -8.41844E-04,  -1.88369E+02,    1.58577E+02
  37,     3,  4,  8,  11,  -4.12361E-04,  -3.78011E+02,    1.55877E+02
  38,     3,  4,  11,  9,  -2.20821E-04,  -6.61094E+02,    1.45983E+02
  39,     3,  4,  9,  13,  -1.35305E-04,  -1.05473E+03,    1.42710E+02
  40,     3,  4,  13,  10,  -1.50014E-04,  -9.33490E+02,    1.40037E+02
  41,     0,  5,  13,  12,  -3.58272E-04,  -3.87334E+02,    1.38771E+02
  42,     2,  5,  9,  13,  -4.52693E-04,  -3.22327E+02,    1.45915E+02
  43,     3,  5,  11,  9,  -6.28811E-04,  -2.39877E+02,    1.50837E+02
  44,     3,  5,  9,  12,  -5.88546E-04,  -2.47019E+02,    1.45382E+02
  45,     4,  5,  6,  7,  -7.14854E-03,  -1.88072E+01,    1.34444E+02
  46,     4,  5,  7,  8,  -2.04833E-03,  -7.50599E+01,    1.53748E+02
  47,     4,  5,  8,  11,  -8.39709E-04,  -1.88369E+02,    1.58175E+02
  48,     4,  5,  11,  9,  -4.03159E-04,  -3.76483E+02,    1.51783E+02
  49,     4,  5,  9,  13,  -2.25356E-04,  -6.57028E+02,    1.48065E+02
  50,     4,  5,  13,  12,  -1.36128E-04,  -1.05473E+03,    1.43578E+02
  51,     3,  6,  13,  12,  -4.45533E-04,  -3.23541E+02,    1.44148E+02
  52,     4,  6,  9,  13,  -6.42708E-04,  -2.39340E+02,    1.53825E+02
  53,     5,  6,  7,  8,  -7.37576E-03,  -1.88072E+01,    1.38718E+02
  54,     5,  6,  8,  11,  -2.09293E-03,  -7.55681E+01,    1.58159E+02
  55,     5,  6,  11,  9,  -8.33436E-04,  -1.88750E+02,    1.57311E+02
  56,     5,  6,  9,  13,  -4.05594E-04,  -3.76483E+02,    1.52699E+02
  57,     5,  6,  13,  12,  -2.23011E-04,  -6.61094E+02,    1.47431E+02
  58,     5,  6,  12,  10,  -1.37091E-04,  -1.05727E+03,    1.44943E+02
  59,     5,  7,  13,  12,  -6.38576E-04,  -2.40496E+02,    1.53575E+02
  60,     6,  7,  8,  11,  -7.21422E-03,  -1.89345E+01,    1.36598E+02
  61,     6,  7,  11,  9,  -2.03874E-03,  -7.55681E+01,    1.54064E+02
  62,     6,  7,  9,  13,  -8.41457E-04,  -1.88369E+02,    1.58504E+02
  63,     6,  7,  13,  12,  -4.11944E-04,  -3.78011E+02,    1.55719E+02
  64,     6,  7,  12,  10,  -2.27946E-04,  -6.61094E+02,    1.50694E+02
  65,     7,  8,  11,  9,  -7.37363E-03,  -1.88072E+01,    1.38677E+02
  66,     7,  8,  9,  13,  -2.05858E-03,  -7.50599E+01,    1.54517E+02
  67,     7,  8,  13,  12,  -8.50648E-04,  -1.88369E+02,    1.60236E+02
  68,     7,  8,  12,  10,  -4.12657E-04,  -3.76483E+02,    1.55359E+02
  69,     8,  11,  9,  13,  -7.21495E-03,  -1.88072E+01,    1.35693E+02
  70,     8,  11,  13,  12,  -2.07935E-03,  -7.55681E+01,    1.57133E+02
  71,     8,  11,  12,  10,  -8.19541E-04,  -1.88750E+02,    1.54689E+02
  72,     11,  9,  13,  12,  -7.32014E-03,  -1.89345E+01,    1.38604E+02
  73,     11,  9,  12,  10,  -2.03641E-03,  -7.55681E+01,    1.53888E+02
  74,     9,  13,  12,  10,  -7.42240E-03,  -1.88072E+01,    1.39595E+02

;------ OUTPUT OF DATA AND MODEL OF ALL ITERATIONS ------

;------ Iteration  0
;-Index  V/I_Meas      V/I_Calc    VI_%ERR
  1,   -7.33086E+00,  -7.71133E+00,   5.19
  2,   -8.31511E+00,  -8.48122E+00,   2.00
  3,   -8.46223E+00,  -7.73125E+00,  -8.64
  4,   -8.13719E+00,  -7.99215E+00,  -1.78
  5,   -8.04920E+00,  -7.64406E+00,  -5.03
  6,   -7.63989E+00,  -8.07287E+00,   5.67
  7,   -7.30810E+00,  -6.84188E+00,  -6.38
  8,   -7.00779E+00,  -7.73543E+00,  10.38
  9,   -8.12135E+00,  -7.12191E+00,  -12.31
  10,   -7.79802E+00,  -8.12470E+00,   4.19
  11,   -7.24057E+00,  -7.50981E+00,   3.72
  12,   -7.31411E+00,  -6.49328E+00,  -11.22
  13,   -8.29256E+00,  -8.41231E+00,   1.44
  14,   -8.38375E+00,  -7.55251E+00,  -9.91
  15,   -8.26326E+00,  -8.74540E+00,   5.83
  16,   -7.72932E+00,  -7.09202E+00,  -8.25
  17,   -7.80323E+00,  -6.28871E+00,  -19.41
  18,   -7.35016E+00,  -8.28076E+00,  12.66
  19,   -7.87985E+00,  -7.21007E+00,  -8.50
  20,   -7.40886E+00,  -7.17012E+00,  -3.22
  21,   -8.16213E+00,  -6.62582E+00,  -18.82
  22,   -7.69178E+00,  -6.84270E+00,  -11.04
  23,   -7.42906E+00,  -6.76204E+00,  -8.98
  24,   -8.36365E+00,  -9.07154E+00,   8.46
  25,   -8.46414E+00,  -9.03447E+00,   6.74
  26,   -8.30383E+00,  -8.99012E+00,   8.26
  27,   -7.97715E+00,  -8.40233E+00,   5.33
  28,   -7.69960E+00,  -8.88299E+00,  15.37
  29,   -7.38876E+00,  -6.40907E+00,  -13.26
  30,   -7.59932E+00,  -8.72880E+00,  14.86
  31,   -7.38009E+00,  -7.44960E+00,   0.94
  32,   -8.28161E+00,  -8.85771E+00,   6.96
  33,   -7.77404E+00,  -8.12342E+00,   4.49
  34,   -7.39918E+00,  -6.27291E+00,  -15.22
  35,   -8.21525E+00,  -7.26464E+00,  -11.57
  36,   -8.43171E+00,  -8.13494E+00,  -3.52
  37,   -8.28815E+00,  -7.03004E+00,  -15.18
  38,   -7.76207E+00,  -7.17626E+00,  -7.55
  39,   -7.58804E+00,  -7.78537E+00,   2.60
  40,   -7.44592E+00,  -7.35245E+00,  -1.26
  41,   -7.37860E+00,  -7.40390E+00,   0.34
  42,   -7.75846E+00,  -7.57639E+00,  -2.35
  43,   -8.02017E+00,  -8.53170E+00,   6.38
  44,   -7.73012E+00,  -6.52532E+00,  -15.59
  45,   -7.14853E+00,  -6.41135E+00,  -10.31
  46,   -8.17495E+00,  -8.70919E+00,   6.54
  47,   -8.41033E+00,  -8.48113E+00,   0.84
  48,   -8.07047E+00,  -8.57174E+00,   6.21
  49,   -7.87278E+00,  -6.94399E+00,  -11.80
  50,   -7.63420E+00,  -7.99864E+00,   4.77
  51,   -7.66450E+00,  -7.55043E+00,  -1.49
  52,   -8.17904E+00,  -6.93795E+00,  -15.17
  53,   -7.37578E+00,  -7.35029E+00,  -0.35
  54,   -8.40948E+00,  -9.35666E+00,  11.26
  55,   -8.36439E+00,  -8.37533E+00,   0.13
  56,   -8.11917E+00,  -8.23455E+00,   1.42
  57,   -7.83906E+00,  -7.54138E+00,  -3.80
  58,   -7.70677E+00,  -9.00300E+00,  16.82
  59,   -8.16575E+00,  -8.34386E+00,   2.18
  60,   -7.26306E+00,  -7.13563E+00,  -1.75
  61,   -8.19175E+00,  -9.33855E+00,  14.00
  62,   -8.42783E+00,  -9.12960E+00,   8.33
  63,   -8.27975E+00,  -8.16319E+00,  -1.41
  64,   -8.01256E+00,  -6.46239E+00,  -19.35
  65,   -7.37360E+00,  -7.80821E+00,   5.89
  66,   -8.21583E+00,  -7.41512E+00,  -9.75
  67,   -8.51992E+00,  -8.87391E+00,   4.15
  68,   -8.26060E+00,  -8.95551E+00,   8.41
  69,   -7.21494E+00,  -6.69716E+00,  -7.18
  70,   -8.35493E+00,  -8.05103E+00,  -3.64
  71,   -8.22498E+00,  -8.31132E+00,   1.05
  72,   -7.36972E+00,  -7.18519E+00,  -2.50
  73,   -8.18239E+00,  -9.98073E+00,  21.98
  74,   -7.42242E+00,  -8.27020E+00,  11.42

;-Resistivity in Ohm-m in the elemental sequential order

  2.10727E+01  2.08891E+01  2.03761E+01  2.27476E+01  2.50720E+01
  2.22928E+01  2.20099E+01  2.57447E+01  2.24972E+01  2.11036E+01
  2.38026E+01  2.09570E+01  2.08274E+01  1.93910E+01  2.11716E+01
  2.55086E+01  2.36889E+01  2.43321E+01  2.11543E+01  2.24678E+01
  2.35004E+01  2.24862E+01  2.34210E+01  2.48410E+01  2.26814E+01
  2.29604E+01  2.39910E+01  2.03477E+01  1.82373E+01  2.29008E+01
  2.72646E+01  2.43581E+01  2.14058E+01  2.36328E+01  2.34640E+01
  2.48942E+01  2.36833E+01  2.23275E+01  2.46838E+01  2.44195E+01
  2.39260E+01  1.68295E+01  2.30315E+01  2.43805E+01  2.44783E+01
  2.34180E+01  2.30997E+01  2.64709E+01  2.70082E+01  2.33272E+01
  2.00276E+01  2.41970E+01  2.42836E+01  2.54449E+01  2.09194E+01
  2.26022E+01  2.58508E+01  2.40479E+01  2.31743E+01  2.36701E+01
  2.04633E+01  2.71566E+01  2.53710E+01  2.55658E+01  2.46723E+01
  2.29507E+01  2.31296E+01  2.26655E+01  2.00650E+01  2.67268E+01
  2.38809E+01  2.19832E+01  2.33821E+01  2.14101E+01  2.34354E+01
  2.27400E+01  2.32870E+01  2.23855E+01  2.23696E+01  2.28472E+01
  2.10864E+01  2.01937E+01  2.38420E+01  2.18070E+01  2.11742E+01
  2.37347E+01  2.32154E+01  2.36253E+01  2.43754E+01  2.36680E+01
  2.35284E+01  2.21513E+01  2.03601E+01  2.24887E+01  2.19932E+01
  2.44229E+01  2.14092E+01  1.99002E+01  2.09600E+01  2.33694E+01
  4.52076E+01  5.62787E+01  4.41509E+01  3.88193E+01  3.26457E+01
  4.89659E+01  4.59287E+01  5.38604E+01  4.28694E+01  4.48879E+01
  4.33571E+01  3.78851E+01  3.92669E+01  4.14532E+01  4.09119E+01
  3.93762E+01  4.71406E+01  4.17243E+01  4.35556E+01  4.98456E+01
  4.77542E+01  3.41882E+01  5.41819E+01  4.49808E+01  4.41128E+01
  5.15047E+01  5.07751E+01  3.94008E+01  4.65021E+01  4.65506E+01
  4.48264E+01  4.76206E+01  5.28771E+01  4.66527E+01  5.08003E+01
  3.80545E+01  4.60969E+01  5.37270E+01  4.02879E+01  3.42686E+01
  3.98665E+01  4.18488E+01  4.58784E+01  3.89008E+01  4.60830E+01
  4.40278E+01  3.78216E+01  5.47917E+01  4.59332E+01  4.54798E+01
  4.05649E+01  5.05214E+01  3.69406E+01  4.15296E+01  5.12994E+01
  5.11313E+01  4.59607E+01  4.10165E+01  4.09767E+01  4.54852E+01
  4.52741E+01  4.32209E+01  4.38386E+01  4.92253E+01  5.61290E+01
  5.19758E+01  5.73278E+01  3.78048E+01  4.13086E+01  4.00707E+01
  3.71949E+01  4.96136E+01  4.56539E+01  4.76807E+01  4.39600E+01
  4.32090E+01  5.19185E+01  4.48432E+01  3.63837E+01  4.24890E+01
  4.87591E+01  4.26571E+01  4.58953E+01  3.65599E+01  4.33181E+01
  4.69485E+01  4.80857E+01  4.14005E+01  4.36323E+01  4.40710E+01
  4.00050E+01  3.93340E+01  4.55631E+01  3.64906E+01  4.03854E+01
  5.24782E+01  4.73866E+01  4.16818E+01  5.04950E+01  5.12435E+01
  5.25291E+01  4.22428E+01  5.14056E+01  5.64620E+01  5.22793E+01
  3.88377E+01  4.54812E+01  4.58871E+01  4.69535E+01  4.04142E+01
  5.44290E+01  4.38434E+01  4.76059E+01  4.09232E+01  5.61269E+01
  4.85083E+01  3.31439E+01  5.07206E+01  5.06469E+01  4.74119E+01
  5.00734E+01  3.49283E+01  4.51226E+01  4.18769E+01  4.19941E+01
  4.89519E+01  5.42977E+01  5.34618E+01  5.92413E+01  4.86723E+01
  3.96286E+01  5.47285E+01  4.81910E+01  4.99292E+01  3.88755E+01
  1.05594E+02  7.23260E+01  9.98643E+01  1.00743E+02  8.80791E+01
  1.03652E+02  9.20449E+01  7.92273E+01  1.03805E+02  1.07335E+02
  8.18110E+01  8.69955E+01  9.70708E+01  9.44070E+01  7.73490E+01
  8.19488E+01  9.52449E+01  8.38167E+01  1.05009E+02  9.78708E+01
  7.83253E+01  6.53305E+01  1.07177E+02  8.56817E+01  6.42191E+01
  8.30179E+01  8.44143E+01  9.16891E+01  4.11373E+01  8.22538E+01
  7.38482E+01  1.08653E+02  9.13627E+01  8.31898E+01  7.47308E+01
  8.71971E+01  7.86853E+01  8.71002E+01  8.59842E+01  1.19074E+02
  1.05523E+02  7.64248E+01  8.84438E+01  8.44035E+01  1.06196E+02
  9.86956E+01  1.20015E+02  1.18179E+02  7.73509E+01  1.17705E+02
  1.08054E+02  7.46046E+01  1.25260E+02  9.81577E+01  1.03055E+02
  8.41804E+01  9.66363E+01  1.08359E+02  6.46084E+01  9.92560E+01
  9.84000E+01  1.18293E+02  7.78071E+01  9.96337E+01  8.70682E+01
  7.93959E+01  7.51347E+01  9.11037E+01  8.65432E+01  9.31388E+01
  7.86654E+01  7.93403E+01  8.00219E+01  1.13230E+02  1.18291E+02
  1.02457E+02  7.84907E+01  9.36178E+01  1.14285E+02  9.12700E+01
  8.15475E+01  1.17968E+02  6.96950E+01  1.21004E+02  9.76378E+01
  9.87170E+01  8.27748E+01  9.08529E+01  8.92719E+01  1.20228E+02
  1.01327E+02  6.75506E+01  6.00979E+01  9.32858E+01  9.72184E+01
  7.56668E+01  1.02121E+02  1.05106E+02  7.99808E+01  7.37823E+01
  8.51063E+01

;-Sensitivity in the elemental sequential order

  1.18873E-04  9.96468E-05  9.22642E-05  1.05704E-04  1.05354E-04
  1.04100E-04  1.07849E-04  1.03298E-04  9.04516E-05  1.06802E-04
  1.06864E-04  1.00538E-04  9.01514E-05  1.02636E-04  1.13855E-04
  1.03465E-04  1.09005E-04  7.46035E-05  9.32346E-05  9.24233E-05
  1.09742E-04  8.91513E-05  1.04795E-04  9.08413E-05  1.02633E-04
  9.99052E-05  8.80384E-05  1.01279E-04  1.15675E-04  8.77889E-05
  8.60560E-05  9.73340E-05  1.07559E-04  9.65091E-05  1.05973E-04
  8.98255E-05  9.97782E-05  1.04157E-04  8.83422E-05  9.25972E-05
  8.82083E-05  8.42348E-05  1.16402E-04  8.76733E-05  1.15865E-04
  1.07867E-04  1.16729E-04  1.04747E-04  1.16325E-04  1.13082E-04
  1.00297E-04  9.48452E-05  9.33067E-05  1.15512E-04  1.09773E-04
  1.09268E-04  1.15833E-04  1.08425E-04  1.04930E-04  9.65379E-05
  9.25565E-05  1.09183E-04  1.19279E-04  7.97409E-05  1.07799E-04
  1.05333E-04  1.11286E-04  1.00939E-04  1.04939E-04  9.58157E-05
  1.07630E-04  1.04988E-04  1.21706E-04  8.87255E-05

;------ Iteration  1
;-Index  V/I_Meas      V/I_Calc    VI_%ERR
  1,   -7.33086E+00,  -7.08971E+00,  -3.29
  2,   -8.31511E+00,  -8.17754E+00,  -1.65
  3,   -8.46223E+00,  -7.87027E+00,  -7.00
  4,   -8.13719E+00,  -8.05895E+00,  -0.96
  5,   -8.04920E+00,  -7.33727E+00,  -8.84
  6,   -7.63989E+00,  -7.93993E+00,   3.93
  7,   -7.30810E+00,  -7.52577E+00,   2.98
  8,   -7.00779E+00,  -6.69066E+00,  -4.53
  9,   -8.12135E+00,  -7.48988E+00,  -7.78
  10,   -7.79802E+00,  -8.25112E+00,   5.81
  11,   -7.24057E+00,  -7.57407E+00,   4.61
  12,   -7.31411E+00,  -6.83832E+00,  -6.51
  13,   -8.29256E+00,  -8.55504E+00,   3.17
  14,   -8.38375E+00,  -8.62038E+00,   2.82
  15,   -8.26326E+00,  -7.62941E+00,  -7.67
  16,   -7.72932E+00,  -7.75089E+00,   0.28
  17,   -7.80323E+00,  -8.34701E+00,   6.97
  18,   -7.35016E+00,  -6.90989E+00,  -5.99
  19,   -7.87985E+00,  -8.22719E+00,   4.41
  20,   -7.40886E+00,  -7.49220E+00,   1.12
  21,   -8.16213E+00,  -7.92133E+00,  -2.95
  22,   -7.69178E+00,  -7.79908E+00,   1.40
  23,   -7.42906E+00,  -7.65219E+00,   3.00
  24,   -8.36365E+00,  -8.16894E+00,  -2.33
  25,   -8.46414E+00,  -8.48620E+00,   0.26
  26,   -8.30383E+00,  -8.54022E+00,   2.85
  27,   -7.97715E+00,  -7.71036E+00,  -3.34
  28,   -7.69960E+00,  -8.22993E+00,   6.89
  29,   -7.38876E+00,  -7.77331E+00,   5.20
  30,   -7.59932E+00,  -7.76242E+00,   2.15
  31,   -7.38009E+00,  -7.06250E+00,  -4.30
  32,   -8.28161E+00,  -8.88338E+00,   7.27
  33,   -7.77404E+00,  -7.90026E+00,   1.62
  34,   -7.39918E+00,  -7.99931E+00,   8.11
  35,   -8.21525E+00,  -7.87165E+00,  -4.18
  36,   -8.43171E+00,  -8.10504E+00,  -3.87
  37,   -8.28815E+00,  -8.04341E+00,  -2.95
  38,   -7.76207E+00,  -8.68313E+00,  11.87
  39,   -7.58804E+00,  -7.96564E+00,   4.98
  40,   -7.44592E+00,  -7.56682E+00,   1.62
  41,   -7.37860E+00,  -7.62217E+00,   3.30
  42,   -7.75846E+00,  -8.31506E+00,   7.17
  43,   -8.02017E+00,  -7.97349E+00,  -0.58
  44,   -7.73012E+00,  -7.72285E+00,  -0.09
  45,   -7.14853E+00,  -7.34055E+00,   2.69
  46,   -8.17495E+00,  -8.28180E+00,   1.31
  47,   -8.41033E+00,  -8.89020E+00,   5.71
  48,   -8.07047E+00,  -8.96116E+00,  11.04
  49,   -7.87278E+00,  -7.94733E+00,   0.95
  50,   -7.63420E+00,  -7.84636E+00,   2.78
  51,   -7.66450E+00,  -7.08391E+00,  -7.58
  52,   -8.17904E+00,  -8.48359E+00,   3.72
  53,   -7.37578E+00,  -7.36460E+00,  -0.15
  54,   -8.40948E+00,  -8.38959E+00,  -0.24
  55,   -8.36439E+00,  -7.87153E+00,  -5.89
  56,   -8.11917E+00,  -7.94425E+00,  -2.15
  57,   -7.83906E+00,  -8.54038E+00,   8.95
  58,   -7.70677E+00,  -8.20668E+00,   6.49
  59,   -8.16575E+00,  -8.33689E+00,   2.10
  60,   -7.26306E+00,  -7.34763E+00,   1.16
  61,   -8.19175E+00,  -8.24837E+00,   0.69
  62,   -8.42783E+00,  -8.11645E+00,  -3.69
  63,   -8.27975E+00,  -8.62230E+00,   4.14
  64,   -8.01256E+00,  -8.04720E+00,   0.43
  65,   -7.37360E+00,  -7.44411E+00,   0.96
  66,   -8.21583E+00,  -8.51594E+00,   3.65
  67,   -8.51992E+00,  -9.34183E+00,   9.65
  68,   -8.26060E+00,  -8.34351E+00,   1.00
  69,   -7.21494E+00,  -7.46491E+00,   3.46
  70,   -8.35493E+00,  -8.23616E+00,  -1.42
  71,   -8.22498E+00,  -8.16239E+00,  -0.76
  72,   -7.36972E+00,  -7.93503E+00,   7.67
  73,   -8.18239E+00,  -8.69098E+00,   6.22
  74,   -7.42242E+00,  -7.69184E+00,   3.63

;-Resistivity in Ohm-m in the elemental sequential order

  4.11453E+01  4.07782E+01  3.97522E+01  4.44952E+01  4.91441E+01
  4.35855E+01  4.30199E+01  5.04895E+01  4.39944E+01  4.12072E+01
  4.66052E+01  4.09141E+01  4.06549E+01  3.77820E+01  4.13432E+01
  5.00173E+01  4.63778E+01  4.76642E+01  4.13086E+01  4.39356E+01
  4.60009E+01  4.39723E+01  4.58420E+01  4.86820E+01  4.43627E+01
  4.49209E+01  4.69820E+01  3.96954E+01  3.54745E+01  4.48016E+01
  5.35292E+01  4.77161E+01  4.18115E+01  4.62656E+01  4.59279E+01
  4.87884E+01  4.63666E+01  4.36551E+01  4.83676E+01  4.78390E+01
  4.68520E+01  3.26590E+01  4.50630E+01  4.77610E+01  4.79566E+01
  4.58360E+01  4.51994E+01  5.19418E+01  5.30163E+01  4.56544E+01
  3.90551E+01  4.73941E+01  4.75672E+01  4.98897E+01  4.08387E+01
  4.42043E+01  5.07017E+01  4.70958E+01  4.53485E+01  4.63403E+01
  3.99266E+01  5.33132E+01  4.97421E+01  5.01317E+01  4.83447E+01
  4.49014E+01  4.52592E+01  4.43310E+01  3.91300E+01  5.24536E+01
  4.67617E+01  4.29664E+01  4.57641E+01  4.18203E+01  4.58708E+01
  4.44799E+01  4.55740E+01  4.37710E+01  4.37392E+01  4.46945E+01
  4.11729E+01  3.93874E+01  4.66840E+01  4.26141E+01  4.13484E+01
  4.64693E+01  4.54309E+01  4.62505E+01  4.77507E+01  4.63360E+01
  4.60568E+01  4.33027E+01  3.97201E+01  4.39774E+01  4.29864E+01
  4.78457E+01  4.18184E+01  3.88005E+01  4.09199E+01  4.57387E+01
  8.94153E+01  1.11557E+02  8.73018E+01  7.66386E+01  6.42914E+01
  9.69318E+01  9.08573E+01  1.06721E+02  8.47388E+01  8.87757E+01
  8.57142E+01  7.47703E+01  7.75339E+01  8.19065E+01  8.08239E+01
  7.77524E+01  9.32811E+01  8.24486E+01  8.61112E+01  9.86911E+01
  9.45084E+01  6.73764E+01  1.07364E+02  8.89617E+01  8.72255E+01
  1.02009E+02  1.00550E+02  7.78016E+01  9.20041E+01  9.21011E+01
  8.86528E+01  9.42413E+01  1.04754E+02  9.23055E+01  1.00601E+02
  7.51089E+01  9.11939E+01  1.06454E+02  7.95758E+01  6.75372E+01
  7.87329E+01  8.26975E+01  9.07567E+01  7.68016E+01  9.11660E+01
  8.70555E+01  7.46433E+01  1.08583E+02  9.08664E+01  8.99596E+01
  8.01298E+01  1.00043E+02  7.28811E+01  8.20592E+01  1.01599E+02
  1.01263E+02  9.09215E+01  8.10331E+01  8.09533E+01  8.99705E+01
  8.95481E+01  8.54418E+01  8.66773E+01  9.74506E+01  1.11258E+02
  1.02952E+02  1.13656E+02  7.46096E+01  8.16172E+01  7.91415E+01
  7.33898E+01  9.82272E+01  9.03078E+01  9.43613E+01  8.69199E+01
  8.54181E+01  1.02837E+02  8.86864E+01  7.17673E+01  8.39780E+01
  9.65181E+01  8.43142E+01  9.07905E+01  7.21198E+01  8.56363E+01
  9.28969E+01  9.51714E+01  8.18009E+01  8.62647E+01  8.71421E+01
  7.90099E+01  7.76680E+01  9.01261E+01  7.19812E+01  7.97708E+01
  1.03956E+02  9.37732E+01  8.23635E+01  9.99899E+01  1.01487E+02
  1.04058E+02  8.34857E+01  1.01811E+02  1.11924E+02  1.03559E+02
  7.66754E+01  8.99624E+01  9.07743E+01  9.29070E+01  7.98284E+01
  1.07858E+02  8.66869E+01  9.42118E+01  8.08464E+01  1.11254E+02
  9.60166E+01  6.52879E+01  1.00441E+02  1.00294E+02  9.38237E+01
  9.91468E+01  6.88566E+01  8.92452E+01  8.27538E+01  8.29882E+01
  9.69038E+01  1.07595E+02  1.05924E+02  1.17483E+02  9.63446E+01
  7.82571E+01  1.08457E+02  9.53820E+01  9.88584E+01  7.67509E+01
  2.10189E+02  1.43652E+02  1.98729E+02  2.00486E+02  1.75158E+02
  2.06303E+02  1.83090E+02  1.57455E+02  2.06609E+02  2.13670E+02
  1.62622E+02  1.72991E+02  1.93142E+02  1.87814E+02  1.53698E+02
  1.62898E+02  1.89490E+02  1.66633E+02  2.09018E+02  1.94742E+02
  1.55651E+02  1.29661E+02  2.13354E+02  1.70363E+02  1.27438E+02
  1.65036E+02  1.67829E+02  1.82378E+02  8.12747E+01  1.63508E+02
  1.46696E+02  2.16305E+02  1.81725E+02  1.65380E+02  1.48462E+02
  1.73394E+02  1.56371E+02  1.73200E+02  1.70968E+02  2.37148E+02
  2.10046E+02  1.51850E+02  1.75888E+02  1.67807E+02  2.11391E+02
  1.96391E+02  2.39029E+02  2.35357E+02  1.53702E+02  2.34411E+02
  2.15107E+02  1.48209E+02  2.49520E+02  1.95315E+02  2.05111E+02
  1.67361E+02  1.92273E+02  2.15718E+02  1.28217E+02  1.97512E+02
  1.95800E+02  2.35586E+02  1.54614E+02  1.98267E+02  1.73136E+02
  1.57792E+02  1.49269E+02  1.81207E+02  1.72086E+02  1.85278E+02
  1.56331E+02  1.57681E+02  1.59044E+02  2.25461E+02  2.35582E+02
  2.03913E+02  1.55981E+02  1.86236E+02  2.27570E+02  1.81540E+02
  1.62095E+02  2.34936E+02  1.38390E+02  2.41008E+02  1.94276E+02
  1.96434E+02  1.64550E+02  1.80706E+02  1.77544E+02  2.39457E+02
  2.01654E+02  1.34101E+02  1.19196E+02  1.85572E+02  1.93437E+02
  1.50334E+02  2.03241E+02  2.09213E+02  1.58962E+02  1.46565E+02
  1.69213E+02

;-Sensitivity in the elemental sequential order

  1.09116E-04  1.09968E-04  1.01504E-04  1.20783E-04  9.63198E-05
  7.97352E-05  9.05815E-05  1.10810E-04  8.29738E-05  8.43478E-05
  1.06921E-04  9.71557E-05  1.02958E-04  1.05272E-04  1.10061E-04
  9.91462E-05  1.01844E-04  9.25824E-05  1.08751E-04  9.55711E-05
  8.95631E-05  1.00906E-04  1.04352E-04  1.12554E-04  9.30685E-05
  8.65380E-05  1.04501E-04  9.99061E-05  8.41040E-05  8.74156E-05
  8.84188E-05  9.69394E-05  1.09910E-04  9.09867E-05  1.04579E-04
  9.15429E-05  8.92729E-05  9.65445E-05  1.16020E-04  1.05900E-04
  1.07485E-04  9.52694E-05  9.74108E-05  9.83568E-05  9.82724E-05
  1.21512E-04  1.04291E-04  1.22804E-04  1.00991E-04  9.86233E-05
  1.01810E-04  1.03408E-04  9.42778E-05  8.10638E-05  9.16021E-05
  9.00594E-05  8.42553E-05  1.05435E-04  1.09377E-04  1.02705E-04
  9.34633E-05  1.03315E-04  7.54594E-05  7.96083E-05  1.02640E-04
  1.08907E-04  9.91176E-05  1.10290E-04  1.01915E-04  9.57429E-05
  1.04016E-04  1.01215E-04  1.10846E-04  1.01814E-04

;------ Iteration  2
;-Index  V/I_Meas      V/I_Calc    VI_%ERR
  1,   -7.33086E+00,  -7.29971E+00,  -0.42
  2,   -8.31511E+00,  -8.72562E+00,   4.94
  3,   -8.46223E+00,  -8.66723E+00,   2.42
  4,   -8.13719E+00,  -8.25679E+00,   1.47
  5,   -8.04920E+00,  -8.07707E+00,   0.35
  6,   -7.63989E+00,  -7.87731E+00,   3.11
  7,   -7.30810E+00,  -6.78036E+00,  -7.22
  8,   -7.00779E+00,  -7.03677E+00,   0.41
  9,   -8.12135E+00,  -8.33205E+00,   2.59
  10,   -7.79802E+00,  -7.83349E+00,   0.45
  11,   -7.24057E+00,  -7.10545E+00,  -1.87
  12,   -7.31411E+00,  -7.48500E+00,   2.34
  13,   -8.29256E+00,  -7.95745E+00,  -4.04
  14,   -8.38375E+00,  -8.21752E+00,  -1.98
  15,   -8.26326E+00,  -8.77234E+00,   6.16
  16,   -7.72932E+00,  -7.54518E+00,  -2.38
  17,   -7.80323E+00,  -7.29161E+00,  -6.56
  18,   -7.35016E+00,  -7.49901E+00,   2.03
  19,   -7.87985E+00,  -8.09141E+00,   2.68
  20,   -7.40886E+00,  -7.15356E+00,  -3.45
  21,   -8.16213E+00,  -7.84327E+00,  -3.91
  22,   -7.69178E+00,  -7.59988E+00,  -1.19
  23,   -7.42906E+00,  -7.62087E+00,   2.58
  24,   -8.36365E+00,  -8.22752E+00,  -1.63
  25,   -8.46414E+00,  -8.38217E+00,  -0.97
  26,   -8.30383E+00,  -8.08836E+00,  -2.59
  27,   -7.97715E+00,  -8.19114E+00,   2.68
  28,   -7.69960E+00,  -7.68536E+00,  -0.18
  29,   -7.38876E+00,  -7.40757E+00,   0.25
  30,   -7.59932E+00,  -7.47402E+00,  -1.65
  31,   -7.38009E+00,  -7.11195E+00,  -3.63
  32,   -8.28161E+00,  -7.95760E+00,  -3.91
  33,   -7.77404E+00,  -7.89626E+00,   1.57
  34,   -7.39918E+00,  -7.26565E+00,  -1.80
  35,   -8.21525E+00,  -8.25689E+00,   0.51
  36,   -8.43171E+00,  -8.79343E+00,   4.29
  37,   -8.28815E+00,  -8.31758E+00,   0.36
  38,   -7.76207E+00,  -8.02900E+00,   3.44
  39,   -7.58804E+00,  -7.80469E+00,   2.86
  40,   -7.44592E+00,  -7.29074E+00,  -2.08
  41,   -7.37860E+00,  -7.47009E+00,   1.24
  42,   -7.75846E+00,  -7.87954E+00,   1.56
  43,   -8.02017E+00,  -8.21138E+00,   2.38
  44,   -7.73012E+00,  -7.76854E+00,   0.50
  45,   -7.14853E+00,  -7.13299E+00,  -0.22
  46,   -8.17495E+00,  -8.18037E+00,   0.07
  47,   -8.41033E+00,  -8.23215E+00,  -2.12
  48,   -8.07047E+00,  -8.41591E+00,   4.28
  49,   -7.87278E+00,  -8.05775E+00,   2.35
  50,   -7.63420E+00,  -7.73067E+00,   1.26
  51,   -7.66450E+00,  -7.66595E+00,   0.02
  52,   -8.17904E+00,  -7.62029E+00,  -6.83
  53,   -7.37578E+00,  -7.33424E+00,  -0.56
  54,   -8.40948E+00,  -8.49741E+00,   1.05
  55,   -8.36439E+00,  -8.05910E+00,  -3.65
  56,   -8.11917E+00,  -8.00488E+00,  -1.41
  57,   -7.83906E+00,  -7.34759E+00,  -6.27
  58,   -7.70677E+00,  -8.20755E+00,   6.50
  59,   -8.16575E+00,  -8.00766E+00,  -1.94
  60,   -7.26306E+00,  -7.22633E+00,  -0.51
  61,   -8.19175E+00,  -8.11415E+00,  -0.95
  62,   -8.42783E+00,  -8.33469E+00,  -1.11
  63,   -8.27975E+00,  -8.41378E+00,   1.62
  64,   -8.01256E+00,  -8.17225E+00,   1.99
  65,   -7.37360E+00,  -7.10631E+00,  -3.62
  66,   -8.21583E+00,  -7.64561E+00,  -6.94
  67,   -8.51992E+00,  -8.10335E+00,  -4.89
  68,   -8.26060E+00,  -8.34354E+00,   1.00
  69,   -7.21494E+00,  -7.17115E+00,  -0.61
  70,   -8.35493E+00,  -8.24670E+00,  -1.30
  71,   -8.22498E+00,  -8.24465E+00,   0.24
  72,   -7.36972E+00,  -7.59471E+00,   3.05
  73,   -8.18239E+00,  -8.60484E+00,   5.16
  74,   -7.42242E+00,  -7.55085E+00,   1.73

;-Resistivity in Ohm-m in the elemental sequential order

  6.12180E+01  6.06672E+01  5.91283E+01  6.62428E+01  7.32161E+01
  6.48783E+01  6.40298E+01  7.52342E+01  6.54916E+01  6.13109E+01
  6.94078E+01  6.08711E+01  6.04823E+01  5.61730E+01  6.15148E+01
  7.45259E+01  6.90667E+01  7.09963E+01  6.14629E+01  6.54034E+01
  6.85013E+01  6.54585E+01  6.82631E+01  7.25231E+01  6.60441E+01
  6.68813E+01  6.99730E+01  5.90432E+01  5.27118E+01  6.67025E+01
  7.97939E+01  7.10742E+01  6.22173E+01  6.88984E+01  6.83919E+01
  7.26826E+01  6.90499E+01  6.49826E+01  7.20514E+01  7.12585E+01
  6.97779E+01  4.84885E+01  6.70945E+01  7.11415E+01  7.14348E+01
  6.82541E+01  6.72991E+01  7.74127E+01  7.90245E+01  6.79816E+01
  5.80827E+01  7.05911E+01  7.08508E+01  7.43346E+01  6.07581E+01
  6.58065E+01  7.55525E+01  7.01438E+01  6.75228E+01  6.90104E+01
  5.93899E+01  7.94697E+01  7.41131E+01  7.46975E+01  7.20170E+01
  6.68522E+01  6.73888E+01  6.59964E+01  5.81951E+01  7.81803E+01
  6.96426E+01  6.39496E+01  6.81462E+01  6.22304E+01  6.83062E+01
  6.62199E+01  6.78610E+01  6.51564E+01  6.51088E+01  6.65417E+01
  6.12593E+01  5.85811E+01  6.95259E+01  6.34211E+01  6.15227E+01
  6.92040E+01  6.76463E+01  6.88758E+01  7.11261E+01  6.90041E+01
  6.85852E+01  6.44540E+01  5.90802E+01  6.54661E+01  6.39796E+01
  7.12686E+01  6.22277E+01  5.77007E+01  6.08799E+01  6.81081E+01
  1.33623E+02  1.66836E+02  1.30453E+02  1.14458E+02  9.59370E+01
  1.44898E+02  1.35786E+02  1.59581E+02  1.26608E+02  1.32664E+02
  1.28071E+02  1.11655E+02  1.15801E+02  1.22360E+02  1.20736E+02
  1.16129E+02  1.39422E+02  1.23173E+02  1.28667E+02  1.47537E+02
  1.41263E+02  1.00565E+02  1.60546E+02  1.32943E+02  1.30338E+02
  1.52514E+02  1.50325E+02  1.16202E+02  1.37506E+02  1.37652E+02
  1.32479E+02  1.40862E+02  1.56631E+02  1.37958E+02  1.50401E+02
  1.12163E+02  1.36291E+02  1.59181E+02  1.18864E+02  1.00806E+02
  1.17599E+02  1.23546E+02  1.35635E+02  1.14702E+02  1.36249E+02
  1.30083E+02  1.11465E+02  1.62375E+02  1.35800E+02  1.34439E+02
  1.19695E+02  1.49564E+02  1.08822E+02  1.22589E+02  1.51898E+02
  1.51394E+02  1.35882E+02  1.21050E+02  1.20930E+02  1.34456E+02
  1.33822E+02  1.27663E+02  1.29516E+02  1.45676E+02  1.66387E+02
  1.53927E+02  1.69983E+02  1.11414E+02  1.21926E+02  1.18212E+02
  1.09585E+02  1.46841E+02  1.34962E+02  1.41042E+02  1.29880E+02
  1.27627E+02  1.53756E+02  1.32530E+02  1.07151E+02  1.25467E+02
  1.44277E+02  1.25971E+02  1.35686E+02  1.07680E+02  1.27954E+02
  1.38845E+02  1.42257E+02  1.22201E+02  1.28897E+02  1.30213E+02
  1.18015E+02  1.16002E+02  1.34689E+02  1.07472E+02  1.19156E+02
  1.55435E+02  1.40160E+02  1.23045E+02  1.49485E+02  1.51730E+02
  1.55587E+02  1.24729E+02  1.52217E+02  1.67386E+02  1.54838E+02
  1.14513E+02  1.34444E+02  1.35661E+02  1.38861E+02  1.19243E+02
  1.61287E+02  1.29530E+02  1.40818E+02  1.20770E+02  1.66381E+02
  1.43525E+02  9.74318E+01  1.50162E+02  1.49941E+02  1.40236E+02
  1.48220E+02  1.02785E+02  1.33368E+02  1.23631E+02  1.23982E+02
  1.44856E+02  1.60893E+02  1.58386E+02  1.75724E+02  1.44017E+02
  1.16886E+02  1.62186E+02  1.42573E+02  1.47788E+02  1.14626E+02
  3.14783E+02  2.14978E+02  2.97593E+02  3.00229E+02  2.62237E+02
  3.08955E+02  2.74135E+02  2.35682E+02  3.09414E+02  3.20005E+02
  2.43433E+02  2.58986E+02  2.89212E+02  2.81221E+02  2.30047E+02
  2.43846E+02  2.83735E+02  2.49450E+02  3.13027E+02  2.91612E+02
  2.32976E+02  1.93991E+02  3.19531E+02  2.55045E+02  1.90657E+02
  2.47054E+02  2.51243E+02  2.73067E+02  1.21412E+02  2.44761E+02
  2.19545E+02  3.23958E+02  2.72088E+02  2.47569E+02  2.22192E+02
  2.59591E+02  2.34056E+02  2.59301E+02  2.55953E+02  3.55222E+02
  3.14570E+02  2.27275E+02  2.63331E+02  2.51210E+02  3.16587E+02
  2.94087E+02  3.58044E+02  3.52536E+02  2.30053E+02  3.51116E+02
  3.22161E+02  2.21814E+02  3.73781E+02  2.92473E+02  3.07166E+02
  2.50541E+02  2.87909E+02  3.23077E+02  1.91825E+02  2.95768E+02
  2.93200E+02  3.52879E+02  2.31421E+02  2.96901E+02  2.59205E+02
  2.36188E+02  2.23404E+02  2.71311E+02  2.57630E+02  2.77417E+02
  2.33996E+02  2.36021E+02  2.38066E+02  3.37691E+02  3.52873E+02
  3.05370E+02  2.33472E+02  2.78853E+02  3.40855E+02  2.71810E+02
  2.42642E+02  3.51905E+02  2.07085E+02  3.61011E+02  2.90913E+02
  2.94151E+02  2.46325E+02  2.70559E+02  2.65816E+02  3.58685E+02
  3.01982E+02  2.00652E+02  1.78294E+02  2.77857E+02  2.89655E+02
  2.25000E+02  3.04362E+02  3.13319E+02  2.37942E+02  2.19347E+02
  2.53319E+02

;-Sensitivity in the elemental sequential order

  1.16428E-04  1.07936E-04  1.06598E-04  8.36773E-05  1.22366E-04
  9.52499E-05  1.07772E-04  9.56086E-05  9.12700E-05  1.05784E-04
  1.19818E-04  1.02276E-04  1.05304E-04  8.67729E-05  8.17698E-05
  1.05932E-04  8.56757E-05  9.06386E-05  1.08115E-04  1.07980E-04
  1.02627E-04  7.95063E-05  9.29959E-05  9.16402E-05  9.77129E-05
  1.02016E-04  1.07317E-04  7.94880E-05  9.42502E-05  6.95269E-05
  1.17206E-04  9.29795E-05  1.09175E-04  9.53691E-05  8.94419E-05
  1.06646E-04  1.08213E-04  8.61724E-05  1.02339E-04  1.10918E-04
  9.10886E-05  1.07533E-04  1.02738E-04  1.04838E-04  1.01269E-04
  1.06909E-04  8.40249E-05  1.02281E-04  9.50074E-05  1.00629E-04
  1.12304E-04  1.03071E-04  1.01075E-04  1.03372E-04  8.40217E-05
  1.08081E-04  1.02563E-04  9.53429E-05  1.16250E-04  9.51739E-05
  1.09460E-04  9.90271E-05  9.58861E-05  1.08624E-04  9.78561E-05
  9.56678E-05  9.00750E-05  1.01689E-04  6.64228E-05  9.26880E-05
  8.85266E-05  9.88454E-05  1.15676E-04  1.00770E-04

;------ Iteration  3
;-Index  V/I_Meas      V/I_Calc    VI_%ERR
  1,   -7.33086E+00,  -7.69438E+00,   4.96
  2,   -8.31511E+00,  -8.56766E+00,   3.04
  3,   -8.46223E+00,  -8.29901E+00,  -1.93
  4,   -8.13719E+00,  -8.10720E+00,  -0.37
  5,   -8.04920E+00,  -7.99383E+00,  -0.69
  6,   -7.63989E+00,  -7.67028E+00,   0.40
  7,   -7.30810E+00,  -7.04705E+00,  -3.57
  8,   -7.00779E+00,  -7.47722E+00,   6.70
  9,   -8.12135E+00,  -8.18078E+00,   0.73
  10,   -7.79802E+00,  -7.58222E+00,  -2.77
  11,   -7.24057E+00,  -6.95800E+00,  -3.90
  12,   -7.31411E+00,  -7.44444E+00,   1.78
  13,   -8.29256E+00,  -8.05318E+00,  -2.89
  14,   -8.38375E+00,  -8.63854E+00,   3.04
  15,   -8.26326E+00,  -8.14969E+00,  -1.37
  16,   -7.72932E+00,  -7.53639E+00,  -2.50
  17,   -7.80323E+00,  -7.78090E+00,  -0.29
  18,   -7.35016E+00,  -7.07119E+00,  -3.80
  19,   -7.87985E+00,  -7.84435E+00,  -0.45
  20,   -7.40886E+00,  -7.38094E+00,  -0.38
  21,   -8.16213E+00,  -7.96773E+00,  -2.38
  22,   -7.69178E+00,  -7.98261E+00,   3.78
  23,   -7.42906E+00,  -7.37394E+00,  -0.74
  24,   -8.36365E+00,  -8.36784E+00,   0.05
  25,   -8.46414E+00,  -8.47615E+00,   0.14
  26,   -8.30383E+00,  -8.31853E+00,   0.18
  27,   -7.97715E+00,  -7.97154E+00,  -0.07
  28,   -7.69960E+00,  -7.63180E+00,  -0.88
  29,   -7.38876E+00,  -7.21685E+00,  -2.33
  30,   -7.59932E+00,  -7.86816E+00,   3.54
  31,   -7.38009E+00,  -7.45864E+00,   1.06
  32,   -8.28161E+00,  -8.29651E+00,   0.18
  33,   -7.77404E+00,  -7.75363E+00,  -0.26
  34,   -7.39918E+00,  -7.67673E+00,   3.75
  35,   -8.21525E+00,  -8.51436E+00,   3.64
  36,   -8.43171E+00,  -8.65070E+00,   2.60
  37,   -8.28815E+00,  -8.42561E+00,   1.66
  38,   -7.76207E+00,  -7.74927E+00,  -0.16
  39,   -7.58804E+00,  -7.59003E+00,   0.03
  40,   -7.44592E+00,  -7.53481E+00,   1.19
  41,   -7.37860E+00,  -7.47242E+00,   1.27
  42,   -7.75846E+00,  -7.43434E+00,  -4.18
  43,   -8.02017E+00,  -8.20131E+00,   2.26
  44,   -7.73012E+00,  -7.62533E+00,  -1.36
  45,   -7.14853E+00,  -6.96769E+00,  -2.53
  46,   -8.17495E+00,  -8.28224E+00,   1.31
  47,   -8.41033E+00,  -8.32326E+00,  -1.04
  48,   -8.07047E+00,  -7.73534E+00,  -4.15
  49,   -7.87278E+00,  -7.80597E+00,  -0.85
  50,   -7.63420E+00,  -7.67424E+00,   0.52
  51,   -7.66450E+00,  -7.85821E+00,   2.53
  52,   -8.17904E+00,  -7.93326E+00,  -3.00
  53,   -7.37578E+00,  -7.68370E+00,   4.17
  54,   -8.40948E+00,  -7.94035E+00,  -5.58
  55,   -8.36439E+00,  -8.18454E+00,  -2.15
  56,   -8.11917E+00,  -7.72598E+00,  -4.84
  57,   -7.83906E+00,  -7.79064E+00,  -0.62
  58,   -7.70677E+00,  -7.61243E+00,  -1.22
  59,   -8.16575E+00,  -7.86753E+00,  -3.65
  60,   -7.26306E+00,  -7.30072E+00,   0.52
  61,   -8.19175E+00,  -8.20527E+00,   0.17
  62,   -8.42783E+00,  -8.47109E+00,   0.51
  63,   -8.27975E+00,  -8.43736E+00,   1.90
  64,   -8.01256E+00,  -8.19657E+00,   2.30
  65,   -7.37360E+00,  -7.27053E+00,  -1.40
  66,   -8.21583E+00,  -7.97993E+00,  -2.87
  67,   -8.51992E+00,  -8.23434E+00,  -3.35
  68,   -8.26060E+00,  -8.26260E+00,   0.02
  69,   -7.21494E+00,  -7.17063E+00,  -0.61
  70,   -8.35493E+00,  -8.47377E+00,   1.42
  71,   -8.22498E+00,  -8.04223E+00,  -2.22
  72,   -7.36972E+00,  -7.74547E+00,   5.10
  73,   -8.18239E+00,  -8.30281E+00,   1.47
  74,   -7.42242E+00,  -7.57773E+00,   2.09

;-Resistivity in Ohm-m in the elemental sequential order

  8.12907E+01  8.05563E+01  7.85044E+01  8.79904E+01  9.72882E+01
  8.61711E+01  8.50398E+01  9.99789E+01  8.69888E+01  8.14145E+01
  9.22104E+01  8.08282E+01  8.03097E+01  7.45640E+01  8.16864E+01
  9.90346E+01  9.17556E+01  9.43284E+01  8.16173E+01  8.68712E+01
  9.10017E+01  8.69447E+01  9.06841E+01  9.63641E+01  8.77255E+01
  8.88418E+01  9.29640E+01  7.83909E+01  6.99490E+01  8.86033E+01
  1.06058E+02  9.44322E+01  8.26230E+01  9.15312E+01  9.08558E+01
  9.65768E+01  9.17332E+01  8.63102E+01  9.57352E+01  9.46781E+01
  9.27039E+01  6.43179E+01  8.91260E+01  9.45220E+01  9.49131E+01
  9.06721E+01  8.93988E+01  1.02884E+02  1.05033E+02  9.03088E+01
  7.71102E+01  9.37881E+01  9.41345E+01  9.87794E+01  8.06774E+01
  8.74087E+01  1.00403E+02  9.31917E+01  8.96971E+01  9.16805E+01
  7.88532E+01  1.05626E+02  9.84842E+01  9.92633E+01  9.56893E+01
  8.88029E+01  8.95185E+01  8.76619E+01  7.72601E+01  1.03907E+02
  9.25235E+01  8.49328E+01  9.05283E+01  8.26405E+01  9.07416E+01
  8.79598E+01  9.01480E+01  8.65419E+01  8.64784E+01  8.83890E+01
  8.13458E+01  7.77748E+01  9.23679E+01  8.42281E+01  8.16969E+01
  9.19386E+01  8.98617E+01  9.15011E+01  9.45015E+01  9.16721E+01
  9.11136E+01  8.56053E+01  7.84403E+01  8.69547E+01  8.49728E+01
  9.46915E+01  8.26369E+01  7.66010E+01  8.08399E+01  9.04774E+01
  1.77831E+02  2.22115E+02  1.73604E+02  1.52277E+02  1.27583E+02
  1.92864E+02  1.80715E+02  2.12442E+02  1.68478E+02  1.76551E+02
  1.70428E+02  1.48541E+02  1.54068E+02  1.62813E+02  1.60648E+02
  1.54505E+02  1.85562E+02  1.63897E+02  1.71222E+02  1.96382E+02
  1.88017E+02  1.33753E+02  2.13728E+02  1.76923E+02  1.73451E+02
  2.03019E+02  2.00101E+02  1.54603E+02  1.83008E+02  1.83202E+02
  1.76306E+02  1.87483E+02  2.08508E+02  1.83611E+02  2.00201E+02
  1.49218E+02  1.81388E+02  2.11908E+02  1.58152E+02  1.34074E+02
  1.56466E+02  1.64395E+02  1.80513E+02  1.52603E+02  1.81332E+02
  1.73111E+02  1.48287E+02  2.16167E+02  1.80733E+02  1.78919E+02
  1.59260E+02  1.99085E+02  1.44762E+02  1.63118E+02  2.02197E+02
  2.01525E+02  1.80843E+02  1.61066E+02  1.60907E+02  1.78941E+02
  1.78096E+02  1.69884E+02  1.72355E+02  1.93901E+02  2.21516E+02
  2.04903E+02  2.26311E+02  1.48219E+02  1.62234E+02  1.57283E+02
  1.45780E+02  1.95454E+02  1.79616E+02  1.87723E+02  1.72840E+02
  1.69836E+02  2.04674E+02  1.76373E+02  1.42535E+02  1.66956E+02
  1.92036E+02  1.67628E+02  1.80581E+02  1.43240E+02  1.70273E+02
  1.84794E+02  1.89343E+02  1.62602E+02  1.71529E+02  1.73284E+02
  1.57020E+02  1.54336E+02  1.79252E+02  1.42962E+02  1.58542E+02
  2.06913E+02  1.86546E+02  1.63727E+02  1.98980E+02  2.01974E+02
  2.07117E+02  1.65971E+02  2.02622E+02  2.22848E+02  2.06117E+02
  1.52351E+02  1.78925E+02  1.80549E+02  1.84814E+02  1.58657E+02
  2.14716E+02  1.72374E+02  1.87424E+02  1.60693E+02  2.21508E+02
  1.91033E+02  1.29576E+02  1.99882E+02  1.99587E+02  1.86647E+02
  1.97294E+02  1.36713E+02  1.77490E+02  1.64508E+02  1.64976E+02
  1.92808E+02  2.14191E+02  2.10847E+02  2.33965E+02  1.91689E+02
  1.55514E+02  2.15914E+02  1.89764E+02  1.96717E+02  1.52502E+02
  4.19378E+02  2.86304E+02  3.96457E+02  3.99972E+02  3.49316E+02
  4.11607E+02  3.65180E+02  3.13909E+02  4.12219E+02  4.26339E+02
  3.24244E+02  3.44982E+02  3.85283E+02  3.74628E+02  3.06396E+02
  3.24795E+02  3.77980E+02  3.32267E+02  4.17036E+02  3.88483E+02
  3.10301E+02  2.58322E+02  4.25708E+02  3.39727E+02  2.53876E+02
  3.29072E+02  3.34657E+02  3.63757E+02  1.61549E+02  3.26015E+02
  2.92393E+02  4.31611E+02  3.62451E+02  3.29759E+02  2.95923E+02
  3.45788E+02  3.11741E+02  3.45401E+02  3.40937E+02  4.73297E+02
  4.19093E+02  3.02699E+02  3.50775E+02  3.34614E+02  4.21782E+02
  3.91782E+02  4.77059E+02  4.69715E+02  3.06404E+02  4.67821E+02
  4.29214E+02  2.95418E+02  4.98041E+02  3.89631E+02  4.09222E+02
  3.33722E+02  3.83545E+02  4.30435E+02  2.55434E+02  3.94024E+02
  3.90600E+02  4.70172E+02  3.08228E+02  3.95535E+02  3.45273E+02
  3.14584E+02  2.97539E+02  3.61415E+02  3.43173E+02  3.69555E+02
  3.11661E+02  3.14361E+02  3.17088E+02  4.49921E+02  4.70163E+02
  4.06826E+02  3.10963E+02  3.71471E+02  4.54140E+02  3.62080E+02
  3.23190E+02  4.68873E+02  2.75780E+02  4.81015E+02  3.87551E+02
  3.91868E+02  3.28099E+02  3.60412E+02  3.54088E+02  4.77914E+02
  4.02309E+02  2.67202E+02  2.37392E+02  3.70143E+02  3.85874E+02
  2.99667E+02  4.05483E+02  4.17425E+02  3.16923E+02  2.92129E+02
  3.37425E+02

;-Sensitivity in the elemental sequential order

  9.07360E-05  1.00085E-04  1.05785E-04  1.09406E-04  1.00477E-04
  1.07420E-04  9.05216E-05  9.62428E-05  9.40411E-05  9.04799E-05
  1.01324E-04  9.18150E-05  9.55515E-05  9.76992E-05  1.09091E-04
  1.07944E-04  9.30395E-05  9.97366E-05  9.28639E-05  1.06094E-04
  9.92737E-05  9.14634E-05  1.10938E-04  1.03057E-04  1.08782E-04
  6.39793E-05  1.06646E-04  9.89678E-05  1.13054E-04  8.10098E-05
  8.50165E-05  1.13570E-04  9.12361E-05  8.88257E-05  1.07125E-04
  1.12548E-04  1.02113E-04  1.18585E-04  1.17824E-04  1.16463E-04
  9.96544E-05  1.05383E-04  1.10790E-04  8.92361E-05  9.81918E-05
  8.50939E-05  1.17555E-04  9.33316E-05  1.02631E-04  9.37317E-05
  1.08236E-04  1.03803E-04  1.01325E-04  1.24683E-04  1.13396E-04
  8.40279E-05  8.73733E-05  1.00060E-04  7.62111E-05  9.77687E-05
  1.03850E-04  9.66618E-05  9.96492E-05  8.44116E-05  9.40814E-05
  9.65517E-05  1.00746E-04  1.13994E-04  9.13379E-05  1.21917E-04
  8.89722E-05  9.81497E-05  9.98315E-05  8.66215E-05

;------ INVERSION SUMMARY ------
Final iteration: 4
Final RMS error: 35.468%
Convergence: No

End of EarthImager 2D inversion results